New log file opened at Fri Jul 08 01:30:37 BRT 2016 by 6380@DESKTOP-S6G56J7
Sending msg to client play-fork-run-43ae9021-e9aa-4329-936e-f40955ae970f: DetachedLogEvent(LogMessage(debug,sbt server socket logs are in: C:\Users\AB\Desktop\Projetos\Scala\activator-dist-1.3.9\bin\chess-template\.sbtserver\connections\master.log))
Sending msg to client play-fork-run-43ae9021-e9aa-4329-936e-f40955ae970f: DetachedLogEvent(LogMessage(debug,sbt general server logs are in: C:\Users\AB\Desktop\Projetos\Scala\activator-dist-1.3.9\bin\chess-template\.sbtserver\master.log))
Sending msg to client play-fork-run-43ae9021-e9aa-4329-936e-f40955ae970f: DetachedLogEvent(LogMessage(debug,sbt client logs are in: C:\Users\AB\Desktop\Projetos\Scala\activator-dist-1.3.9\bin\chess-template\.sbtserver\connections\play-fork-run-43ae9021-e9aa-4329-936e-f40955ae970f.log))
Reading next message from client.
Got request: DaemonRequest(true)
Reading next message from client.
Sending msg to client play-fork-run-43ae9021-e9aa-4329-936e-f40955ae970f: (3,ReceivedResponse())
Got request: ListenToEvents()
Reading next message from client.
Sending msg to client play-fork-run-43ae9021-e9aa-4329-936e-f40955ae970f: BackgroundJobStarted(132,BackgroundJobInfo(4,backgroundRun,AttributeKey[sbt.BackgroundJobHandle]("backgroundRun") in Scope(Build: file:/C:/Users/AB/Desktop/Projetos/Scala/activator-dist-1.3.9/bin/chess-template/, , Project: ProjectReference(file:/C:/Users/AB/Desktop/Projetos/Scala/activator-dist-1.3.9/bin/chess-template/,root), Config: compile)))
Sending msg to client play-fork-run-43ae9021-e9aa-4329-936e-f40955ae970f: BackgroundJobStarted(40,BackgroundJobInfo(1,backgroundRun,AttributeKey[sbt.BackgroundJobHandle]("backgroundRun") in Scope(Build: file:/C:/Users/AB/Desktop/Projetos/Scala/activator-dist-1.3.9/bin/chess-template/, , Project: ProjectReference(file:/C:/Users/AB/Desktop/Projetos/Scala/activator-dist-1.3.9/bin/chess-template/,root), Config: compile)))
Sending msg to client play-fork-run-43ae9021-e9aa-4329-936e-f40955ae970f: (4,ReceivedResponse())
Got request: KeyLookupRequest(root/playForkConfig)
Reading next message from client.
Sending msg to client play-fork-run-43ae9021-e9aa-4329-936e-f40955ae970f: (5,KeyLookupResponse(root/playForkConfig,Vector(AttributeKey[play.forkrun.protocol.ForkConfig]("playForkConfig") in Scope(Build: file:/C:/Users/AB/Desktop/Projetos/Scala/activator-dist-1.3.9/bin/chess-template/, , Project: ProjectReference(file:/C:/Users/AB/Desktop/Projetos/Scala/activator-dist-1.3.9/bin/chess-template/,root)))))
Got request: ListenToValue(AttributeKey[play.forkrun.protocol.ForkConfig]("playForkConfig") in Scope(Build: file:/C:/Users/AB/Desktop/Projetos/Scala/activator-dist-1.3.9/bin/chess-template/, , Project: ProjectReference(file:/C:/Users/AB/Desktop/Projetos/Scala/activator-dist-1.3.9/bin/chess-template/,root)))
Reading next message from client.
Sending msg to client play-fork-run-43ae9021-e9aa-4329-936e-f40955ae970f: (6,ReceivedResponse())
Got request: KeyExecutionRequest(AttributeKey[play.forkrun.protocol.ForkConfig]("playForkConfig") in Scope(Build: file:/C:/Users/AB/Desktop/Projetos/Scala/activator-dist-1.3.9/bin/chess-template/, , Project: ProjectReference(file:/C:/Users/AB/Desktop/Projetos/Scala/activator-dist-1.3.9/bin/chess-template/,root)))
Reading next message from client.
Sending msg to client play-fork-run-43ae9021-e9aa-4329-936e-f40955ae970f: (7,ExecutionRequestReceived(133))
Sending msg to client play-fork-run-43ae9021-e9aa-4329-936e-f40955ae970f: ExecutionWaiting(133,{file:/C:/Users/AB/Desktop/Projetos/Scala/activator-dist-1.3.9/bin/chess-template/}root/*:playForkConfig,ClientInfo(43ae9021-e9aa-4329-936e-f40955ae970f,play-fork-run,Play Fork Run,1,Vector()))
Sending msg to client play-fork-run-43ae9021-e9aa-4329-936e-f40955ae970f: ExecutionStarting(133)
Sending msg to client play-fork-run-43ae9021-e9aa-4329-936e-f40955ae970f: DetachedLogEvent(LogMessage(debug,> {file:/C:/Users/AB/Desktop/Projetos/Scala/activator-dist-1.3.9/bin/chess-template/}root/*:playForkConfig))
Sending msg to client play-fork-run-43ae9021-e9aa-4329-936e-f40955ae970f: DetachedLogEvent(LogMessage(debug,Evaluating tasks: *:playForkConfig))
Sending msg to client play-fork-run-43ae9021-e9aa-4329-936e-f40955ae970f: DetachedLogEvent(LogMessage(debug,Running task... Cancel: sbt.server.ServerTaskCancellation@47d892d5, check cycles: false))
Sending msg to client play-fork-run-43ae9021-e9aa-4329-936e-f40955ae970f: DetachedLogEvent(LogMessage(debug,cancel strategy start enabled=true lastCommand=Some(LastCommand(CommandExecutionWork(ExecutionId(133),{file:/C:/Users/AB/Desktop/Projetos/Scala/activator-dist-1.3.9/bin/chess-template/}root/*:playForkConfig,Set(LiveClient(play-fork-run 43ae9021-e9aa-4329-936e-f40955ae970f)),sbt.server.WorkCancellationStatus$$anon$1@5a6e9e6e)))))
Sending msg to client play-fork-run-43ae9021-e9aa-4329-936e-f40955ae970f: TaskStarted(133,17892,None)
Sending msg to client play-fork-run-43ae9021-e9aa-4329-936e-f40955ae970f: TaskStarted(133,17894,None)
Sending msg to client play-fork-run-43ae9021-e9aa-4329-936e-f40955ae970f: TaskStarted(133,17895,None)
Sending msg to client play-fork-run-43ae9021-e9aa-4329-936e-f40955ae970f: TaskStarted(133,17897,None)
Sending msg to client play-fork-run-43ae9021-e9aa-4329-936e-f40955ae970f: TaskStarted(133,17898,None)
Sending msg to client play-fork-run-43ae9021-e9aa-4329-936e-f40955ae970f: TaskStarted(133,17902,Some(AttributeKey[java.lang.String]("updateCacheName") in Scope(Build: file:/C:/Users/AB/Desktop/Projetos/Scala/activator-dist-1.3.9/bin/chess-template/, , Project: ProjectReference(file:/C:/Users/AB/Desktop/Projetos/Scala/activator-dist-1.3.9/bin/chess-template/,root))))
Sending msg to client play-fork-run-43ae9021-e9aa-4329-936e-f40955ae970f: TaskStarted(133,17903,Some(AttributeKey[boolean]("skip") in Scope(Global)))
Sending msg to client play-fork-run-43ae9021-e9aa-4329-936e-f40955ae970f: TaskStarted(133,17911,Some(AttributeKey[scala.collection.Seq[sbt.Credentials]]("credentials") in Scope(Global)))
Sending msg to client play-fork-run-43ae9021-e9aa-4329-936e-f40955ae970f: TaskStarted(133,17919,Some(AttributeKey[scala.Option[scala.collection.Seq[sbt.Resolver]]]("bootResolvers") in Scope(Build: file:/C:/Users/AB/Desktop/Projetos/Scala/activator-dist-1.3.9/bin/chess-template/, , Project: ProjectReference(file:/C:/Users/AB/Desktop/Projetos/Scala/activator-dist-1.3.9/bin/chess-template/,root))))
Sending msg to client play-fork-run-43ae9021-e9aa-4329-936e-f40955ae970f: TaskStarted(133,17920,Some(AttributeKey[scala.collection.Seq[sbt.Resolver]]("externalResolvers") in Scope(Build: file:/C:/Users/AB/Desktop/Projetos/Scala/activator-dist-1.3.9/bin/chess-template/, , Project: ProjectReference(file:/C:/Users/AB/Desktop/Projetos/Scala/activator-dist-1.3.9/bin/chess-template/,root))))
Sending msg to client play-fork-run-43ae9021-e9aa-4329-936e-f40955ae970f: TaskStarted(133,17923,None)
Sending msg to client play-fork-run-43ae9021-e9aa-4329-936e-f40955ae970f: TaskStarted(133,17932,None)
Sending msg to client play-fork-run-43ae9021-e9aa-4329-936e-f40955ae970f: TaskStarted(133,17938,None)
Sending msg to client play-fork-run-43ae9021-e9aa-4329-936e-f40955ae970f: TaskStarted(133,17939,Some(AttributeKey[scala.collection.Seq[java.lang.String]]("javaOptions") in Scope(Global)))
Sending msg to client play-fork-run-43ae9021-e9aa-4329-936e-f40955ae970f: TaskStarted(133,17941,Some(AttributeKey[scala.Tuple2[java.lang.String,java.io.File]]("playPrefixAndAssets") in Scope(Build: file:/C:/Users/AB/Desktop/Projetos/Scala/activator-dist-1.3.9/bin/chess-template/, , Project: ProjectReference(file:/C:/Users/AB/Desktop/Projetos/Scala/activator-dist-1.3.9/bin/chess-template/,root))))
Sending msg to client play-fork-run-43ae9021-e9aa-4329-936e-f40955ae970f: TaskFinished(133,17895,None,true,None)
Sending msg to client play-fork-run-43ae9021-e9aa-4329-936e-f40955ae970f: TaskFinished(133,17892,None,true,None)
Sending msg to client play-fork-run-43ae9021-e9aa-4329-936e-f40955ae970f: TaskStarted(133,17891,None)
Sending msg to client play-fork-run-43ae9021-e9aa-4329-936e-f40955ae970f: TaskStarted(133,17901,None)
Sending msg to client play-fork-run-43ae9021-e9aa-4329-936e-f40955ae970f: TaskStarted(133,17912,None)
Sending msg to client play-fork-run-43ae9021-e9aa-4329-936e-f40955ae970f: TaskStarted(133,17914,None)
Sending msg to client play-fork-run-43ae9021-e9aa-4329-936e-f40955ae970f: TaskStarted(133,17918,None)
Sending msg to client play-fork-run-43ae9021-e9aa-4329-936e-f40955ae970f: TaskStarted(133,17927,None)
Sending msg to client play-fork-run-43ae9021-e9aa-4329-936e-f40955ae970f: TaskStarted(133,17934,None)
Sending msg to client play-fork-run-43ae9021-e9aa-4329-936e-f40955ae970f: TaskStarted(133,17936,None)
Sending msg to client play-fork-run-43ae9021-e9aa-4329-936e-f40955ae970f: TaskFinished(133,17897,None,true,None)
Sending msg to client play-fork-run-43ae9021-e9aa-4329-936e-f40955ae970f: TaskFinished(133,17894,None,true,None)
Sending msg to client play-fork-run-43ae9021-e9aa-4329-936e-f40955ae970f: TaskStarted(133,17909,Some(AttributeKey[sbt.BuildStructure]("buildStructure") in Scope(Global)))
Sending msg to client play-fork-run-43ae9021-e9aa-4329-936e-f40955ae970f: TaskStarted(133,17921,Some(AttributeKey[java.io.File]("dependencyCacheDirectory") in Scope(Build: file:/C:/Users/AB/Desktop/Projetos/Scala/activator-dist-1.3.9/bin/chess-template/, , Project: ProjectReference(file:/C:/Users/AB/Desktop/Projetos/Scala/activator-dist-1.3.9/bin/chess-template/,root))))
Sending msg to client play-fork-run-43ae9021-e9aa-4329-936e-f40955ae970f: TaskStarted(133,17944,Some(AttributeKey[scala.collection.Seq[java.lang.String]]("playMonitoredFiles") in Scope(Build: file:/C:/Users/AB/Desktop/Projetos/Scala/activator-dist-1.3.9/bin/chess-template/, , Project: ProjectReference(file:/C:/Users/AB/Desktop/Projetos/Scala/activator-dist-1.3.9/bin/chess-template/,root))))
Sending msg to client play-fork-run-43ae9021-e9aa-4329-936e-f40955ae970f: TaskFinished(133,17902,Some(AttributeKey[java.lang.String]("updateCacheName") in Scope(Build: file:/C:/Users/AB/Desktop/Projetos/Scala/activator-dist-1.3.9/bin/chess-template/, , Project: ProjectReference(file:/C:/Users/AB/Desktop/Projetos/Scala/activator-dist-1.3.9/bin/chess-template/,root))),true,None)
Sending msg to client play-fork-run-43ae9021-e9aa-4329-936e-f40955ae970f: TaskFinished(133,17903,Some(AttributeKey[boolean]("skip") in Scope(Global)),true,None)
Sending msg to client play-fork-run-43ae9021-e9aa-4329-936e-f40955ae970f: TaskFinished(133,17911,Some(AttributeKey[scala.collection.Seq[sbt.Credentials]]("credentials") in Scope(Global)),true,None)
Sending msg to client play-fork-run-43ae9021-e9aa-4329-936e-f40955ae970f: TaskFinished(133,17919,Some(AttributeKey[scala.Option[scala.collection.Seq[sbt.Resolver]]]("bootResolvers") in Scope(Build: file:/C:/Users/AB/Desktop/Projetos/Scala/activator-dist-1.3.9/bin/chess-template/, , Project: ProjectReference(file:/C:/Users/AB/Desktop/Projetos/Scala/activator-dist-1.3.9/bin/chess-template/,root))),true,None)
Sending msg to client play-fork-run-43ae9021-e9aa-4329-936e-f40955ae970f: TaskFinished(133,17920,Some(AttributeKey[scala.collection.Seq[sbt.Resolver]]("externalResolvers") in Scope(Build: file:/C:/Users/AB/Desktop/Projetos/Scala/activator-dist-1.3.9/bin/chess-template/, , Project: ProjectReference(file:/C:/Users/AB/Desktop/Projetos/Scala/activator-dist-1.3.9/bin/chess-template/,root))),true,None)
Sending msg to client play-fork-run-43ae9021-e9aa-4329-936e-f40955ae970f: TaskFinished(133,17923,None,true,None)
Sending msg to client play-fork-run-43ae9021-e9aa-4329-936e-f40955ae970f: TaskFinished(133,17932,None,true,None)
Sending msg to client play-fork-run-43ae9021-e9aa-4329-936e-f40955ae970f: TaskFinished(133,17938,None,true,None)
Sending msg to client play-fork-run-43ae9021-e9aa-4329-936e-f40955ae970f: TaskFinished(133,17939,Some(AttributeKey[scala.collection.Seq[java.lang.String]]("javaOptions") in Scope(Global)),true,None)
Sending msg to client play-fork-run-43ae9021-e9aa-4329-936e-f40955ae970f: TaskStarted(133,17937,Some(AttributeKey[scala.collection.Seq[java.lang.String]]("javaOptions") in Scope(Build: file:/C:/Users/AB/Desktop/Projetos/Scala/activator-dist-1.3.9/bin/chess-template/, )))
Sending msg to client play-fork-run-43ae9021-e9aa-4329-936e-f40955ae970f: TaskFinished(133,17941,Some(AttributeKey[scala.Tuple2[java.lang.String,java.io.File]]("playPrefixAndAssets") in Scope(Build: file:/C:/Users/AB/Desktop/Projetos/Scala/activator-dist-1.3.9/bin/chess-template/, , Project: ProjectReference(file:/C:/Users/AB/Desktop/Projetos/Scala/activator-dist-1.3.9/bin/chess-template/,root))),true,None)
Sending msg to client play-fork-run-43ae9021-e9aa-4329-936e-f40955ae970f: TaskStarted(133,17943,None)
Sending msg to client play-fork-run-43ae9021-e9aa-4329-936e-f40955ae970f: TaskFinished(133,17891,None,true,None)
Sending msg to client play-fork-run-43ae9021-e9aa-4329-936e-f40955ae970f: TaskFinished(133,17898,None,true,None)
Sending msg to client play-fork-run-43ae9021-e9aa-4329-936e-f40955ae970f: TaskStarted(133,17896,Some(AttributeKey[scala.collection.Seq[sbt.UpdateReport]]("transitiveUpdate") in Scope(Build: file:/C:/Users/AB/Desktop/Projetos/Scala/activator-dist-1.3.9/bin/chess-template/, , Project: ProjectReference(file:/C:/Users/AB/Desktop/Projetos/Scala/activator-dist-1.3.9/bin/chess-template/,root))))
Sending msg to client play-fork-run-43ae9021-e9aa-4329-936e-f40955ae970f: TaskFinished(133,17901,None,true,None)
Sending msg to client play-fork-run-43ae9021-e9aa-4329-936e-f40955ae970f: TaskStarted(133,17900,Some(AttributeKey[scala.collection.immutable.Map[sbt.ModuleID,sbt.SourcePosition]]("dependencyPositions") in Scope(Build: file:/C:/Users/AB/Desktop/Projetos/Scala/activator-dist-1.3.9/bin/chess-template/, , Project: ProjectReference(file:/C:/Users/AB/Desktop/Projetos/Scala/activator-dist-1.3.9/bin/chess-template/,root))))
Sending msg to client play-fork-run-43ae9021-e9aa-4329-936e-f40955ae970f: TaskFinished(133,17918,None,true,None)
Sending msg to client play-fork-run-43ae9021-e9aa-4329-936e-f40955ae970f: TaskFinished(133,17927,None,true,None)
Sending msg to client play-fork-run-43ae9021-e9aa-4329-936e-f40955ae970f: TaskFinished(133,17914,None,true,None)
Sending msg to client play-fork-run-43ae9021-e9aa-4329-936e-f40955ae970f: TaskFinished(133,17934,None,true,None)
Sending msg to client play-fork-run-43ae9021-e9aa-4329-936e-f40955ae970f: TaskFinished(133,17936,None,true,None)
Sending msg to client play-fork-run-43ae9021-e9aa-4329-936e-f40955ae970f: TaskFinished(133,17912,None,true,None)
Sending msg to client play-fork-run-43ae9021-e9aa-4329-936e-f40955ae970f: TaskFinished(133,17909,Some(AttributeKey[sbt.BuildStructure]("buildStructure") in Scope(Global)),true,None)
Sending msg to client play-fork-run-43ae9021-e9aa-4329-936e-f40955ae970f: TaskStarted(133,17908,Some(AttributeKey[sbt.Settings[sbt.Scope]]("settingsData") in Scope(Global)))
Sending msg to client play-fork-run-43ae9021-e9aa-4329-936e-f40955ae970f: TaskFinished(133,17944,Some(AttributeKey[scala.collection.Seq[java.lang.String]]("playMonitoredFiles") in Scope(Build: file:/C:/Users/AB/Desktop/Projetos/Scala/activator-dist-1.3.9/bin/chess-template/, , Project: ProjectReference(file:/C:/Users/AB/Desktop/Projetos/Scala/activator-dist-1.3.9/bin/chess-template/,root))),true,None)
Sending msg to client play-fork-run-43ae9021-e9aa-4329-936e-f40955ae970f: TaskFinished(133,17943,None,true,None)
Sending msg to client play-fork-run-43ae9021-e9aa-4329-936e-f40955ae970f: TaskStarted(133,17942,None)
Sending msg to client play-fork-run-43ae9021-e9aa-4329-936e-f40955ae970f: TaskFinished(133,17937,Some(AttributeKey[scala.collection.Seq[java.lang.String]]("javaOptions") in Scope(Build: file:/C:/Users/AB/Desktop/Projetos/Scala/activator-dist-1.3.9/bin/chess-template/, )),true,None)
Sending msg to client play-fork-run-43ae9021-e9aa-4329-936e-f40955ae970f: TaskFinished(133,17921,Some(AttributeKey[java.io.File]("dependencyCacheDirectory") in Scope(Build: file:/C:/Users/AB/Desktop/Projetos/Scala/activator-dist-1.3.9/bin/chess-template/, , Project: ProjectReference(file:/C:/Users/AB/Desktop/Projetos/Scala/activator-dist-1.3.9/bin/chess-template/,root))),true,None)
Sending msg to client play-fork-run-43ae9021-e9aa-4329-936e-f40955ae970f: TaskFinished(133,17896,Some(AttributeKey[scala.collection.Seq[sbt.UpdateReport]]("transitiveUpdate") in Scope(Build: file:/C:/Users/AB/Desktop/Projetos/Scala/activator-dist-1.3.9/bin/chess-template/, , Project: ProjectReference(file:/C:/Users/AB/Desktop/Projetos/Scala/activator-dist-1.3.9/bin/chess-template/,root))),true,None)
Sending msg to client play-fork-run-43ae9021-e9aa-4329-936e-f40955ae970f: TaskFinished(133,17908,Some(AttributeKey[sbt.Settings[sbt.Scope]]("settingsData") in Scope(Global)),true,None)
Sending msg to client play-fork-run-43ae9021-e9aa-4329-936e-f40955ae970f: TaskStarted(133,17907,Some(AttributeKey[scala.collection.Seq[sbt.ModuleID]]("projectDependencies") in Scope(Build: file:/C:/Users/AB/Desktop/Projetos/Scala/activator-dist-1.3.9/bin/chess-template/, , Project: ProjectReference(file:/C:/Users/AB/Desktop/Projetos/Scala/activator-dist-1.3.9/bin/chess-template/,root))))
Sending msg to client play-fork-run-43ae9021-e9aa-4329-936e-f40955ae970f: TaskStarted(133,17917,Some(AttributeKey[scala.collection.immutable.Map[org.apache.ivy.core.module.id.ModuleRevisionId,org.apache.ivy.core.module.descriptor.ModuleDescriptor]]("projectDescriptors") in Scope(Build: file:/C:/Users/AB/Desktop/Projetos/Scala/activator-dist-1.3.9/bin/chess-template/, , Project: ProjectReference(file:/C:/Users/AB/Desktop/Projetos/Scala/activator-dist-1.3.9/bin/chess-template/,root))))
Sending msg to client play-fork-run-43ae9021-e9aa-4329-936e-f40955ae970f: TaskStarted(133,17922,None)
Sending msg to client play-fork-run-43ae9021-e9aa-4329-936e-f40955ae970f: TaskStarted(133,17935,None)
Sending msg to client play-fork-run-43ae9021-e9aa-4329-936e-f40955ae970f: TaskFinished(133,17942,None,true,None)
Sending msg to client play-fork-run-43ae9021-e9aa-4329-936e-f40955ae970f: TaskStarted(133,17940,Some(AttributeKey[scala.collection.Seq[scala.Tuple2[java.lang.String,java.io.File]]]("playAllAssets") in Scope(Build: file:/C:/Users/AB/Desktop/Projetos/Scala/activator-dist-1.3.9/bin/chess-template/, , Project: ProjectReference(file:/C:/Users/AB/Desktop/Projetos/Scala/activator-dist-1.3.9/bin/chess-template/,root))))
Sending msg to client play-fork-run-43ae9021-e9aa-4329-936e-f40955ae970f: TaskStarted(133,17945,None)
Sending msg to client play-fork-run-43ae9021-e9aa-4329-936e-f40955ae970f: TaskFinished(133,17907,Some(AttributeKey[scala.collection.Seq[sbt.ModuleID]]("projectDependencies") in Scope(Build: file:/C:/Users/AB/Desktop/Projetos/Scala/activator-dist-1.3.9/bin/chess-template/, , Project: ProjectReference(file:/C:/Users/AB/Desktop/Projetos/Scala/activator-dist-1.3.9/bin/chess-template/,root))),true,None)
Sending msg to client play-fork-run-43ae9021-e9aa-4329-936e-f40955ae970f: TaskStarted(133,17906,Some(AttributeKey[scala.collection.Seq[sbt.ModuleID]]("allDependencies") in Scope(Build: file:/C:/Users/AB/Desktop/Projetos/Scala/activator-dist-1.3.9/bin/chess-template/, , Project: ProjectReference(file:/C:/Users/AB/Desktop/Projetos/Scala/activator-dist-1.3.9/bin/chess-template/,root))))
Sending msg to client play-fork-run-43ae9021-e9aa-4329-936e-f40955ae970f: TaskStarted(133,17950,None)
Sending msg to client play-fork-run-43ae9021-e9aa-4329-936e-f40955ae970f: TaskStarted(133,17952,None)
Sending msg to client play-fork-run-43ae9021-e9aa-4329-936e-f40955ae970f: TaskStarted(133,17953,None)
Sending msg to client play-fork-run-43ae9021-e9aa-4329-936e-f40955ae970f: TaskStarted(133,17955,None)
Sending msg to client play-fork-run-43ae9021-e9aa-4329-936e-f40955ae970f: TaskStarted(133,17956,None)
Sending msg to client play-fork-run-43ae9021-e9aa-4329-936e-f40955ae970f: TaskStarted(133,17958,None)
Sending msg to client play-fork-run-43ae9021-e9aa-4329-936e-f40955ae970f: TaskFinished(133,17940,Some(AttributeKey[scala.collection.Seq[scala.Tuple2[java.lang.String,java.io.File]]]("playAllAssets") in Scope(Build: file:/C:/Users/AB/Desktop/Projetos/Scala/activator-dist-1.3.9/bin/chess-template/, , Project: ProjectReference(file:/C:/Users/AB/Desktop/Projetos/Scala/activator-dist-1.3.9/bin/chess-template/,root))),true,None)
Sending msg to client play-fork-run-43ae9021-e9aa-4329-936e-f40955ae970f: TaskFinished(133,17945,None,true,None)
Sending msg to client play-fork-run-43ae9021-e9aa-4329-936e-f40955ae970f: TaskFinished(133,17922,None,true,None)
Sending msg to client play-fork-run-43ae9021-e9aa-4329-936e-f40955ae970f: TaskFinished(133,17906,Some(AttributeKey[scala.collection.Seq[sbt.ModuleID]]("allDependencies") in Scope(Build: file:/C:/Users/AB/Desktop/Projetos/Scala/activator-dist-1.3.9/bin/chess-template/, , Project: ProjectReference(file:/C:/Users/AB/Desktop/Projetos/Scala/activator-dist-1.3.9/bin/chess-template/,root))),true,None)
Sending msg to client play-fork-run-43ae9021-e9aa-4329-936e-f40955ae970f: TaskStarted(133,17905,Some(AttributeKey[sbt.ModuleSettings]("moduleSettings") in Scope(Build: file:/C:/Users/AB/Desktop/Projetos/Scala/activator-dist-1.3.9/bin/chess-template/, , Project: ProjectReference(file:/C:/Users/AB/Desktop/Projetos/Scala/activator-dist-1.3.9/bin/chess-template/,root))))
Sending msg to client play-fork-run-43ae9021-e9aa-4329-936e-f40955ae970f: TaskFinished(133,17950,None,true,None)
Sending msg to client play-fork-run-43ae9021-e9aa-4329-936e-f40955ae970f: TaskStarted(133,17949,None)
Sending msg to client play-fork-run-43ae9021-e9aa-4329-936e-f40955ae970f: TaskFinished(133,17952,None,true,None)
Sending msg to client play-fork-run-43ae9021-e9aa-4329-936e-f40955ae970f: TaskFinished(133,17953,None,true,None)
Sending msg to client play-fork-run-43ae9021-e9aa-4329-936e-f40955ae970f: TaskStarted(133,17951,Some(AttributeKey[scala.collection.Seq[sbt.Attributed[java.io.File]]]("unmanagedJars") in Scope(Build: file:/C:/Users/AB/Desktop/Projetos/Scala/activator-dist-1.3.9/bin/chess-template/, , Project: ProjectReference(file:/C:/Users/AB/Desktop/Projetos/Scala/activator-dist-1.3.9/bin/chess-template/,root), Config: compile)))
Sending msg to client play-fork-run-43ae9021-e9aa-4329-936e-f40955ae970f: TaskFinished(133,17955,None,true,None)
Sending msg to client play-fork-run-43ae9021-e9aa-4329-936e-f40955ae970f: TaskFinished(133,17956,None,true,None)
Sending msg to client play-fork-run-43ae9021-e9aa-4329-936e-f40955ae970f: TaskStarted(133,17954,Some(AttributeKey[scala.collection.Seq[sbt.Attributed[java.io.File]]]("unmanagedJars") in Scope(Build: file:/C:/Users/AB/Desktop/Projetos/Scala/activator-dist-1.3.9/bin/chess-template/, , Project: ProjectReference(file:/C:/Users/AB/Desktop/Projetos/Scala/activator-dist-1.3.9/bin/chess-template/,root), Config: runtime)))
Sending msg to client play-fork-run-43ae9021-e9aa-4329-936e-f40955ae970f: TaskFinished(133,17958,None,true,None)
Sending msg to client play-fork-run-43ae9021-e9aa-4329-936e-f40955ae970f: TaskStarted(133,17957,None)
Sending msg to client play-fork-run-43ae9021-e9aa-4329-936e-f40955ae970f: TaskFinished(133,17905,Some(AttributeKey[sbt.ModuleSettings]("moduleSettings") in Scope(Build: file:/C:/Users/AB/Desktop/Projetos/Scala/activator-dist-1.3.9/bin/chess-template/, , Project: ProjectReference(file:/C:/Users/AB/Desktop/Projetos/Scala/activator-dist-1.3.9/bin/chess-template/,root))),true,None)
Sending msg to client play-fork-run-43ae9021-e9aa-4329-936e-f40955ae970f: TaskStarted(133,17959,None)
Sending msg to client play-fork-run-43ae9021-e9aa-4329-936e-f40955ae970f: TaskFinished(133,17951,Some(AttributeKey[scala.collection.Seq[sbt.Attributed[java.io.File]]]("unmanagedJars") in Scope(Build: file:/C:/Users/AB/Desktop/Projetos/Scala/activator-dist-1.3.9/bin/chess-template/, , Project: ProjectReference(file:/C:/Users/AB/Desktop/Projetos/Scala/activator-dist-1.3.9/bin/chess-template/,root), Config: compile)),true,None)
Sending msg to client play-fork-run-43ae9021-e9aa-4329-936e-f40955ae970f: TaskFinished(133,17954,Some(AttributeKey[scala.collection.Seq[sbt.Attributed[java.io.File]]]("unmanagedJars") in Scope(Build: file:/C:/Users/AB/Desktop/Projetos/Scala/activator-dist-1.3.9/bin/chess-template/, , Project: ProjectReference(file:/C:/Users/AB/Desktop/Projetos/Scala/activator-dist-1.3.9/bin/chess-template/,root), Config: runtime)),true,None)
Sending msg to client play-fork-run-43ae9021-e9aa-4329-936e-f40955ae970f: TaskFinished(133,17957,None,true,None)
Sending msg to client play-fork-run-43ae9021-e9aa-4329-936e-f40955ae970f: TaskFinished(133,17917,Some(AttributeKey[scala.collection.immutable.Map[org.apache.ivy.core.module.id.ModuleRevisionId,org.apache.ivy.core.module.descriptor.ModuleDescriptor]]("projectDescriptors") in Scope(Build: file:/C:/Users/AB/Desktop/Projetos/Scala/activator-dist-1.3.9/bin/chess-template/, , Project: ProjectReference(file:/C:/Users/AB/Desktop/Projetos/Scala/activator-dist-1.3.9/bin/chess-template/,root))),true,None)
Sending msg to client play-fork-run-43ae9021-e9aa-4329-936e-f40955ae970f: TaskStarted(133,17916,Some(AttributeKey[sbt.Resolver]("projectResolver") in Scope(Build: file:/C:/Users/AB/Desktop/Projetos/Scala/activator-dist-1.3.9/bin/chess-template/, , Project: ProjectReference(file:/C:/Users/AB/Desktop/Projetos/Scala/activator-dist-1.3.9/bin/chess-template/,root))))
Sending msg to client play-fork-run-43ae9021-e9aa-4329-936e-f40955ae970f: TaskFinished(133,17959,None,true,None)
Sending msg to client play-fork-run-43ae9021-e9aa-4329-936e-f40955ae970f: TaskFinished(133,17949,None,true,None)
Sending msg to client play-fork-run-43ae9021-e9aa-4329-936e-f40955ae970f: TaskStarted(133,17948,Some(AttributeKey[scala.collection.Seq[sbt.Attributed[java.io.File]]]("unmanagedJars") in Scope(Build: file:/C:/Users/AB/Desktop/Projetos/Scala/activator-dist-1.3.9/bin/chess-template/, , Project: ProjectReference(file:/C:/Users/AB/Desktop/Projetos/Scala/activator-dist-1.3.9/bin/chess-template/,root), Config: compile)))
Sending msg to client play-fork-run-43ae9021-e9aa-4329-936e-f40955ae970f: TaskFinished(133,17916,Some(AttributeKey[sbt.Resolver]("projectResolver") in Scope(Build: file:/C:/Users/AB/Desktop/Projetos/Scala/activator-dist-1.3.9/bin/chess-template/, , Project: ProjectReference(file:/C:/Users/AB/Desktop/Projetos/Scala/activator-dist-1.3.9/bin/chess-template/,root))),true,None)
Sending msg to client play-fork-run-43ae9021-e9aa-4329-936e-f40955ae970f: TaskStarted(133,17915,Some(AttributeKey[scala.collection.Seq[sbt.Resolver]]("fullResolvers") in Scope(Build: file:/C:/Users/AB/Desktop/Projetos/Scala/activator-dist-1.3.9/bin/chess-template/, , Project: ProjectReference(file:/C:/Users/AB/Desktop/Projetos/Scala/activator-dist-1.3.9/bin/chess-template/,root))))
Sending msg to client play-fork-run-43ae9021-e9aa-4329-936e-f40955ae970f: TaskFinished(133,17948,Some(AttributeKey[scala.collection.Seq[sbt.Attributed[java.io.File]]]("unmanagedJars") in Scope(Build: file:/C:/Users/AB/Desktop/Projetos/Scala/activator-dist-1.3.9/bin/chess-template/, , Project: ProjectReference(file:/C:/Users/AB/Desktop/Projetos/Scala/activator-dist-1.3.9/bin/chess-template/,root), Config: compile)),true,None)
Sending msg to client play-fork-run-43ae9021-e9aa-4329-936e-f40955ae970f: TaskStarted(133,17947,None)
Sending msg to client play-fork-run-43ae9021-e9aa-4329-936e-f40955ae970f: TaskFinished(133,17915,Some(AttributeKey[scala.collection.Seq[sbt.Resolver]]("fullResolvers") in Scope(Build: file:/C:/Users/AB/Desktop/Projetos/Scala/activator-dist-1.3.9/bin/chess-template/, , Project: ProjectReference(file:/C:/Users/AB/Desktop/Projetos/Scala/activator-dist-1.3.9/bin/chess-template/,root))),true,None)
Sending msg to client play-fork-run-43ae9021-e9aa-4329-936e-f40955ae970f: TaskStarted(133,17913,Some(AttributeKey[sbt.IvyConfiguration]("ivyConfiguration") in Scope(Build: file:/C:/Users/AB/Desktop/Projetos/Scala/activator-dist-1.3.9/bin/chess-template/, , Project: ProjectReference(file:/C:/Users/AB/Desktop/Projetos/Scala/activator-dist-1.3.9/bin/chess-template/,root))))
Sending msg to client play-fork-run-43ae9021-e9aa-4329-936e-f40955ae970f: TaskFinished(133,17947,None,true,None)
Sending msg to client play-fork-run-43ae9021-e9aa-4329-936e-f40955ae970f: TaskStarted(133,17946,None)
Sending msg to client play-fork-run-43ae9021-e9aa-4329-936e-f40955ae970f: TaskFinished(133,17900,Some(AttributeKey[scala.collection.immutable.Map[sbt.ModuleID,sbt.SourcePosition]]("dependencyPositions") in Scope(Build: file:/C:/Users/AB/Desktop/Projetos/Scala/activator-dist-1.3.9/bin/chess-template/, , Project: ProjectReference(file:/C:/Users/AB/Desktop/Projetos/Scala/activator-dist-1.3.9/bin/chess-template/,root))),true,None)
Sending msg to client play-fork-run-43ae9021-e9aa-4329-936e-f40955ae970f: TaskStarted(133,17899,Some(AttributeKey[sbt.UnresolvedWarningConfiguration]("unresolvedWarningConfiguration") in Scope(Build: file:/C:/Users/AB/Desktop/Projetos/Scala/activator-dist-1.3.9/bin/chess-template/, , Project: ProjectReference(file:/C:/Users/AB/Desktop/Projetos/Scala/activator-dist-1.3.9/bin/chess-template/,root), Task: AttributeKey[sbt.UpdateReport]("update"))))
Sending msg to client play-fork-run-43ae9021-e9aa-4329-936e-f40955ae970f: TaskFinished(133,17913,Some(AttributeKey[sbt.IvyConfiguration]("ivyConfiguration") in Scope(Build: file:/C:/Users/AB/Desktop/Projetos/Scala/activator-dist-1.3.9/bin/chess-template/, , Project: ProjectReference(file:/C:/Users/AB/Desktop/Projetos/Scala/activator-dist-1.3.9/bin/chess-template/,root))),true,None)
Sending msg to client play-fork-run-43ae9021-e9aa-4329-936e-f40955ae970f: TaskStarted(133,17910,Some(AttributeKey[sbt.IvySbt]("ivySbt") in Scope(Build: file:/C:/Users/AB/Desktop/Projetos/Scala/activator-dist-1.3.9/bin/chess-template/, , Project: ProjectReference(file:/C:/Users/AB/Desktop/Projetos/Scala/activator-dist-1.3.9/bin/chess-template/,root))))
Sending msg to client play-fork-run-43ae9021-e9aa-4329-936e-f40955ae970f: TaskFinished(133,17946,None,true,None)
Sending msg to client play-fork-run-43ae9021-e9aa-4329-936e-f40955ae970f: TaskFinished(133,17935,None,true,None)
Sending msg to client play-fork-run-43ae9021-e9aa-4329-936e-f40955ae970f: TaskStarted(133,17933,Some(AttributeKey[scala.collection.Seq[sbt.Attributed[java.io.File]]]("unmanagedClasspath") in Scope(Build: file:/C:/Users/AB/Desktop/Projetos/Scala/activator-dist-1.3.9/bin/chess-template/, , Project: ProjectReference(file:/C:/Users/AB/Desktop/Projetos/Scala/activator-dist-1.3.9/bin/chess-template/,root), Config: runtime)))
Sending msg to client play-fork-run-43ae9021-e9aa-4329-936e-f40955ae970f: TaskFinished(133,17899,Some(AttributeKey[sbt.UnresolvedWarningConfiguration]("unresolvedWarningConfiguration") in Scope(Build: file:/C:/Users/AB/Desktop/Projetos/Scala/activator-dist-1.3.9/bin/chess-template/, , Project: ProjectReference(file:/C:/Users/AB/Desktop/Projetos/Scala/activator-dist-1.3.9/bin/chess-template/,root), Task: AttributeKey[sbt.UpdateReport]("update"))),true,None)
Sending msg to client play-fork-run-43ae9021-e9aa-4329-936e-f40955ae970f: TaskFinished(133,17910,Some(AttributeKey[sbt.IvySbt]("ivySbt") in Scope(Build: file:/C:/Users/AB/Desktop/Projetos/Scala/activator-dist-1.3.9/bin/chess-template/, , Project: ProjectReference(file:/C:/Users/AB/Desktop/Projetos/Scala/activator-dist-1.3.9/bin/chess-template/,root))),true,None)
Sending msg to client play-fork-run-43ae9021-e9aa-4329-936e-f40955ae970f: TaskStarted(133,17904,Some(AttributeKey[sbt.IvySbt$Module]("ivyModule") in Scope(Build: file:/C:/Users/AB/Desktop/Projetos/Scala/activator-dist-1.3.9/bin/chess-template/, , Project: ProjectReference(file:/C:/Users/AB/Desktop/Projetos/Scala/activator-dist-1.3.9/bin/chess-template/,root))))
Sending msg to client play-fork-run-43ae9021-e9aa-4329-936e-f40955ae970f: TaskFinished(133,17933,Some(AttributeKey[scala.collection.Seq[sbt.Attributed[java.io.File]]]("unmanagedClasspath") in Scope(Build: file:/C:/Users/AB/Desktop/Projetos/Scala/activator-dist-1.3.9/bin/chess-template/, , Project: ProjectReference(file:/C:/Users/AB/Desktop/Projetos/Scala/activator-dist-1.3.9/bin/chess-template/,root), Config: runtime)),true,None)
Sending msg to client play-fork-run-43ae9021-e9aa-4329-936e-f40955ae970f: TaskFinished(133,17904,Some(AttributeKey[sbt.IvySbt$Module]("ivyModule") in Scope(Build: file:/C:/Users/AB/Desktop/Projetos/Scala/activator-dist-1.3.9/bin/chess-template/, , Project: ProjectReference(file:/C:/Users/AB/Desktop/Projetos/Scala/activator-dist-1.3.9/bin/chess-template/,root))),true,None)
Sending msg to client play-fork-run-43ae9021-e9aa-4329-936e-f40955ae970f: TaskStarted(133,17893,Some(AttributeKey[sbt.UpdateReport]("update") in Scope(Build: file:/C:/Users/AB/Desktop/Projetos/Scala/activator-dist-1.3.9/bin/chess-template/, , Project: ProjectReference(file:/C:/Users/AB/Desktop/Projetos/Scala/activator-dist-1.3.9/bin/chess-template/,root))))
Sending msg to client play-fork-run-43ae9021-e9aa-4329-936e-f40955ae970f: TaskFinished(133,17893,Some(AttributeKey[sbt.UpdateReport]("update") in Scope(Build: file:/C:/Users/AB/Desktop/Projetos/Scala/activator-dist-1.3.9/bin/chess-template/, , Project: ProjectReference(file:/C:/Users/AB/Desktop/Projetos/Scala/activator-dist-1.3.9/bin/chess-template/,root))),true,None)
Sending msg to client play-fork-run-43ae9021-e9aa-4329-936e-f40955ae970f: TaskStarted(133,17890,Some(AttributeKey[sbt.UpdateReport]("update") in Scope(Build: file:/C:/Users/AB/Desktop/Projetos/Scala/activator-dist-1.3.9/bin/chess-template/, , Project: ProjectReference(file:/C:/Users/AB/Desktop/Projetos/Scala/activator-dist-1.3.9/bin/chess-template/,root))))
Sending msg to client play-fork-run-43ae9021-e9aa-4329-936e-f40955ae970f: TaskFinished(133,17890,Some(AttributeKey[sbt.UpdateReport]("update") in Scope(Build: file:/C:/Users/AB/Desktop/Projetos/Scala/activator-dist-1.3.9/bin/chess-template/, , Project: ProjectReference(file:/C:/Users/AB/Desktop/Projetos/Scala/activator-dist-1.3.9/bin/chess-template/,root))),true,None)
Sending msg to client play-fork-run-43ae9021-e9aa-4329-936e-f40955ae970f: TaskStarted(133,17889,Some(AttributeKey[scala.collection.Seq[sbt.Attributed[java.io.File]]]("managedClasspath") in Scope(Build: file:/C:/Users/AB/Desktop/Projetos/Scala/activator-dist-1.3.9/bin/chess-template/, , Project: ProjectReference(file:/C:/Users/AB/Desktop/Projetos/Scala/activator-dist-1.3.9/bin/chess-template/,root), Config: docs)))
Sending msg to client play-fork-run-43ae9021-e9aa-4329-936e-f40955ae970f: TaskStarted(133,17931,Some(AttributeKey[sbt.Configuration]("classpathConfiguration") in Scope(Build: file:/C:/Users/AB/Desktop/Projetos/Scala/activator-dist-1.3.9/bin/chess-template/, , Project: ProjectReference(file:/C:/Users/AB/Desktop/Projetos/Scala/activator-dist-1.3.9/bin/chess-template/,root), Config: compile)))
Sending msg to client play-fork-run-43ae9021-e9aa-4329-936e-f40955ae970f: TaskFinished(133,17889,Some(AttributeKey[scala.collection.Seq[sbt.Attributed[java.io.File]]]("managedClasspath") in Scope(Build: file:/C:/Users/AB/Desktop/Projetos/Scala/activator-dist-1.3.9/bin/chess-template/, , Project: ProjectReference(file:/C:/Users/AB/Desktop/Projetos/Scala/activator-dist-1.3.9/bin/chess-template/,root), Config: docs)),true,None)
Sending msg to client play-fork-run-43ae9021-e9aa-4329-936e-f40955ae970f: TaskFinished(133,17931,Some(AttributeKey[sbt.Configuration]("classpathConfiguration") in Scope(Build: file:/C:/Users/AB/Desktop/Projetos/Scala/activator-dist-1.3.9/bin/chess-template/, , Project: ProjectReference(file:/C:/Users/AB/Desktop/Projetos/Scala/activator-dist-1.3.9/bin/chess-template/,root), Config: compile)),true,None)
Sending msg to client play-fork-run-43ae9021-e9aa-4329-936e-f40955ae970f: TaskStarted(133,17930,None)
Sending msg to client play-fork-run-43ae9021-e9aa-4329-936e-f40955ae970f: TaskFinished(133,17930,None,true,None)
Sending msg to client play-fork-run-43ae9021-e9aa-4329-936e-f40955ae970f: TaskStarted(133,17929,Some(AttributeKey[sbt.Configuration]("classpathConfiguration") in Scope(Build: file:/C:/Users/AB/Desktop/Projetos/Scala/activator-dist-1.3.9/bin/chess-template/, , Project: ProjectReference(file:/C:/Users/AB/Desktop/Projetos/Scala/activator-dist-1.3.9/bin/chess-template/,root), Config: runtime)))
Sending msg to client play-fork-run-43ae9021-e9aa-4329-936e-f40955ae970f: TaskFinished(133,17929,Some(AttributeKey[sbt.Configuration]("classpathConfiguration") in Scope(Build: file:/C:/Users/AB/Desktop/Projetos/Scala/activator-dist-1.3.9/bin/chess-template/, , Project: ProjectReference(file:/C:/Users/AB/Desktop/Projetos/Scala/activator-dist-1.3.9/bin/chess-template/,root), Config: runtime)),true,None)
Sending msg to client play-fork-run-43ae9021-e9aa-4329-936e-f40955ae970f: TaskStarted(133,17928,None)
Sending msg to client play-fork-run-43ae9021-e9aa-4329-936e-f40955ae970f: TaskFinished(133,17928,None,true,None)
Sending msg to client play-fork-run-43ae9021-e9aa-4329-936e-f40955ae970f: TaskStarted(133,17926,Some(AttributeKey[scala.collection.Seq[sbt.Attributed[java.io.File]]]("managedClasspath") in Scope(Build: file:/C:/Users/AB/Desktop/Projetos/Scala/activator-dist-1.3.9/bin/chess-template/, , Project: ProjectReference(file:/C:/Users/AB/Desktop/Projetos/Scala/activator-dist-1.3.9/bin/chess-template/,root), Config: runtime)))
Sending msg to client play-fork-run-43ae9021-e9aa-4329-936e-f40955ae970f: TaskFinished(133,17926,Some(AttributeKey[scala.collection.Seq[sbt.Attributed[java.io.File]]]("managedClasspath") in Scope(Build: file:/C:/Users/AB/Desktop/Projetos/Scala/activator-dist-1.3.9/bin/chess-template/, , Project: ProjectReference(file:/C:/Users/AB/Desktop/Projetos/Scala/activator-dist-1.3.9/bin/chess-template/,root), Config: runtime)),true,None)
Sending msg to client play-fork-run-43ae9021-e9aa-4329-936e-f40955ae970f: TaskStarted(133,17925,None)
Sending msg to client play-fork-run-43ae9021-e9aa-4329-936e-f40955ae970f: TaskFinished(133,17925,None,true,None)
Sending msg to client play-fork-run-43ae9021-e9aa-4329-936e-f40955ae970f: TaskStarted(133,17924,Some(AttributeKey[scala.collection.Seq[sbt.Attributed[java.io.File]]]("playDependencyClasspath") in Scope(Build: file:/C:/Users/AB/Desktop/Projetos/Scala/activator-dist-1.3.9/bin/chess-template/, , Project: ProjectReference(file:/C:/Users/AB/Desktop/Projetos/Scala/activator-dist-1.3.9/bin/chess-template/,root))))
Sending msg to client play-fork-run-43ae9021-e9aa-4329-936e-f40955ae970f: TaskFinished(133,17924,Some(AttributeKey[scala.collection.Seq[sbt.Attributed[java.io.File]]]("playDependencyClasspath") in Scope(Build: file:/C:/Users/AB/Desktop/Projetos/Scala/activator-dist-1.3.9/bin/chess-template/, , Project: ProjectReference(file:/C:/Users/AB/Desktop/Projetos/Scala/activator-dist-1.3.9/bin/chess-template/,root))),true,None)
Sending msg to client play-fork-run-43ae9021-e9aa-4329-936e-f40955ae970f: TaskStarted(133,17888,Some(AttributeKey[play.forkrun.protocol.ForkConfig]("playForkConfig") in Scope(Build: file:/C:/Users/AB/Desktop/Projetos/Scala/activator-dist-1.3.9/bin/chess-template/, , Project: ProjectReference(file:/C:/Users/AB/Desktop/Projetos/Scala/activator-dist-1.3.9/bin/chess-template/,root))))
Sending msg to client play-fork-run-43ae9021-e9aa-4329-936e-f40955ae970f: TaskFinished(133,17888,Some(AttributeKey[play.forkrun.protocol.ForkConfig]("playForkConfig") in Scope(Build: file:/C:/Users/AB/Desktop/Projetos/Scala/activator-dist-1.3.9/bin/chess-template/, , Project: ProjectReference(file:/C:/Users/AB/Desktop/Projetos/Scala/activator-dist-1.3.9/bin/chess-template/,root))),true,None)
Sending msg to client play-fork-run-43ae9021-e9aa-4329-936e-f40955ae970f: ValueChanged(AttributeKey[play.forkrun.protocol.ForkConfig]("playForkConfig") in Scope(Build: file:/C:/Users/AB/Desktop/Projetos/Scala/activator-dist-1.3.9/bin/chess-template/, , Project: ProjectReference(file:/C:/Users/AB/Desktop/Projetos/Scala/activator-dist-1.3.9/bin/chess-template/,root)),TaskSuccess(BuildValue(LazyValue(ForkConfig(C:\Users\AB\Desktop\Projetos\Scala\activator-dist-1.3.9\bin\chess-template,List(-Djna.nosys=true),List(C:\Users\AB\.ivy2\cache\org.scala-lang\scala-library\jars\scala-library-2.11.7.jar, C:\Users\AB\.ivy2\cache\com.typesafe.play\twirl-api_2.11\jars\twirl-api_2.11-1.0.2.jar, C:\Users\AB\.ivy2\cache\org.apache.commons\commons-lang3\jars\commons-lang3-3.1.jar, C:\Users\AB\.ivy2\cache\org.scala-lang.modules\scala-xml_2.11\bundles\scala-xml_2.11-1.0.1.jar, C:\Users\AB\.ivy2\cache\com.typesafe.play\play_2.11\jars\play_2.11-2.3.10.jar, C:\Users\AB\.ivy2\cache\com.typesafe.play\build-link\jars\build-link-2.3.10.jar, C:\Users\AB\.ivy2\cache\com.typesafe.play\play-exceptions\jars\play-exceptions-2.3.10.jar, C:\Users\AB\.ivy2\cache\org.javassist\javassist\bundles\javassist-3.18.2-GA.jar, C:\Users\AB\.ivy2\cache\com.typesafe.play\play-iteratees_2.11\jars\play-iteratees_2.11-2.3.10.jar, C:\Users\AB\.ivy2\cache\org.scala-stm\scala-stm_2.11\jars\scala-stm_2.11-0.7.jar, C:\Users\AB\.ivy2\cache\com.typesafe\config\bundles\config-1.2.1.jar, C:\Users\AB\.ivy2\cache\com.typesafe.play\play-json_2.11\jars\play-json_2.11-2.3.10.jar, C:\Users\AB\.ivy2\cache\com.typesafe.play\play-functional_2.11\jars\play-functional_2.11-2.3.10.jar, C:\Users\AB\.ivy2\cache\com.typesafe.play\play-datacommons_2.11\jars\play-datacommons_2.11-2.3.10.jar, C:\Users\AB\.ivy2\cache\joda-time\joda-time\jars\joda-time-2.3.jar, C:\Users\AB\.ivy2\cache\org.joda\joda-convert\jars\joda-convert-1.6.jar, C:\Users\AB\.ivy2\cache\com.fasterxml.jackson.core\jackson-annotations\bundles\jackson-annotations-2.3.2.jar, C:\Users\AB\.ivy2\cache\com.fasterxml.jackson.core\jackson-core\bundles\jackson-core-2.3.2.jar, C:\Users\AB\.ivy2\cache\com.fasterxml.jackson.core\jackson-databind\bundles\jackson-databind-2.3.2.jar, C:\Users\AB\.ivy2\cache\org.scala-lang\scala-reflect\jars\scala-reflect-2.11.1.jar, C:\Users\AB\.ivy2\cache\org.scala-lang.modules\scala-parser-combinators_2.11\bundles\scala-parser-combinators_2.11-1.0.1.jar, C:\Users\AB\.ivy2\cache\io.netty\netty\bundles\netty-3.9.9.Final.jar, C:\Users\AB\.ivy2\cache\com.typesafe.netty\netty-http-pipelining\jars\netty-http-pipelining-1.1.2.jar, C:\Users\AB\.ivy2\cache\org.slf4j\slf4j-api\jars\slf4j-api-1.7.6.jar, C:\Users\AB\.ivy2\cache\org.slf4j\jul-to-slf4j\jars\jul-to-slf4j-1.7.6.jar, C:\Users\AB\.ivy2\cache\org.slf4j\jcl-over-slf4j\jars\jcl-over-slf4j-1.7.6.jar, C:\Users\AB\.ivy2\cache\ch.qos.logback\logback-core\jars\logback-core-1.1.1.jar, C:\Users\AB\.ivy2\cache\ch.qos.logback\logback-classic\jars\logback-classic-1.1.1.jar, C:\Users\AB\.ivy2\cache\com.typesafe.akka\akka-actor_2.11\jars\akka-actor_2.11-2.3.4.jar, C:\Users\AB\.ivy2\cache\com.typesafe.akka\akka-slf4j_2.11\jars\akka-slf4j_2.11-2.3.4.jar, C:\Users\AB\.ivy2\cache\commons-codec\commons-codec\jars\commons-codec-1.9.jar, C:\Users\AB\.ivy2\cache\xerces\xercesImpl\jars\xercesImpl-2.11.0.jar, C:\Users\AB\.ivy2\cache\xml-apis\xml-apis\jars\xml-apis-1.4.01.jar, C:\Users\AB\.ivy2\cache\javax.transaction\jta\jars\jta-1.1.jar, C:\Users\AB\.ivy2\cache\com.typesafe.play\play-jdbc_2.11\jars\play-jdbc_2.11-2.3.10.jar, C:\Users\AB\Desktop\activator-dist-1.3.9\repository\com.jolbox\bonecp\0.8.0.RELEASE\bundles\bonecp.jar, C:\Users\AB\Desktop\Projetos\Scala\activator-dist-1.3.9\repository\com.h2database\h2\1.3.175\jars\h2.jar, C:\Users\AB\Desktop\activator-dist-1.3.9\repository\tyrex\tyrex\1.0.1\jars\tyrex.jar, C:\Users\AB\.ivy2\cache\com.typesafe.play\play-cache_2.11\jars\play-cache_2.11-2.3.10.jar, C:\Users\AB\.ivy2\cache\net.sf.ehcache\ehcache-core\jars\ehcache-core-2.6.8.jar, C:\Users\AB\.ivy2\cache\com.typesafe.play\play-ws_2.11\jars\play-ws_2.11-2.3.10.jar, C:\Users\AB\.ivy2\cache\com.google.guava\guava\bundles\guava-16.0.1.jar, C:\Users\AB\.ivy2\cache\com.ning\async-http-client\jars\async-http-client-1.8.15.jar, C:\Users\AB\.ivy2\cache\oauth.signpost\signpost-core\jars\signpost-core-1.2.1.2.jar, C:\Users\AB\.ivy2\cache\oauth.signpost\signpost-commonshttp4\jars\signpost-commonshttp4-1.2.1.2.jar, C:\Users\AB\Desktop\activator-dist-1.3.9\repository\org.apache.httpcomponents\httpcore\4.0.1\jars\httpcore.jar, C:\Users\AB\Desktop\activator-dist-1.3.9\repository\org.apache.httpcomponents\httpclient\4.0.1\jars\httpclient.jar, C:\Users\AB\.ivy2\cache\commons-logging\commons-logging\jars\commons-logging-1.1.1.jar),List((public/,C:\Users\AB\Desktop\Projetos\Scala\activator-dist-1.3.9\bin\chess-template\target\web\public\main)),List(C:\Users\AB\.ivy2\cache\com.typesafe.play\play-docs_2.11\jars\play-docs_2.11-2.3.10.jar, C:\Users\AB\.ivy2\cache\org.scala-lang\scala-library\jars\scala-library-2.11.1.jar, C:\Users\AB\.ivy2\cache\com.typesafe.play\play_2.11\jars\play_2.11-2.3.10.jar, C:\Users\AB\.ivy2\cache\com.typesafe.play\build-link\jars\build-link-2.3.10.jar, C:\Users\AB\.ivy2\cache\com.typesafe.play\play-exceptions\jars\play-exceptions-2.3.10.jar, C:\Users\AB\.ivy2\cache\org.javassist\javassist\bundles\javassist-3.18.2-GA.jar, C:\Users\AB\.ivy2\cache\com.typesafe.play\play-iteratees_2.11\jars\play-iteratees_2.11-2.3.10.jar, C:\Users\AB\.ivy2\cache\org.scala-stm\scala-stm_2.11\jars\scala-stm_2.11-0.7.jar, C:\Users\AB\.ivy2\cache\com.typesafe\config\bundles\config-1.2.1.jar, C:\Users\AB\.ivy2\cache\com.typesafe.play\play-json_2.11\jars\play-json_2.11-2.3.10.jar, C:\Users\AB\.ivy2\cache\com.typesafe.play\play-functional_2.11\jars\play-functional_2.11-2.3.10.jar, C:\Users\AB\.ivy2\cache\com.typesafe.play\play-datacommons_2.11\jars\play-datacommons_2.11-2.3.10.jar, C:\Users\AB\.ivy2\cache\joda-time\joda-time\jars\joda-time-2.3.jar, C:\Users\AB\.ivy2\cache\org.joda\joda-convert\jars\joda-convert-1.6.jar, C:\Users\AB\.ivy2\cache\com.fasterxml.jackson.core\jackson-annotations\bundles\jackson-annotations-2.3.2.jar, C:\Users\AB\.ivy2\cache\com.fasterxml.jackson.core\jackson-core\bundles\jackson-core-2.3.2.jar, C:\Users\AB\.ivy2\cache\com.fasterxml.jackson.core\jackson-databind\bundles\jackson-databind-2.3.2.jar, C:\Users\AB\.ivy2\cache\org.scala-lang\scala-reflect\jars\scala-reflect-2.11.1.jar, C:\Users\AB\.ivy2\cache\com.typesafe.play\twirl-api_2.11\jars\twirl-api_2.11-1.0.2.jar, C:\Users\AB\.ivy2\cache\org.apache.commons\commons-lang3\jars\commons-lang3-3.1.jar, C:\Users\AB\.ivy2\cache\org.scala-lang.modules\scala-xml_2.11\bundles\scala-xml_2.11-1.0.1.jar, C:\Users\AB\.ivy2\cache\org.scala-lang.modules\scala-parser-combinators_2.11\bundles\scala-parser-combinators_2.11-1.0.1.jar, C:\Users\AB\.ivy2\cache\io.netty\netty\bundles\netty-3.9.9.Final.jar, C:\Users\AB\.ivy2\cache\com.typesafe.netty\netty-http-pipelining\jars\netty-http-pipelining-1.1.2.jar, C:\Users\AB\.ivy2\cache\org.slf4j\slf4j-api\jars\slf4j-api-1.7.6.jar, C:\Users\AB\.ivy2\cache\org.slf4j\jul-to-slf4j\jars\jul-to-slf4j-1.7.6.jar, C:\Users\AB\.ivy2\cache\org.slf4j\jcl-over-slf4j\jars\jcl-over-slf4j-1.7.6.jar, C:\Users\AB\.ivy2\cache\ch.qos.logback\logback-core\jars\logback-core-1.1.1.jar, C:\Users\AB\.ivy2\cache\ch.qos.logback\logback-classic\jars\logback-classic-1.1.1.jar, C:\Users\AB\.ivy2\cache\com.typesafe.akka\akka-actor_2.11\jars\akka-actor_2.11-2.3.4.jar, C:\Users\AB\.ivy2\cache\com.typesafe.akka\akka-slf4j_2.11\jars\akka-slf4j_2.11-2.3.4.jar, C:\Users\AB\.ivy2\cache\commons-codec\commons-codec\jars\commons-codec-1.9.jar, C:\Users\AB\.ivy2\cache\xerces\xercesImpl\jars\xercesImpl-2.11.0.jar, C:\Users\AB\.ivy2\cache\xml-apis\xml-apis\jars\xml-apis-1.4.01.jar, C:\Users\AB\.ivy2\cache\javax.transaction\jta\jars\jta-1.1.jar, C:\Users\AB\.ivy2\cache\com.typesafe.play\play-doc_2.11\jars\play-doc_2.11-1.1.0.jar, C:\Users\AB\Desktop\activator-dist-1.3.9\repository\org.pegdown\pegdown\1.4.0\jars\pegdown.jar, C:\Users\AB\Desktop\activator-dist-1.3.9\repository\org.parboiled\parboiled-java\1.1.5\bundles\parboiled-java.jar, C:\Users\AB\Desktop\activator-dist-1.3.9\repository\org.parboiled\parboiled-core\1.1.5\bundles\parboiled-core.jar, C:\Users\AB\Desktop\activator-dist-1.3.9\repository\org.ow2.asm\asm\4.1\jars\asm.jar, C:\Users\AB\Desktop\activator-dist-1.3.9\repository\org.ow2.asm\asm-tree\4.1\jars\asm-tree.jar, C:\Users\AB\Desktop\activator-dist-1.3.9\repository\org.ow2.asm\asm-analysis\4.1\jars\asm-analysis.jar, C:\Users\AB\Desktop\activator-dist-1.3.9\repository\org.ow2.asm\asm-util\4.1\jars\asm-util.jar, C:\Users\AB\Desktop\activator-dist-1.3.9\repository\commons-io\commons-io\2.4\jars\commons-io.jar),List(),9000,DefaultWatchService,List(C:\Users\AB\Desktop\Projetos\Scala\activator-dist-1.3.9\bin\chess-template\app-2.11, C:\Users\AB\Desktop\Projetos\Scala\activator-dist-1.3.9\bin\chess-template\app, C:\Users\AB\Desktop\Projetos\Scala\activator-dist-1.3.9\bin\chess-template\conf, C:\Users\AB\Desktop\Projetos\Scala\activator-dist-1.3.9\bin\chess-template\app\assets, C:\Users\AB\Desktop\Projetos\Scala\activator-dist-1.3.9\bin\chess-template\public),C:\Users\AB\Desktop\Projetos\Scala\activator-dist-1.3.9\bin\chess-template\target,500,root/playForkNotifyStart,root/playForkReload,300000),scala.pickling.PicklerUnpickler$DelegatingPicklerUnpickler@ed7070a),ForkConfig(C:\Users\AB\Desktop\Projetos\Scala\activator-dist-1.3.9\bin\chess-template,List(-Djna.nosys=true),List(C:\Users\AB\.ivy2\cache\org.scala-lang\scala-library\jars\scala-library-2.11.7.jar, C:\Users\AB\.ivy2\cache\com.typesafe.play\twirl-api_2.11\jars\twirl-api_2.11-1.0.2.jar, C:\Users\AB\.ivy2\cache\org.apache.commons\commons-lang3\jars\commons-lang3-3.1.jar, C:\Users\AB\.ivy2\cache\org.scala-lang.modules\scala-xml_2.11\bundles\scala-xml_2.11-1.0.1.jar, C:\Users\AB\.ivy2\cache\com.typesafe.play\play_2.11\jars\play_2.11-2.3.10.jar, C:\Users\AB\.ivy2\cache\com.typesafe.play\build-link\jars\build-link-2.3.10.jar, C:\Users\AB\.ivy2\cache\com.typesafe.play\play-exceptions\jars\play-exceptions-2.3.10.jar, C:\Users\AB\.ivy2\cache\org.javassist\javassist\bundles\javassist-3.18.2-GA.jar, C:\Users\AB\.ivy2\cache\com.typesafe.play\play-iteratees_2.11\jars\play-iteratees_2.11-2.3.10.jar, C:\Users\AB\.ivy2\cache\org.scala-stm\scala-stm_2.11\jars\scala-stm_2.11-0.7.jar, C:\Users\AB\.ivy2\cache\com.typesafe\config\bundles\config-1.2.1.jar, C:\Users\AB\.ivy2\cache\com.typesafe.play\play-json_2.11\jars\play-json_2.11-2.3.10.jar, C:\Users\AB\.ivy2\cache\com.typesafe.play\play-functional_2.11\jars\play-functional_2.11-2.3.10.jar, C:\Users\AB\.ivy2\cache\com.typesafe.play\play-datacommons_2.11\jars\play-datacommons_2.11-2.3.10.jar, C:\Users\AB\.ivy2\cache\joda-time\joda-time\jars\joda-time-2.3.jar, C:\Users\AB\.ivy2\cache\org.joda\joda-convert\jars\joda-convert-1.6.jar, C:\Users\AB\.ivy2\cache\com.fasterxml.jackson.core\jackson-annotations\bundles\jackson-annotations-2.3.2.jar, C:\Users\AB\.ivy2\cache\com.fasterxml.jackson.core\jackson-core\bundles\jackson-core-2.3.2.jar, C:\Users\AB\.ivy2\cache\com.fasterxml.jackson.core\jackson-databind\bundles\jackson-databind-2.3.2.jar, C:\Users\AB\.ivy2\cache\org.scala-lang\scala-reflect\jars\scala-reflect-2.11.1.jar, C:\Users\AB\.ivy2\cache\org.scala-lang.modules\scala-parser-combinators_2.11\bundles\scala-parser-combinators_2.11-1.0.1.jar, C:\Users\AB\.ivy2\cache\io.netty\netty\bundles\netty-3.9.9.Final.jar, C:\Users\AB\.ivy2\cache\com.typesafe.netty\netty-http-pipelining\jars\netty-http-pipelining-1.1.2.jar, C:\Users\AB\.ivy2\cache\org.slf4j\slf4j-api\jars\slf4j-api-1.7.6.jar, C:\Users\AB\.ivy2\cache\org.slf4j\jul-to-slf4j\jars\jul-to-slf4j-1.7.6.jar, C:\Users\AB\.ivy2\cache\org.slf4j\jcl-over-slf4j\jars\jcl-over-slf4j-1.7.6.jar, C:\Users\AB\.ivy2\cache\ch.qos.logback\logback-core\jars\logback-core-1.1.1.jar, C:\Users\AB\.ivy2\cache\ch.qos.logback\logback-classic\jars\logback-classic-1.1.1.jar, C:\Users\AB\.ivy2\cache\com.typesafe.akka\akka-actor_2.11\jars\akka-actor_2.11-2.3.4.jar, C:\Users\AB\.ivy2\cache\com.typesafe.akka\akka-slf4j_2.11\jars\akka-slf4j_2.11-2.3.4.jar, C:\Users\AB\.ivy2\cache\commons-codec\commons-codec\jars\commons-codec-1.9.jar, C:\Users\AB\.ivy2\cache\xerces\xercesImpl\jars\xercesImpl-2.11.0.jar, C:\Users\AB\.ivy2\cache\xml-apis\xml-apis\jars\xml-apis-1.4.01.jar, C:\Users\AB\.ivy2\cache\javax.transaction\jta\jars\jta-1.1.jar, C:\Users\AB\.ivy2\cache\com.typesafe.play\play-jdbc_2.11\jars\play-jdbc_2.11-2.3.10.jar, C:\Users\AB\Desktop\activator-dist-1.3.9\repository\com.jolbox\bonecp\0.8.0.RELEASE\bundles\bonecp.jar, C:\Users\AB\Desktop\Projetos\Scala\activator-dist-1.3.9\repository\com.h2database\h2\1.3.175\jars\h2.jar, C:\Users\AB\Desktop\activator-dist-1.3.9\repository\tyrex\tyrex\1.0.1\jars\tyrex.jar, C:\Users\AB\.ivy2\cache\com.typesafe.play\play-cache_2.11\jars\play-cache_2.11-2.3.10.jar, C:\Users\AB\.ivy2\cache\net.sf.ehcache\ehcache-core\jars\ehcache-core-2.6.8.jar, C:\Users\AB\.ivy2\cache\com.typesafe.play\play-ws_2.11\jars\play-ws_2.11-2.3.10.jar, C:\Users\AB\.ivy2\cache\com.google.guava\guava\bundles\guava-16.0.1.jar, C:\Users\AB\.ivy2\cache\com.ning\async-http-client\jars\async-http-client-1.8.15.jar, C:\Users\AB\.ivy2\cache\oauth.signpost\signpost-core\jars\signpost-core-1.2.1.2.jar, C:\Users\AB\.ivy2\cache\oauth.signpost\signpost-commonshttp4\jars\signpost-commonshttp4-1.2.1.2.jar, C:\Users\AB\Desktop\activator-dist-1.3.9\repository\org.apache.httpcomponents\httpcore\4.0.1\jars\httpcore.jar, C:\Users\AB\Desktop\activator-dist-1.3.9\repository\org.apache.httpcomponents\httpclient\4.0.1\jars\httpclient.jar, C:\Users\AB\.ivy2\cache\commons-logging\commons-logging\jars\commons-logging-1.1.1.jar),List((public/,C:\Users\AB\Desktop\Projetos\Scala\activator-dist-1.3.9\bin\chess-template\target\web\public\main)),List(C:\Users\AB\.ivy2\cache\com.typesafe.play\play-docs_2.11\jars\play-docs_2.11-2.3.10.jar, C:\Users\AB\.ivy2\cache\org.scala-lang\scala-library\jars\scala-library-2.11.1.jar, C:\Users\AB\.ivy2\cache\com.typesafe.play\play_2.11\jars\play_2.11-2.3.10.jar, C:\Users\AB\.ivy2\cache\com.typesafe.play\build-link\jars\build-link-2.3.10.jar, C:\Users\AB\.ivy2\cache\com.typesafe.play\play-exceptions\jars\play-exceptions-2.3.10.jar, C:\Users\AB\.ivy2\cache\org.javassist\javassist\bundles\javassist-3.18.2-GA.jar, C:\Users\AB\.ivy2\cache\com.typesafe.play\play-iteratees_2.11\jars\play-iteratees_2.11-2.3.10.jar, C:\Users\AB\.ivy2\cache\org.scala-stm\scala-stm_2.11\jars\scala-stm_2.11-0.7.jar, C:\Users\AB\.ivy2\cache\com.typesafe\config\bundles\config-1.2.1.jar, C:\Users\AB\.ivy2\cache\com.typesafe.play\play-json_2.11\jars\play-json_2.11-2.3.10.jar, C:\Users\AB\.ivy2\cache\com.typesafe.play\play-functional_2.11\jars\play-functional_2.11-2.3.10.jar, C:\Users\AB\.ivy2\cache\com.typesafe.play\play-datacommons_2.11\jars\play-datacommons_2.11-2.3.10.jar, C:\Users\AB\.ivy2\cache\joda-time\joda-time\jars\joda-time-2.3.jar, C:\Users\AB\.ivy2\cache\org.joda\joda-convert\jars\joda-convert-1.6.jar, C:\Users\AB\.ivy2\cache\com.fasterxml.jackson.core\jackson-annotations\bundles\jackson-annotations-2.3.2.jar, C:\Users\AB\.ivy2\cache\com.fasterxml.jackson.core\jackson-core\bundles\jackson-core-2.3.2.jar, C:\Users\AB\.ivy2\cache\com.fasterxml.jackson.core\jackson-databind\bundles\jackson-databind-2.3.2.jar, C:\Users\AB\.ivy2\cache\org.scala-lang\scala-reflect\jars\scala-reflect-2.11.1.jar, C:\Users\AB\.ivy2\cache\com.typesafe.play\twirl-api_2.11\jars\twirl-api_2.11-1.0.2.jar, C:\Users\AB\.ivy2\cache\org.apache.commons\commons-lang3\jars\commons-lang3-3.1.jar, C:\Users\AB\.ivy2\cache\org.scala-lang.modules\scala-xml_2.11\bundles\scala-xml_2.11-1.0.1.jar, C:\Users\AB\.ivy2\cache\org.scala-lang.modules\scala-parser-combinators_2.11\bundles\scala-parser-combinators_2.11-1.0.1.jar, C:\Users\AB\.ivy2\cache\io.netty\netty\bundles\netty-3.9.9.Final.jar, C:\Users\AB\.ivy2\cache\com.typesafe.netty\netty-http-pipelining\jars\netty-http-pipelining-1.1.2.jar, C:\Users\AB\.ivy2\cache\org.slf4j\slf4j-api\jars\slf4j-api-1.7.6.jar, C:\Users\AB\.ivy2\cache\org.slf4j\jul-to-slf4j\jars\jul-to-slf4j-1.7.6.jar, C:\Users\AB\.ivy2\cache\org.slf4j\jcl-over-slf4j\jars\jcl-over-slf4j-1.7.6.jar, C:\Users\AB\.ivy2\cache\ch.qos.logback\logback-core\jars\logback-core-1.1.1.jar, C:\Users\AB\.ivy2\cache\ch.qos.logback\logback-classic\jars\logback-classic-1.1.1.jar, C:\Users\AB\.ivy2\cache\com.typesafe.akka\akka-actor_2.11\jars\akka-actor_2.11-2.3.4.jar, C:\Users\AB\.ivy2\cache\com.typesafe.akka\akka-slf4j_2.11\jars\akka-slf4j_2.11-2.3.4.jar, C:\Users\AB\.ivy2\cache\commons-codec\commons-codec\jars\commons-codec-1.9.jar, C:\Users\AB\.ivy2\cache\xerces\xercesImpl\jars\xercesImpl-2.11.0.jar, C:\Users\AB\.ivy2\cache\xml-apis\xml-apis\jars\xml-apis-1.4.01.jar, C:\Users\AB\.ivy2\cache\javax.transaction\jta\jars\jta-1.1.jar, C:\Users\AB\.ivy2\cache\com.typesafe.play\play-doc_2.11\jars\play-doc_2.11-1.1.0.jar, C:\Users\AB\Desktop\activator-dist-1.3.9\repository\org.pegdown\pegdown\1.4.0\jars\pegdown.jar, C:\Users\AB\Desktop\activator-dist-1.3.9\repository\org.parboiled\parboiled-java\1.1.5\bundles\parboiled-java.jar, C:\Users\AB\Desktop\activator-dist-1.3.9\repository\org.parboiled\parboiled-core\1.1.5\bundles\parboiled-core.jar, C:\Users\AB\Desktop\activator-dist-1.3.9\repository\org.ow2.asm\asm\4.1\jars\asm.jar, C:\Users\AB\Desktop\activator-dist-1.3.9\repository\org.ow2.asm\asm-tree\4.1\jars\asm-tree.jar, C:\Users\AB\Desktop\activator-dist-1.3.9\repository\org.ow2.asm\asm-analysis\4.1\jars\asm-analysis.jar, C:\Users\AB\Desktop\activator-dist-1.3.9\repository\org.ow2.asm\asm-util\4.1\jars\asm-util.jar, C:\Users\AB\Desktop\activator-dist-1.3.9\repository\commons-io\commons-io\2.4\jars\commons-io.jar),List(),9000,DefaultWatchService,List(C:\Users\AB\Desktop\Projetos\Scala\activator-dist-1.3.9\bin\chess-template\app-2.11, C:\Users\AB\Desktop\Projetos\Scala\activator-dist-1.3.9\bin\chess-template\app, C:\Users\AB\Desktop\Projetos\Scala\activator-dist-1.3.9\bin\chess-template\conf, C:\Users\AB\Desktop\Projetos\Scala\activator-dist-1.3.9\bin\chess-template\app\assets, C:\Users\AB\Desktop\Projetos\Scala\activator-dist-1.3.9\bin\chess-template\public),C:\Users\AB\Desktop\Projetos\Scala\activator-dist-1.3.9\bin\chess-template\target,500,root/playForkNotifyStart,root/playForkReload,300000))))
Sending msg to client play-fork-run-43ae9021-e9aa-4329-936e-f40955ae970f: TaskStarted(133,17887,None)
Sending msg to client play-fork-run-43ae9021-e9aa-4329-936e-f40955ae970f: TaskFinished(133,17887,None,true,None)
Sending msg to client play-fork-run-43ae9021-e9aa-4329-936e-f40955ae970f: TaskStarted(133,17886,None)
Sending msg to client play-fork-run-43ae9021-e9aa-4329-936e-f40955ae970f: TaskFinished(133,17886,None,true,None)
Sending msg to client play-fork-run-43ae9021-e9aa-4329-936e-f40955ae970f: DetachedLogEvent(LogMessage(debug,cancel strategy finish enabled=false lastCommand=Some(LastCommand(CommandExecutionWork(ExecutionId(133),{file:/C:/Users/AB/Desktop/Projetos/Scala/activator-dist-1.3.9/bin/chess-template/}root/*:playForkConfig,Set(LiveClient(play-fork-run 43ae9021-e9aa-4329-936e-f40955ae970f)),sbt.server.WorkCancellationStatus$$anon$1@5a6e9e6e)))))
Sending msg to client play-fork-run-43ae9021-e9aa-4329-936e-f40955ae970f: DetachedLogEvent(LogSuccess(Total time: 1 s, completed 08/07/2016 01:30:38))
Sending msg to client play-fork-run-43ae9021-e9aa-4329-936e-f40955ae970f: DetachedLogEvent(LogMessage(debug,> server-post-command-cleanup))
Sending msg to client play-fork-run-43ae9021-e9aa-4329-936e-f40955ae970f: ExecutionSuccess(133)
Sending msg to client play-fork-run-43ae9021-e9aa-4329-936e-f40955ae970f: DetachedLogEvent(LogMessage(debug,> server-handle-next-server-request))
Sending msg to client play-fork-run-43ae9021-e9aa-4329-936e-f40955ae970f: BackgroundJobLogEvent(4,LogMessage(info,))
Sending msg to client play-fork-run-43ae9021-e9aa-4329-936e-f40955ae970f: BackgroundJobLogEvent(1,LogMessage(debug,application - creation uid 1))
Sending msg to client play-fork-run-43ae9021-e9aa-4329-936e-f40955ae970f: BackgroundJobLogEvent(1,LogMessage(info,E AE RECEIVE8?))
Sending msg to client play-fork-run-43ae9021-e9aa-4329-936e-f40955ae970f: BackgroundJobLogEvent(1,LogMessage(info,{"msg":"gg"}))
Sending msg to client play-fork-run-43ae9021-e9aa-4329-936e-f40955ae970f: BackgroundJobLogEvent(1,LogMessage(info,message game constroll))
Sending msg to client play-fork-run-43ae9021-e9aa-4329-936e-f40955ae970f: BackgroundJobLogEvent(1,LogMessage(info,E AE RECEIVE1?))
Sending msg to client play-fork-run-43ae9021-e9aa-4329-936e-f40955ae970f: BackgroundJobLogEvent(4,LogMessage(info,--- (Running the application, auto-reloading is enabled) ---))
Sending msg to client play-fork-run-43ae9021-e9aa-4329-936e-f40955ae970f: BackgroundJobLogEvent(4,LogMessage(info,))
Sending msg to client play-fork-run-43ae9021-e9aa-4329-936e-f40955ae970f: BackgroundJobLogEvent(4,LogMessage(error,Play fork run has failed due to:))
Sending msg to client play-fork-run-43ae9021-e9aa-4329-936e-f40955ae970f: BackgroundJobLogEvent(4,LogMessage(error,java.lang.reflect.InvocationTargetException))
Sending msg to client play-fork-run-43ae9021-e9aa-4329-936e-f40955ae970f: BackgroundJobLogEvent(4,LogMessage(error,	at sun.reflect.NativeMethodAccessorImpl.invoke0(Native Method)))
Sending msg to client play-fork-run-43ae9021-e9aa-4329-936e-f40955ae970f: BackgroundJobLogEvent(4,LogMessage(error,	at sun.reflect.NativeMethodAccessorImpl.invoke(NativeMethodAccessorImpl.java:62)))
Sending msg to client play-fork-run-43ae9021-e9aa-4329-936e-f40955ae970f: BackgroundJobLogEvent(4,LogMessage(error,	at sun.reflect.DelegatingMethodAccessorImpl.invoke(DelegatingMethodAccessorImpl.java:43)))
Sending msg to client play-fork-run-43ae9021-e9aa-4329-936e-f40955ae970f: BackgroundJobLogEvent(4,LogMessage(error,	at java.lang.reflect.Method.invoke(Method.java:497)))
Sending msg to client play-fork-run-43ae9021-e9aa-4329-936e-f40955ae970f: BackgroundJobLogEvent(4,LogMessage(error,	at play.runsupport.Reloader$.startDevMode(Reloader.scala:197)))
Sending msg to client play-fork-run-43ae9021-e9aa-4329-936e-f40955ae970f: BackgroundJobLogEvent(4,LogMessage(error,	at play.forkrun.ForkRun$.startServer(ForkRun.scala:82)))
Sending msg to client play-fork-run-43ae9021-e9aa-4329-936e-f40955ae970f: BackgroundJobLogEvent(4,LogMessage(error,	at play.forkrun.ForkRun.run(ForkRun.scala:173)))
Sending msg to client play-fork-run-43ae9021-e9aa-4329-936e-f40955ae970f: BackgroundJobLogEvent(4,LogMessage(error,	at play.forkrun.ForkRun$$anonfun$settingUp$1.applyOrElse(ForkRun.scala:162)))
Sending msg to client play-fork-run-43ae9021-e9aa-4329-936e-f40955ae970f: BackgroundJobLogEvent(4,LogMessage(error,	at akka.actor.Actor$class.aroundReceive(Actor.scala:465)))
Sending msg to client play-fork-run-43ae9021-e9aa-4329-936e-f40955ae970f: BackgroundJobLogEvent(4,LogMessage(error,	at play.forkrun.ForkRun.aroundReceive(ForkRun.scala:148)))
Sending msg to client play-fork-run-43ae9021-e9aa-4329-936e-f40955ae970f: BackgroundJobLogEvent(4,LogMessage(error,	at akka.actor.ActorCell.receiveMessage(ActorCell.scala:516)))
Sending msg to client play-fork-run-43ae9021-e9aa-4329-936e-f40955ae970f: BackgroundJobLogEvent(4,LogMessage(error,	at akka.actor.ActorCell.invoke(ActorCell.scala:487)))
Sending msg to client play-fork-run-43ae9021-e9aa-4329-936e-f40955ae970f: BackgroundJobLogEvent(4,LogMessage(error,	at akka.dispatch.Mailbox.processMailbox(Mailbox.scala:254)))
Sending msg to client play-fork-run-43ae9021-e9aa-4329-936e-f40955ae970f: BackgroundJobLogEvent(4,LogMessage(error,	at akka.dispatch.Mailbox.run(Mailbox.scala:221)))
Sending msg to client play-fork-run-43ae9021-e9aa-4329-936e-f40955ae970f: BackgroundJobLogEvent(4,LogMessage(error,	at akka.dispatch.Mailbox.exec(Mailbox.scala:231)))
Sending msg to client play-fork-run-43ae9021-e9aa-4329-936e-f40955ae970f: BackgroundJobLogEvent(4,LogMessage(error,	at scala.concurrent.forkjoin.ForkJoinTask.doExec(ForkJoinTask.java:260)))
Sending msg to client play-fork-run-43ae9021-e9aa-4329-936e-f40955ae970f: BackgroundJobLogEvent(4,LogMessage(error,	at scala.concurrent.forkjoin.ForkJoinPool$WorkQueue.pollAndExecAll(ForkJoinPool.java:1253)))
Sending msg to client play-fork-run-43ae9021-e9aa-4329-936e-f40955ae970f: BackgroundJobLogEvent(4,LogMessage(error,	at scala.concurrent.forkjoin.ForkJoinPool$WorkQueue.runTask(ForkJoinPool.java:1346)))
Sending msg to client play-fork-run-43ae9021-e9aa-4329-936e-f40955ae970f: BackgroundJobLogEvent(4,LogMessage(error,	at scala.concurrent.forkjoin.ForkJoinPool.runWorker(ForkJoinPool.java:1979)))
Sending msg to client play-fork-run-43ae9021-e9aa-4329-936e-f40955ae970f: BackgroundJobLogEvent(4,LogMessage(error,	at scala.concurrent.forkjoin.ForkJoinWorkerThread.run(ForkJoinWorkerThread.java:107)))
Sending msg to client play-fork-run-43ae9021-e9aa-4329-936e-f40955ae970f: BackgroundJobLogEvent(4,LogMessage(error,Caused by: org.jboss.netty.channel.ChannelException: Failed to bind to: /0.0.0.0:9000))
Sending msg to client play-fork-run-43ae9021-e9aa-4329-936e-f40955ae970f: BackgroundJobLogEvent(4,LogMessage(error,	at org.jboss.netty.bootstrap.ServerBootstrap.bind(ServerBootstrap.java:272)))
Sending msg to client play-fork-run-43ae9021-e9aa-4329-936e-f40955ae970f: BackgroundJobLogEvent(4,LogMessage(error,	at play.core.server.NettyServer$$anonfun$8.apply(NettyServer.scala:138)))
Sending msg to client play-fork-run-43ae9021-e9aa-4329-936e-f40955ae970f: BackgroundJobLogEvent(4,LogMessage(error,	at play.core.server.NettyServer$$anonfun$8.apply(NettyServer.scala:135)))
Sending msg to client play-fork-run-43ae9021-e9aa-4329-936e-f40955ae970f: BackgroundJobLogEvent(4,LogMessage(error,	at scala.Option.map(Option.scala:146)))
Sending msg to client play-fork-run-43ae9021-e9aa-4329-936e-f40955ae970f: BackgroundJobLogEvent(4,LogMessage(error,	at play.core.server.NettyServer.<init>(NettyServer.scala:135)))
Sending msg to client play-fork-run-43ae9021-e9aa-4329-936e-f40955ae970f: BackgroundJobLogEvent(4,LogMessage(error,	at play.core.server.NettyServer$$anonfun$mainDev$1.apply(NettyServer.scala:320)))
Sending msg to client play-fork-run-43ae9021-e9aa-4329-936e-f40955ae970f: BackgroundJobLogEvent(4,LogMessage(error,	at play.core.server.NettyServer$$anonfun$mainDev$1.apply(NettyServer.scala:318)))
Sending msg to client play-fork-run-43ae9021-e9aa-4329-936e-f40955ae970f: BackgroundJobLogEvent(4,LogMessage(error,	at play.utils.Threads$.withContextClassLoader(Threads.scala:21)))
Sending msg to client play-fork-run-43ae9021-e9aa-4329-936e-f40955ae970f: BackgroundJobLogEvent(4,LogMessage(error,	at play.core.server.NettyServer$.mainDev(NettyServer.scala:317)))
Sending msg to client play-fork-run-43ae9021-e9aa-4329-936e-f40955ae970f: BackgroundJobLogEvent(4,LogMessage(error,	at play.core.server.NettyServer$.mainDevHttpMode(NettyServer.scala:313)))
Sending msg to client play-fork-run-43ae9021-e9aa-4329-936e-f40955ae970f: BackgroundJobLogEvent(4,LogMessage(error,	at play.core.server.NettyServer.mainDevHttpMode(NettyServer.scala)))
Sending msg to client play-fork-run-43ae9021-e9aa-4329-936e-f40955ae970f: BackgroundJobLogEvent(4,LogMessage(error,	... 20 more))
Sending msg to client play-fork-run-43ae9021-e9aa-4329-936e-f40955ae970f: BackgroundJobLogEvent(4,LogMessage(error,Caused by: java.net.BindException: Address already in use: bind))
Sending msg to client play-fork-run-43ae9021-e9aa-4329-936e-f40955ae970f: BackgroundJobLogEvent(4,LogMessage(error,	at sun.nio.ch.Net.bind0(Native Method)))
Sending msg to client play-fork-run-43ae9021-e9aa-4329-936e-f40955ae970f: BackgroundJobLogEvent(4,LogMessage(error,	at sun.nio.ch.Net.bind(Net.java:433)))
Sending msg to client play-fork-run-43ae9021-e9aa-4329-936e-f40955ae970f: BackgroundJobLogEvent(4,LogMessage(error,	at sun.nio.ch.Net.bind(Net.java:425)))
Sending msg to client play-fork-run-43ae9021-e9aa-4329-936e-f40955ae970f: BackgroundJobLogEvent(4,LogMessage(error,	at sun.nio.ch.ServerSocketChannelImpl.bind(ServerSocketChannelImpl.java:223)))
Sending msg to client play-fork-run-43ae9021-e9aa-4329-936e-f40955ae970f: BackgroundJobLogEvent(4,LogMessage(error,	at sun.nio.ch.ServerSocketAdaptor.bind(ServerSocketAdaptor.java:74)))
Sending msg to client play-fork-run-43ae9021-e9aa-4329-936e-f40955ae970f: BackgroundJobLogEvent(4,LogMessage(error,	at org.jboss.netty.channel.socket.nio.NioServerBoss$RegisterTask.run(NioServerBoss.java:193)))
Sending msg to client play-fork-run-43ae9021-e9aa-4329-936e-f40955ae970f: BackgroundJobLogEvent(4,LogMessage(error,	at org.jboss.netty.channel.socket.nio.AbstractNioSelector.processTaskQueue(AbstractNioSelector.java:391)))
Sending msg to client play-fork-run-43ae9021-e9aa-4329-936e-f40955ae970f: BackgroundJobLogEvent(4,LogMessage(error,	at org.jboss.netty.channel.socket.nio.AbstractNioSelector.run(AbstractNioSelector.java:315)))
Sending msg to client play-fork-run-43ae9021-e9aa-4329-936e-f40955ae970f: BackgroundJobLogEvent(4,LogMessage(error,	at org.jboss.netty.channel.socket.nio.NioServerBoss.run(NioServerBoss.java:42)))
Sending msg to client play-fork-run-43ae9021-e9aa-4329-936e-f40955ae970f: BackgroundJobLogEvent(4,LogMessage(error,	at org.jboss.netty.util.ThreadRenamingRunnable.run(ThreadRenamingRunnable.java:108)))
Sending msg to client play-fork-run-43ae9021-e9aa-4329-936e-f40955ae970f: BackgroundJobLogEvent(4,LogMessage(error,	at org.jboss.netty.util.internal.DeadLockProofWorker$1.run(DeadLockProofWorker.java:42)))
Sending msg to client play-fork-run-43ae9021-e9aa-4329-936e-f40955ae970f: BackgroundJobLogEvent(4,LogMessage(error,	at java.util.concurrent.ThreadPoolExecutor.runWorker(ThreadPoolExecutor.java:1142)))
Sending msg to client play-fork-run-43ae9021-e9aa-4329-936e-f40955ae970f: BackgroundJobLogEvent(4,LogMessage(error,	at java.util.concurrent.ThreadPoolExecutor$Worker.run(ThreadPoolExecutor.java:617)))
Sending msg to client play-fork-run-43ae9021-e9aa-4329-936e-f40955ae970f: BackgroundJobLogEvent(4,LogMessage(error,	at java.lang.Thread.run(Thread.java:745)))
Got request: UnlistenToEvents()
Reading next message from client.
Sending msg to client play-fork-run-43ae9021-e9aa-4329-936e-f40955ae970f: (8,ReceivedResponse())
Got request: UnlistenToValue(AttributeKey[play.forkrun.protocol.ForkConfig]("playForkConfig") in Scope(Build: file:/C:/Users/AB/Desktop/Projetos/Scala/activator-dist-1.3.9/bin/chess-template/, , Project: ProjectReference(file:/C:/Users/AB/Desktop/Projetos/Scala/activator-dist-1.3.9/bin/chess-template/,root)))
Reading next message from client.
Client play-fork-run-43ae9021-e9aa-4329-936e-f40955ae970f EOF, shutting down.
Stopping client.
Client play-fork-run-43ae9021-e9aa-4329-936e-f40955ae970f thread exiting.
Dropping message (9,ReceivedResponse()) to dead client play-fork-run-43ae9021-e9aa-4329-936e-f40955ae970f
Dropping message (0,ReceivedResponse()) to dead client play-fork-run-43ae9021-e9aa-4329-936e-f40955ae970f
