New log file opened at Fri Jul 08 01:29:38 BRT 2016 by 6380@DESKTOP-S6G56J7
Sending msg to client play-fork-run-1d173e67-f75b-4234-850e-06aebaa3568e: DetachedLogEvent(LogMessage(debug,sbt server socket logs are in: C:\Users\AB\Desktop\Projetos\Scala\activator-dist-1.3.9\bin\chess-template\.sbtserver\connections\master.log))
Sending msg to client play-fork-run-1d173e67-f75b-4234-850e-06aebaa3568e: DetachedLogEvent(LogMessage(debug,sbt general server logs are in: C:\Users\AB\Desktop\Projetos\Scala\activator-dist-1.3.9\bin\chess-template\.sbtserver\master.log))
Sending msg to client play-fork-run-1d173e67-f75b-4234-850e-06aebaa3568e: DetachedLogEvent(LogMessage(debug,sbt client logs are in: C:\Users\AB\Desktop\Projetos\Scala\activator-dist-1.3.9\bin\chess-template\.sbtserver\connections\play-fork-run-1d173e67-f75b-4234-850e-06aebaa3568e.log))
Reading next message from client.
Got request: DaemonRequest(true)
Reading next message from client.
Sending msg to client play-fork-run-1d173e67-f75b-4234-850e-06aebaa3568e: (3,ReceivedResponse())
Got request: ListenToEvents()
Reading next message from client.
Sending msg to client play-fork-run-1d173e67-f75b-4234-850e-06aebaa3568e: BackgroundJobStarted(124,BackgroundJobInfo(2,backgroundRun,AttributeKey[sbt.BackgroundJobHandle]("backgroundRun") in Scope(Build: file:/C:/Users/AB/Desktop/Projetos/Scala/activator-dist-1.3.9/bin/chess-template/, , Project: ProjectReference(file:/C:/Users/AB/Desktop/Projetos/Scala/activator-dist-1.3.9/bin/chess-template/,root), Config: compile)))
Sending msg to client play-fork-run-1d173e67-f75b-4234-850e-06aebaa3568e: BackgroundJobStarted(40,BackgroundJobInfo(1,backgroundRun,AttributeKey[sbt.BackgroundJobHandle]("backgroundRun") in Scope(Build: file:/C:/Users/AB/Desktop/Projetos/Scala/activator-dist-1.3.9/bin/chess-template/, , Project: ProjectReference(file:/C:/Users/AB/Desktop/Projetos/Scala/activator-dist-1.3.9/bin/chess-template/,root), Config: compile)))
Sending msg to client play-fork-run-1d173e67-f75b-4234-850e-06aebaa3568e: (4,ReceivedResponse())
Got request: KeyLookupRequest(root/playForkConfig)
Reading next message from client.
Sending msg to client play-fork-run-1d173e67-f75b-4234-850e-06aebaa3568e: (5,KeyLookupResponse(root/playForkConfig,Vector(AttributeKey[play.forkrun.protocol.ForkConfig]("playForkConfig") in Scope(Build: file:/C:/Users/AB/Desktop/Projetos/Scala/activator-dist-1.3.9/bin/chess-template/, , Project: ProjectReference(file:/C:/Users/AB/Desktop/Projetos/Scala/activator-dist-1.3.9/bin/chess-template/,root)))))
Got request: ListenToValue(AttributeKey[play.forkrun.protocol.ForkConfig]("playForkConfig") in Scope(Build: file:/C:/Users/AB/Desktop/Projetos/Scala/activator-dist-1.3.9/bin/chess-template/, , Project: ProjectReference(file:/C:/Users/AB/Desktop/Projetos/Scala/activator-dist-1.3.9/bin/chess-template/,root)))
Reading next message from client.
Sending msg to client play-fork-run-1d173e67-f75b-4234-850e-06aebaa3568e: (6,ReceivedResponse())
Got request: KeyExecutionRequest(AttributeKey[play.forkrun.protocol.ForkConfig]("playForkConfig") in Scope(Build: file:/C:/Users/AB/Desktop/Projetos/Scala/activator-dist-1.3.9/bin/chess-template/, , Project: ProjectReference(file:/C:/Users/AB/Desktop/Projetos/Scala/activator-dist-1.3.9/bin/chess-template/,root)))
Reading next message from client.
Sending msg to client play-fork-run-1d173e67-f75b-4234-850e-06aebaa3568e: (7,ExecutionRequestReceived(125))
Sending msg to client play-fork-run-1d173e67-f75b-4234-850e-06aebaa3568e: ExecutionWaiting(125,{file:/C:/Users/AB/Desktop/Projetos/Scala/activator-dist-1.3.9/bin/chess-template/}root/*:playForkConfig,ClientInfo(1d173e67-f75b-4234-850e-06aebaa3568e,play-fork-run,Play Fork Run,1,Vector()))
Sending msg to client play-fork-run-1d173e67-f75b-4234-850e-06aebaa3568e: ExecutionStarting(125)
Sending msg to client play-fork-run-1d173e67-f75b-4234-850e-06aebaa3568e: DetachedLogEvent(LogMessage(debug,> {file:/C:/Users/AB/Desktop/Projetos/Scala/activator-dist-1.3.9/bin/chess-template/}root/*:playForkConfig))
Sending msg to client play-fork-run-1d173e67-f75b-4234-850e-06aebaa3568e: DetachedLogEvent(LogMessage(debug,Evaluating tasks: *:playForkConfig))
Sending msg to client play-fork-run-1d173e67-f75b-4234-850e-06aebaa3568e: DetachedLogEvent(LogMessage(debug,Running task... Cancel: sbt.server.ServerTaskCancellation@312e95eb, check cycles: false))
Sending msg to client play-fork-run-1d173e67-f75b-4234-850e-06aebaa3568e: DetachedLogEvent(LogMessage(debug,cancel strategy start enabled=true lastCommand=Some(LastCommand(CommandExecutionWork(ExecutionId(125),{file:/C:/Users/AB/Desktop/Projetos/Scala/activator-dist-1.3.9/bin/chess-template/}root/*:playForkConfig,Set(LiveClient(play-fork-run 1d173e67-f75b-4234-850e-06aebaa3568e)),sbt.server.WorkCancellationStatus$$anon$1@50c5e970)))))
Sending msg to client play-fork-run-1d173e67-f75b-4234-850e-06aebaa3568e: TaskStarted(125,17527,None)
Sending msg to client play-fork-run-1d173e67-f75b-4234-850e-06aebaa3568e: TaskStarted(125,17529,None)
Sending msg to client play-fork-run-1d173e67-f75b-4234-850e-06aebaa3568e: TaskStarted(125,17530,None)
Sending msg to client play-fork-run-1d173e67-f75b-4234-850e-06aebaa3568e: TaskStarted(125,17532,None)
Sending msg to client play-fork-run-1d173e67-f75b-4234-850e-06aebaa3568e: TaskStarted(125,17533,None)
Sending msg to client play-fork-run-1d173e67-f75b-4234-850e-06aebaa3568e: TaskStarted(125,17537,Some(AttributeKey[java.lang.String]("updateCacheName") in Scope(Build: file:/C:/Users/AB/Desktop/Projetos/Scala/activator-dist-1.3.9/bin/chess-template/, , Project: ProjectReference(file:/C:/Users/AB/Desktop/Projetos/Scala/activator-dist-1.3.9/bin/chess-template/,root))))
Sending msg to client play-fork-run-1d173e67-f75b-4234-850e-06aebaa3568e: TaskStarted(125,17538,Some(AttributeKey[boolean]("skip") in Scope(Global)))
Sending msg to client play-fork-run-1d173e67-f75b-4234-850e-06aebaa3568e: TaskStarted(125,17546,Some(AttributeKey[scala.collection.Seq[sbt.Credentials]]("credentials") in Scope(Global)))
Sending msg to client play-fork-run-1d173e67-f75b-4234-850e-06aebaa3568e: TaskStarted(125,17554,Some(AttributeKey[scala.Option[scala.collection.Seq[sbt.Resolver]]]("bootResolvers") in Scope(Build: file:/C:/Users/AB/Desktop/Projetos/Scala/activator-dist-1.3.9/bin/chess-template/, , Project: ProjectReference(file:/C:/Users/AB/Desktop/Projetos/Scala/activator-dist-1.3.9/bin/chess-template/,root))))
Sending msg to client play-fork-run-1d173e67-f75b-4234-850e-06aebaa3568e: TaskStarted(125,17555,Some(AttributeKey[scala.collection.Seq[sbt.Resolver]]("externalResolvers") in Scope(Build: file:/C:/Users/AB/Desktop/Projetos/Scala/activator-dist-1.3.9/bin/chess-template/, , Project: ProjectReference(file:/C:/Users/AB/Desktop/Projetos/Scala/activator-dist-1.3.9/bin/chess-template/,root))))
Sending msg to client play-fork-run-1d173e67-f75b-4234-850e-06aebaa3568e: TaskStarted(125,17558,None)
Sending msg to client play-fork-run-1d173e67-f75b-4234-850e-06aebaa3568e: TaskStarted(125,17567,None)
Sending msg to client play-fork-run-1d173e67-f75b-4234-850e-06aebaa3568e: TaskStarted(125,17573,None)
Sending msg to client play-fork-run-1d173e67-f75b-4234-850e-06aebaa3568e: TaskStarted(125,17574,Some(AttributeKey[scala.collection.Seq[java.lang.String]]("javaOptions") in Scope(Global)))
Sending msg to client play-fork-run-1d173e67-f75b-4234-850e-06aebaa3568e: TaskStarted(125,17576,Some(AttributeKey[scala.Tuple2[java.lang.String,java.io.File]]("playPrefixAndAssets") in Scope(Build: file:/C:/Users/AB/Desktop/Projetos/Scala/activator-dist-1.3.9/bin/chess-template/, , Project: ProjectReference(file:/C:/Users/AB/Desktop/Projetos/Scala/activator-dist-1.3.9/bin/chess-template/,root))))
Sending msg to client play-fork-run-1d173e67-f75b-4234-850e-06aebaa3568e: TaskFinished(125,17527,None,true,None)
Sending msg to client play-fork-run-1d173e67-f75b-4234-850e-06aebaa3568e: TaskStarted(125,17526,None)
Sending msg to client play-fork-run-1d173e67-f75b-4234-850e-06aebaa3568e: TaskStarted(125,17536,None)
Sending msg to client play-fork-run-1d173e67-f75b-4234-850e-06aebaa3568e: TaskStarted(125,17547,None)
Sending msg to client play-fork-run-1d173e67-f75b-4234-850e-06aebaa3568e: TaskStarted(125,17549,None)
Sending msg to client play-fork-run-1d173e67-f75b-4234-850e-06aebaa3568e: TaskStarted(125,17553,None)
Sending msg to client play-fork-run-1d173e67-f75b-4234-850e-06aebaa3568e: TaskStarted(125,17562,None)
Sending msg to client play-fork-run-1d173e67-f75b-4234-850e-06aebaa3568e: TaskStarted(125,17569,None)
Sending msg to client play-fork-run-1d173e67-f75b-4234-850e-06aebaa3568e: TaskStarted(125,17571,None)
Sending msg to client play-fork-run-1d173e67-f75b-4234-850e-06aebaa3568e: TaskFinished(125,17532,None,true,None)
Sending msg to client play-fork-run-1d173e67-f75b-4234-850e-06aebaa3568e: TaskFinished(125,17530,None,true,None)
Sending msg to client play-fork-run-1d173e67-f75b-4234-850e-06aebaa3568e: TaskFinished(125,17537,Some(AttributeKey[java.lang.String]("updateCacheName") in Scope(Build: file:/C:/Users/AB/Desktop/Projetos/Scala/activator-dist-1.3.9/bin/chess-template/, , Project: ProjectReference(file:/C:/Users/AB/Desktop/Projetos/Scala/activator-dist-1.3.9/bin/chess-template/,root))),true,None)
Sending msg to client play-fork-run-1d173e67-f75b-4234-850e-06aebaa3568e: TaskFinished(125,17529,None,true,None)
Sending msg to client play-fork-run-1d173e67-f75b-4234-850e-06aebaa3568e: TaskStarted(125,17544,Some(AttributeKey[sbt.BuildStructure]("buildStructure") in Scope(Global)))
Sending msg to client play-fork-run-1d173e67-f75b-4234-850e-06aebaa3568e: TaskStarted(125,17556,Some(AttributeKey[java.io.File]("dependencyCacheDirectory") in Scope(Build: file:/C:/Users/AB/Desktop/Projetos/Scala/activator-dist-1.3.9/bin/chess-template/, , Project: ProjectReference(file:/C:/Users/AB/Desktop/Projetos/Scala/activator-dist-1.3.9/bin/chess-template/,root))))
Sending msg to client play-fork-run-1d173e67-f75b-4234-850e-06aebaa3568e: TaskStarted(125,17579,Some(AttributeKey[scala.collection.Seq[java.lang.String]]("playMonitoredFiles") in Scope(Build: file:/C:/Users/AB/Desktop/Projetos/Scala/activator-dist-1.3.9/bin/chess-template/, , Project: ProjectReference(file:/C:/Users/AB/Desktop/Projetos/Scala/activator-dist-1.3.9/bin/chess-template/,root))))
Sending msg to client play-fork-run-1d173e67-f75b-4234-850e-06aebaa3568e: TaskFinished(125,17538,Some(AttributeKey[boolean]("skip") in Scope(Global)),true,None)
Sending msg to client play-fork-run-1d173e67-f75b-4234-850e-06aebaa3568e: TaskFinished(125,17546,Some(AttributeKey[scala.collection.Seq[sbt.Credentials]]("credentials") in Scope(Global)),true,None)
Sending msg to client play-fork-run-1d173e67-f75b-4234-850e-06aebaa3568e: TaskFinished(125,17554,Some(AttributeKey[scala.Option[scala.collection.Seq[sbt.Resolver]]]("bootResolvers") in Scope(Build: file:/C:/Users/AB/Desktop/Projetos/Scala/activator-dist-1.3.9/bin/chess-template/, , Project: ProjectReference(file:/C:/Users/AB/Desktop/Projetos/Scala/activator-dist-1.3.9/bin/chess-template/,root))),true,None)
Sending msg to client play-fork-run-1d173e67-f75b-4234-850e-06aebaa3568e: TaskFinished(125,17555,Some(AttributeKey[scala.collection.Seq[sbt.Resolver]]("externalResolvers") in Scope(Build: file:/C:/Users/AB/Desktop/Projetos/Scala/activator-dist-1.3.9/bin/chess-template/, , Project: ProjectReference(file:/C:/Users/AB/Desktop/Projetos/Scala/activator-dist-1.3.9/bin/chess-template/,root))),true,None)
Sending msg to client play-fork-run-1d173e67-f75b-4234-850e-06aebaa3568e: TaskFinished(125,17558,None,true,None)
Sending msg to client play-fork-run-1d173e67-f75b-4234-850e-06aebaa3568e: TaskFinished(125,17567,None,true,None)
Sending msg to client play-fork-run-1d173e67-f75b-4234-850e-06aebaa3568e: TaskFinished(125,17573,None,true,None)
Sending msg to client play-fork-run-1d173e67-f75b-4234-850e-06aebaa3568e: TaskFinished(125,17574,Some(AttributeKey[scala.collection.Seq[java.lang.String]]("javaOptions") in Scope(Global)),true,None)
Sending msg to client play-fork-run-1d173e67-f75b-4234-850e-06aebaa3568e: TaskStarted(125,17572,Some(AttributeKey[scala.collection.Seq[java.lang.String]]("javaOptions") in Scope(Build: file:/C:/Users/AB/Desktop/Projetos/Scala/activator-dist-1.3.9/bin/chess-template/, )))
Sending msg to client play-fork-run-1d173e67-f75b-4234-850e-06aebaa3568e: TaskFinished(125,17576,Some(AttributeKey[scala.Tuple2[java.lang.String,java.io.File]]("playPrefixAndAssets") in Scope(Build: file:/C:/Users/AB/Desktop/Projetos/Scala/activator-dist-1.3.9/bin/chess-template/, , Project: ProjectReference(file:/C:/Users/AB/Desktop/Projetos/Scala/activator-dist-1.3.9/bin/chess-template/,root))),true,None)
Sending msg to client play-fork-run-1d173e67-f75b-4234-850e-06aebaa3568e: TaskStarted(125,17578,None)
Sending msg to client play-fork-run-1d173e67-f75b-4234-850e-06aebaa3568e: TaskFinished(125,17526,None,true,None)
Sending msg to client play-fork-run-1d173e67-f75b-4234-850e-06aebaa3568e: TaskFinished(125,17536,None,true,None)
Sending msg to client play-fork-run-1d173e67-f75b-4234-850e-06aebaa3568e: TaskStarted(125,17535,Some(AttributeKey[scala.collection.immutable.Map[sbt.ModuleID,sbt.SourcePosition]]("dependencyPositions") in Scope(Build: file:/C:/Users/AB/Desktop/Projetos/Scala/activator-dist-1.3.9/bin/chess-template/, , Project: ProjectReference(file:/C:/Users/AB/Desktop/Projetos/Scala/activator-dist-1.3.9/bin/chess-template/,root))))
Sending msg to client play-fork-run-1d173e67-f75b-4234-850e-06aebaa3568e: TaskFinished(125,17533,None,true,None)
Sending msg to client play-fork-run-1d173e67-f75b-4234-850e-06aebaa3568e: TaskStarted(125,17531,Some(AttributeKey[scala.collection.Seq[sbt.UpdateReport]]("transitiveUpdate") in Scope(Build: file:/C:/Users/AB/Desktop/Projetos/Scala/activator-dist-1.3.9/bin/chess-template/, , Project: ProjectReference(file:/C:/Users/AB/Desktop/Projetos/Scala/activator-dist-1.3.9/bin/chess-template/,root))))
Sending msg to client play-fork-run-1d173e67-f75b-4234-850e-06aebaa3568e: TaskFinished(125,17562,None,true,None)
Sending msg to client play-fork-run-1d173e67-f75b-4234-850e-06aebaa3568e: TaskFinished(125,17553,None,true,None)
Sending msg to client play-fork-run-1d173e67-f75b-4234-850e-06aebaa3568e: TaskFinished(125,17549,None,true,None)
Sending msg to client play-fork-run-1d173e67-f75b-4234-850e-06aebaa3568e: TaskFinished(125,17569,None,true,None)
Sending msg to client play-fork-run-1d173e67-f75b-4234-850e-06aebaa3568e: TaskFinished(125,17571,None,true,None)
Sending msg to client play-fork-run-1d173e67-f75b-4234-850e-06aebaa3568e: TaskFinished(125,17547,None,true,None)
Sending msg to client play-fork-run-1d173e67-f75b-4234-850e-06aebaa3568e: TaskFinished(125,17544,Some(AttributeKey[sbt.BuildStructure]("buildStructure") in Scope(Global)),true,None)
Sending msg to client play-fork-run-1d173e67-f75b-4234-850e-06aebaa3568e: TaskStarted(125,17543,Some(AttributeKey[sbt.Settings[sbt.Scope]]("settingsData") in Scope(Global)))
Sending msg to client play-fork-run-1d173e67-f75b-4234-850e-06aebaa3568e: TaskFinished(125,17556,Some(AttributeKey[java.io.File]("dependencyCacheDirectory") in Scope(Build: file:/C:/Users/AB/Desktop/Projetos/Scala/activator-dist-1.3.9/bin/chess-template/, , Project: ProjectReference(file:/C:/Users/AB/Desktop/Projetos/Scala/activator-dist-1.3.9/bin/chess-template/,root))),true,None)
Sending msg to client play-fork-run-1d173e67-f75b-4234-850e-06aebaa3568e: TaskFinished(125,17572,Some(AttributeKey[scala.collection.Seq[java.lang.String]]("javaOptions") in Scope(Build: file:/C:/Users/AB/Desktop/Projetos/Scala/activator-dist-1.3.9/bin/chess-template/, )),true,None)
Sending msg to client play-fork-run-1d173e67-f75b-4234-850e-06aebaa3568e: TaskFinished(125,17579,Some(AttributeKey[scala.collection.Seq[java.lang.String]]("playMonitoredFiles") in Scope(Build: file:/C:/Users/AB/Desktop/Projetos/Scala/activator-dist-1.3.9/bin/chess-template/, , Project: ProjectReference(file:/C:/Users/AB/Desktop/Projetos/Scala/activator-dist-1.3.9/bin/chess-template/,root))),true,None)
Sending msg to client play-fork-run-1d173e67-f75b-4234-850e-06aebaa3568e: TaskFinished(125,17578,None,true,None)
Sending msg to client play-fork-run-1d173e67-f75b-4234-850e-06aebaa3568e: TaskStarted(125,17577,None)
Sending msg to client play-fork-run-1d173e67-f75b-4234-850e-06aebaa3568e: TaskFinished(125,17531,Some(AttributeKey[scala.collection.Seq[sbt.UpdateReport]]("transitiveUpdate") in Scope(Build: file:/C:/Users/AB/Desktop/Projetos/Scala/activator-dist-1.3.9/bin/chess-template/, , Project: ProjectReference(file:/C:/Users/AB/Desktop/Projetos/Scala/activator-dist-1.3.9/bin/chess-template/,root))),true,None)
Sending msg to client play-fork-run-1d173e67-f75b-4234-850e-06aebaa3568e: TaskFinished(125,17543,Some(AttributeKey[sbt.Settings[sbt.Scope]]("settingsData") in Scope(Global)),true,None)
Sending msg to client play-fork-run-1d173e67-f75b-4234-850e-06aebaa3568e: TaskStarted(125,17542,Some(AttributeKey[scala.collection.Seq[sbt.ModuleID]]("projectDependencies") in Scope(Build: file:/C:/Users/AB/Desktop/Projetos/Scala/activator-dist-1.3.9/bin/chess-template/, , Project: ProjectReference(file:/C:/Users/AB/Desktop/Projetos/Scala/activator-dist-1.3.9/bin/chess-template/,root))))
Sending msg to client play-fork-run-1d173e67-f75b-4234-850e-06aebaa3568e: TaskStarted(125,17552,Some(AttributeKey[scala.collection.immutable.Map[org.apache.ivy.core.module.id.ModuleRevisionId,org.apache.ivy.core.module.descriptor.ModuleDescriptor]]("projectDescriptors") in Scope(Build: file:/C:/Users/AB/Desktop/Projetos/Scala/activator-dist-1.3.9/bin/chess-template/, , Project: ProjectReference(file:/C:/Users/AB/Desktop/Projetos/Scala/activator-dist-1.3.9/bin/chess-template/,root))))
Sending msg to client play-fork-run-1d173e67-f75b-4234-850e-06aebaa3568e: TaskStarted(125,17557,None)
Sending msg to client play-fork-run-1d173e67-f75b-4234-850e-06aebaa3568e: TaskStarted(125,17570,None)
Sending msg to client play-fork-run-1d173e67-f75b-4234-850e-06aebaa3568e: TaskFinished(125,17577,None,true,None)
Sending msg to client play-fork-run-1d173e67-f75b-4234-850e-06aebaa3568e: TaskStarted(125,17575,Some(AttributeKey[scala.collection.Seq[scala.Tuple2[java.lang.String,java.io.File]]]("playAllAssets") in Scope(Build: file:/C:/Users/AB/Desktop/Projetos/Scala/activator-dist-1.3.9/bin/chess-template/, , Project: ProjectReference(file:/C:/Users/AB/Desktop/Projetos/Scala/activator-dist-1.3.9/bin/chess-template/,root))))
Sending msg to client play-fork-run-1d173e67-f75b-4234-850e-06aebaa3568e: TaskFinished(125,17542,Some(AttributeKey[scala.collection.Seq[sbt.ModuleID]]("projectDependencies") in Scope(Build: file:/C:/Users/AB/Desktop/Projetos/Scala/activator-dist-1.3.9/bin/chess-template/, , Project: ProjectReference(file:/C:/Users/AB/Desktop/Projetos/Scala/activator-dist-1.3.9/bin/chess-template/,root))),true,None)
Sending msg to client play-fork-run-1d173e67-f75b-4234-850e-06aebaa3568e: TaskStarted(125,17541,Some(AttributeKey[scala.collection.Seq[sbt.ModuleID]]("allDependencies") in Scope(Build: file:/C:/Users/AB/Desktop/Projetos/Scala/activator-dist-1.3.9/bin/chess-template/, , Project: ProjectReference(file:/C:/Users/AB/Desktop/Projetos/Scala/activator-dist-1.3.9/bin/chess-template/,root))))
Sending msg to client play-fork-run-1d173e67-f75b-4234-850e-06aebaa3568e: TaskStarted(125,17580,None)
Sending msg to client play-fork-run-1d173e67-f75b-4234-850e-06aebaa3568e: TaskStarted(125,17582,None)
Sending msg to client play-fork-run-1d173e67-f75b-4234-850e-06aebaa3568e: TaskStarted(125,17587,None)
Sending msg to client play-fork-run-1d173e67-f75b-4234-850e-06aebaa3568e: TaskStarted(125,17589,None)
Sending msg to client play-fork-run-1d173e67-f75b-4234-850e-06aebaa3568e: TaskStarted(125,17590,None)
Sending msg to client play-fork-run-1d173e67-f75b-4234-850e-06aebaa3568e: TaskStarted(125,17592,None)
Sending msg to client play-fork-run-1d173e67-f75b-4234-850e-06aebaa3568e: TaskStarted(125,17593,None)
Sending msg to client play-fork-run-1d173e67-f75b-4234-850e-06aebaa3568e: TaskFinished(125,17575,Some(AttributeKey[scala.collection.Seq[scala.Tuple2[java.lang.String,java.io.File]]]("playAllAssets") in Scope(Build: file:/C:/Users/AB/Desktop/Projetos/Scala/activator-dist-1.3.9/bin/chess-template/, , Project: ProjectReference(file:/C:/Users/AB/Desktop/Projetos/Scala/activator-dist-1.3.9/bin/chess-template/,root))),true,None)
Sending msg to client play-fork-run-1d173e67-f75b-4234-850e-06aebaa3568e: TaskFinished(125,17541,Some(AttributeKey[scala.collection.Seq[sbt.ModuleID]]("allDependencies") in Scope(Build: file:/C:/Users/AB/Desktop/Projetos/Scala/activator-dist-1.3.9/bin/chess-template/, , Project: ProjectReference(file:/C:/Users/AB/Desktop/Projetos/Scala/activator-dist-1.3.9/bin/chess-template/,root))),true,None)
Sending msg to client play-fork-run-1d173e67-f75b-4234-850e-06aebaa3568e: TaskStarted(125,17540,Some(AttributeKey[sbt.ModuleSettings]("moduleSettings") in Scope(Build: file:/C:/Users/AB/Desktop/Projetos/Scala/activator-dist-1.3.9/bin/chess-template/, , Project: ProjectReference(file:/C:/Users/AB/Desktop/Projetos/Scala/activator-dist-1.3.9/bin/chess-template/,root))))
Sending msg to client play-fork-run-1d173e67-f75b-4234-850e-06aebaa3568e: TaskFinished(125,17580,None,true,None)
Sending msg to client play-fork-run-1d173e67-f75b-4234-850e-06aebaa3568e: TaskFinished(125,17557,None,true,None)
Sending msg to client play-fork-run-1d173e67-f75b-4234-850e-06aebaa3568e: TaskFinished(125,17582,None,true,None)
Sending msg to client play-fork-run-1d173e67-f75b-4234-850e-06aebaa3568e: TaskStarted(125,17581,None)
Sending msg to client play-fork-run-1d173e67-f75b-4234-850e-06aebaa3568e: TaskFinished(125,17587,None,true,None)
Sending msg to client play-fork-run-1d173e67-f75b-4234-850e-06aebaa3568e: TaskStarted(125,17586,None)
Sending msg to client play-fork-run-1d173e67-f75b-4234-850e-06aebaa3568e: TaskFinished(125,17589,None,true,None)
Sending msg to client play-fork-run-1d173e67-f75b-4234-850e-06aebaa3568e: TaskFinished(125,17590,None,true,None)
Sending msg to client play-fork-run-1d173e67-f75b-4234-850e-06aebaa3568e: TaskStarted(125,17588,Some(AttributeKey[scala.collection.Seq[sbt.Attributed[java.io.File]]]("unmanagedJars") in Scope(Build: file:/C:/Users/AB/Desktop/Projetos/Scala/activator-dist-1.3.9/bin/chess-template/, , Project: ProjectReference(file:/C:/Users/AB/Desktop/Projetos/Scala/activator-dist-1.3.9/bin/chess-template/,root), Config: compile)))
Sending msg to client play-fork-run-1d173e67-f75b-4234-850e-06aebaa3568e: TaskFinished(125,17592,None,true,None)
Sending msg to client play-fork-run-1d173e67-f75b-4234-850e-06aebaa3568e: TaskFinished(125,17593,None,true,None)
Sending msg to client play-fork-run-1d173e67-f75b-4234-850e-06aebaa3568e: TaskStarted(125,17591,Some(AttributeKey[scala.collection.Seq[sbt.Attributed[java.io.File]]]("unmanagedJars") in Scope(Build: file:/C:/Users/AB/Desktop/Projetos/Scala/activator-dist-1.3.9/bin/chess-template/, , Project: ProjectReference(file:/C:/Users/AB/Desktop/Projetos/Scala/activator-dist-1.3.9/bin/chess-template/,root), Config: runtime)))
Sending msg to client play-fork-run-1d173e67-f75b-4234-850e-06aebaa3568e: TaskFinished(125,17540,Some(AttributeKey[sbt.ModuleSettings]("moduleSettings") in Scope(Build: file:/C:/Users/AB/Desktop/Projetos/Scala/activator-dist-1.3.9/bin/chess-template/, , Project: ProjectReference(file:/C:/Users/AB/Desktop/Projetos/Scala/activator-dist-1.3.9/bin/chess-template/,root))),true,None)
Sending msg to client play-fork-run-1d173e67-f75b-4234-850e-06aebaa3568e: TaskFinished(125,17581,None,true,None)
Sending msg to client play-fork-run-1d173e67-f75b-4234-850e-06aebaa3568e: TaskFinished(125,17552,Some(AttributeKey[scala.collection.immutable.Map[org.apache.ivy.core.module.id.ModuleRevisionId,org.apache.ivy.core.module.descriptor.ModuleDescriptor]]("projectDescriptors") in Scope(Build: file:/C:/Users/AB/Desktop/Projetos/Scala/activator-dist-1.3.9/bin/chess-template/, , Project: ProjectReference(file:/C:/Users/AB/Desktop/Projetos/Scala/activator-dist-1.3.9/bin/chess-template/,root))),true,None)
Sending msg to client play-fork-run-1d173e67-f75b-4234-850e-06aebaa3568e: TaskStarted(125,17551,Some(AttributeKey[sbt.Resolver]("projectResolver") in Scope(Build: file:/C:/Users/AB/Desktop/Projetos/Scala/activator-dist-1.3.9/bin/chess-template/, , Project: ProjectReference(file:/C:/Users/AB/Desktop/Projetos/Scala/activator-dist-1.3.9/bin/chess-template/,root))))
Sending msg to client play-fork-run-1d173e67-f75b-4234-850e-06aebaa3568e: TaskStarted(125,17594,None)
Sending msg to client play-fork-run-1d173e67-f75b-4234-850e-06aebaa3568e: TaskFinished(125,17588,Some(AttributeKey[scala.collection.Seq[sbt.Attributed[java.io.File]]]("unmanagedJars") in Scope(Build: file:/C:/Users/AB/Desktop/Projetos/Scala/activator-dist-1.3.9/bin/chess-template/, , Project: ProjectReference(file:/C:/Users/AB/Desktop/Projetos/Scala/activator-dist-1.3.9/bin/chess-template/,root), Config: compile)),true,None)
Sending msg to client play-fork-run-1d173e67-f75b-4234-850e-06aebaa3568e: TaskFinished(125,17591,Some(AttributeKey[scala.collection.Seq[sbt.Attributed[java.io.File]]]("unmanagedJars") in Scope(Build: file:/C:/Users/AB/Desktop/Projetos/Scala/activator-dist-1.3.9/bin/chess-template/, , Project: ProjectReference(file:/C:/Users/AB/Desktop/Projetos/Scala/activator-dist-1.3.9/bin/chess-template/,root), Config: runtime)),true,None)
Sending msg to client play-fork-run-1d173e67-f75b-4234-850e-06aebaa3568e: TaskFinished(125,17551,Some(AttributeKey[sbt.Resolver]("projectResolver") in Scope(Build: file:/C:/Users/AB/Desktop/Projetos/Scala/activator-dist-1.3.9/bin/chess-template/, , Project: ProjectReference(file:/C:/Users/AB/Desktop/Projetos/Scala/activator-dist-1.3.9/bin/chess-template/,root))),true,None)
Sending msg to client play-fork-run-1d173e67-f75b-4234-850e-06aebaa3568e: TaskStarted(125,17550,Some(AttributeKey[scala.collection.Seq[sbt.Resolver]]("fullResolvers") in Scope(Build: file:/C:/Users/AB/Desktop/Projetos/Scala/activator-dist-1.3.9/bin/chess-template/, , Project: ProjectReference(file:/C:/Users/AB/Desktop/Projetos/Scala/activator-dist-1.3.9/bin/chess-template/,root))))
Sending msg to client play-fork-run-1d173e67-f75b-4234-850e-06aebaa3568e: TaskFinished(125,17594,None,true,None)
Sending msg to client play-fork-run-1d173e67-f75b-4234-850e-06aebaa3568e: TaskFinished(125,17586,None,true,None)
Sending msg to client play-fork-run-1d173e67-f75b-4234-850e-06aebaa3568e: TaskStarted(125,17585,Some(AttributeKey[scala.collection.Seq[sbt.Attributed[java.io.File]]]("unmanagedJars") in Scope(Build: file:/C:/Users/AB/Desktop/Projetos/Scala/activator-dist-1.3.9/bin/chess-template/, , Project: ProjectReference(file:/C:/Users/AB/Desktop/Projetos/Scala/activator-dist-1.3.9/bin/chess-template/,root), Config: compile)))
Sending msg to client play-fork-run-1d173e67-f75b-4234-850e-06aebaa3568e: TaskFinished(125,17550,Some(AttributeKey[scala.collection.Seq[sbt.Resolver]]("fullResolvers") in Scope(Build: file:/C:/Users/AB/Desktop/Projetos/Scala/activator-dist-1.3.9/bin/chess-template/, , Project: ProjectReference(file:/C:/Users/AB/Desktop/Projetos/Scala/activator-dist-1.3.9/bin/chess-template/,root))),true,None)
Sending msg to client play-fork-run-1d173e67-f75b-4234-850e-06aebaa3568e: TaskStarted(125,17548,Some(AttributeKey[sbt.IvyConfiguration]("ivyConfiguration") in Scope(Build: file:/C:/Users/AB/Desktop/Projetos/Scala/activator-dist-1.3.9/bin/chess-template/, , Project: ProjectReference(file:/C:/Users/AB/Desktop/Projetos/Scala/activator-dist-1.3.9/bin/chess-template/,root))))
Sending msg to client play-fork-run-1d173e67-f75b-4234-850e-06aebaa3568e: TaskFinished(125,17585,Some(AttributeKey[scala.collection.Seq[sbt.Attributed[java.io.File]]]("unmanagedJars") in Scope(Build: file:/C:/Users/AB/Desktop/Projetos/Scala/activator-dist-1.3.9/bin/chess-template/, , Project: ProjectReference(file:/C:/Users/AB/Desktop/Projetos/Scala/activator-dist-1.3.9/bin/chess-template/,root), Config: compile)),true,None)
Sending msg to client play-fork-run-1d173e67-f75b-4234-850e-06aebaa3568e: TaskStarted(125,17584,None)
Sending msg to client play-fork-run-1d173e67-f75b-4234-850e-06aebaa3568e: TaskFinished(125,17548,Some(AttributeKey[sbt.IvyConfiguration]("ivyConfiguration") in Scope(Build: file:/C:/Users/AB/Desktop/Projetos/Scala/activator-dist-1.3.9/bin/chess-template/, , Project: ProjectReference(file:/C:/Users/AB/Desktop/Projetos/Scala/activator-dist-1.3.9/bin/chess-template/,root))),true,None)
Sending msg to client play-fork-run-1d173e67-f75b-4234-850e-06aebaa3568e: TaskStarted(125,17545,Some(AttributeKey[sbt.IvySbt]("ivySbt") in Scope(Build: file:/C:/Users/AB/Desktop/Projetos/Scala/activator-dist-1.3.9/bin/chess-template/, , Project: ProjectReference(file:/C:/Users/AB/Desktop/Projetos/Scala/activator-dist-1.3.9/bin/chess-template/,root))))
Sending msg to client play-fork-run-1d173e67-f75b-4234-850e-06aebaa3568e: TaskFinished(125,17584,None,true,None)
Sending msg to client play-fork-run-1d173e67-f75b-4234-850e-06aebaa3568e: TaskStarted(125,17583,None)
Sending msg to client play-fork-run-1d173e67-f75b-4234-850e-06aebaa3568e: TaskFinished(125,17545,Some(AttributeKey[sbt.IvySbt]("ivySbt") in Scope(Build: file:/C:/Users/AB/Desktop/Projetos/Scala/activator-dist-1.3.9/bin/chess-template/, , Project: ProjectReference(file:/C:/Users/AB/Desktop/Projetos/Scala/activator-dist-1.3.9/bin/chess-template/,root))),true,None)
Sending msg to client play-fork-run-1d173e67-f75b-4234-850e-06aebaa3568e: TaskStarted(125,17539,Some(AttributeKey[sbt.IvySbt$Module]("ivyModule") in Scope(Build: file:/C:/Users/AB/Desktop/Projetos/Scala/activator-dist-1.3.9/bin/chess-template/, , Project: ProjectReference(file:/C:/Users/AB/Desktop/Projetos/Scala/activator-dist-1.3.9/bin/chess-template/,root))))
Sending msg to client play-fork-run-1d173e67-f75b-4234-850e-06aebaa3568e: TaskFinished(125,17583,None,true,None)
Sending msg to client play-fork-run-1d173e67-f75b-4234-850e-06aebaa3568e: TaskFinished(125,17570,None,true,None)
Sending msg to client play-fork-run-1d173e67-f75b-4234-850e-06aebaa3568e: TaskStarted(125,17568,Some(AttributeKey[scala.collection.Seq[sbt.Attributed[java.io.File]]]("unmanagedClasspath") in Scope(Build: file:/C:/Users/AB/Desktop/Projetos/Scala/activator-dist-1.3.9/bin/chess-template/, , Project: ProjectReference(file:/C:/Users/AB/Desktop/Projetos/Scala/activator-dist-1.3.9/bin/chess-template/,root), Config: runtime)))
Sending msg to client play-fork-run-1d173e67-f75b-4234-850e-06aebaa3568e: TaskFinished(125,17539,Some(AttributeKey[sbt.IvySbt$Module]("ivyModule") in Scope(Build: file:/C:/Users/AB/Desktop/Projetos/Scala/activator-dist-1.3.9/bin/chess-template/, , Project: ProjectReference(file:/C:/Users/AB/Desktop/Projetos/Scala/activator-dist-1.3.9/bin/chess-template/,root))),true,None)
Sending msg to client play-fork-run-1d173e67-f75b-4234-850e-06aebaa3568e: TaskFinished(125,17568,Some(AttributeKey[scala.collection.Seq[sbt.Attributed[java.io.File]]]("unmanagedClasspath") in Scope(Build: file:/C:/Users/AB/Desktop/Projetos/Scala/activator-dist-1.3.9/bin/chess-template/, , Project: ProjectReference(file:/C:/Users/AB/Desktop/Projetos/Scala/activator-dist-1.3.9/bin/chess-template/,root), Config: runtime)),true,None)
Sending msg to client play-fork-run-1d173e67-f75b-4234-850e-06aebaa3568e: TaskFinished(125,17535,Some(AttributeKey[scala.collection.immutable.Map[sbt.ModuleID,sbt.SourcePosition]]("dependencyPositions") in Scope(Build: file:/C:/Users/AB/Desktop/Projetos/Scala/activator-dist-1.3.9/bin/chess-template/, , Project: ProjectReference(file:/C:/Users/AB/Desktop/Projetos/Scala/activator-dist-1.3.9/bin/chess-template/,root))),true,None)
Sending msg to client play-fork-run-1d173e67-f75b-4234-850e-06aebaa3568e: TaskStarted(125,17534,Some(AttributeKey[sbt.UnresolvedWarningConfiguration]("unresolvedWarningConfiguration") in Scope(Build: file:/C:/Users/AB/Desktop/Projetos/Scala/activator-dist-1.3.9/bin/chess-template/, , Project: ProjectReference(file:/C:/Users/AB/Desktop/Projetos/Scala/activator-dist-1.3.9/bin/chess-template/,root), Task: AttributeKey[sbt.UpdateReport]("update"))))
Sending msg to client play-fork-run-1d173e67-f75b-4234-850e-06aebaa3568e: TaskFinished(125,17534,Some(AttributeKey[sbt.UnresolvedWarningConfiguration]("unresolvedWarningConfiguration") in Scope(Build: file:/C:/Users/AB/Desktop/Projetos/Scala/activator-dist-1.3.9/bin/chess-template/, , Project: ProjectReference(file:/C:/Users/AB/Desktop/Projetos/Scala/activator-dist-1.3.9/bin/chess-template/,root), Task: AttributeKey[sbt.UpdateReport]("update"))),true,None)
Sending msg to client play-fork-run-1d173e67-f75b-4234-850e-06aebaa3568e: TaskStarted(125,17528,Some(AttributeKey[sbt.UpdateReport]("update") in Scope(Build: file:/C:/Users/AB/Desktop/Projetos/Scala/activator-dist-1.3.9/bin/chess-template/, , Project: ProjectReference(file:/C:/Users/AB/Desktop/Projetos/Scala/activator-dist-1.3.9/bin/chess-template/,root))))
Sending msg to client play-fork-run-1d173e67-f75b-4234-850e-06aebaa3568e: TaskFinished(125,17528,Some(AttributeKey[sbt.UpdateReport]("update") in Scope(Build: file:/C:/Users/AB/Desktop/Projetos/Scala/activator-dist-1.3.9/bin/chess-template/, , Project: ProjectReference(file:/C:/Users/AB/Desktop/Projetos/Scala/activator-dist-1.3.9/bin/chess-template/,root))),true,None)
Sending msg to client play-fork-run-1d173e67-f75b-4234-850e-06aebaa3568e: TaskStarted(125,17525,Some(AttributeKey[sbt.UpdateReport]("update") in Scope(Build: file:/C:/Users/AB/Desktop/Projetos/Scala/activator-dist-1.3.9/bin/chess-template/, , Project: ProjectReference(file:/C:/Users/AB/Desktop/Projetos/Scala/activator-dist-1.3.9/bin/chess-template/,root))))
Sending msg to client play-fork-run-1d173e67-f75b-4234-850e-06aebaa3568e: TaskFinished(125,17525,Some(AttributeKey[sbt.UpdateReport]("update") in Scope(Build: file:/C:/Users/AB/Desktop/Projetos/Scala/activator-dist-1.3.9/bin/chess-template/, , Project: ProjectReference(file:/C:/Users/AB/Desktop/Projetos/Scala/activator-dist-1.3.9/bin/chess-template/,root))),true,None)
Sending msg to client play-fork-run-1d173e67-f75b-4234-850e-06aebaa3568e: TaskStarted(125,17524,Some(AttributeKey[scala.collection.Seq[sbt.Attributed[java.io.File]]]("managedClasspath") in Scope(Build: file:/C:/Users/AB/Desktop/Projetos/Scala/activator-dist-1.3.9/bin/chess-template/, , Project: ProjectReference(file:/C:/Users/AB/Desktop/Projetos/Scala/activator-dist-1.3.9/bin/chess-template/,root), Config: docs)))
Sending msg to client play-fork-run-1d173e67-f75b-4234-850e-06aebaa3568e: TaskStarted(125,17566,Some(AttributeKey[sbt.Configuration]("classpathConfiguration") in Scope(Build: file:/C:/Users/AB/Desktop/Projetos/Scala/activator-dist-1.3.9/bin/chess-template/, , Project: ProjectReference(file:/C:/Users/AB/Desktop/Projetos/Scala/activator-dist-1.3.9/bin/chess-template/,root), Config: compile)))
Sending msg to client play-fork-run-1d173e67-f75b-4234-850e-06aebaa3568e: TaskFinished(125,17566,Some(AttributeKey[sbt.Configuration]("classpathConfiguration") in Scope(Build: file:/C:/Users/AB/Desktop/Projetos/Scala/activator-dist-1.3.9/bin/chess-template/, , Project: ProjectReference(file:/C:/Users/AB/Desktop/Projetos/Scala/activator-dist-1.3.9/bin/chess-template/,root), Config: compile)),true,None)
Sending msg to client play-fork-run-1d173e67-f75b-4234-850e-06aebaa3568e: TaskStarted(125,17565,None)
Sending msg to client play-fork-run-1d173e67-f75b-4234-850e-06aebaa3568e: TaskFinished(125,17524,Some(AttributeKey[scala.collection.Seq[sbt.Attributed[java.io.File]]]("managedClasspath") in Scope(Build: file:/C:/Users/AB/Desktop/Projetos/Scala/activator-dist-1.3.9/bin/chess-template/, , Project: ProjectReference(file:/C:/Users/AB/Desktop/Projetos/Scala/activator-dist-1.3.9/bin/chess-template/,root), Config: docs)),true,None)
Sending msg to client play-fork-run-1d173e67-f75b-4234-850e-06aebaa3568e: TaskFinished(125,17565,None,true,None)
Sending msg to client play-fork-run-1d173e67-f75b-4234-850e-06aebaa3568e: TaskStarted(125,17564,Some(AttributeKey[sbt.Configuration]("classpathConfiguration") in Scope(Build: file:/C:/Users/AB/Desktop/Projetos/Scala/activator-dist-1.3.9/bin/chess-template/, , Project: ProjectReference(file:/C:/Users/AB/Desktop/Projetos/Scala/activator-dist-1.3.9/bin/chess-template/,root), Config: runtime)))
Sending msg to client play-fork-run-1d173e67-f75b-4234-850e-06aebaa3568e: TaskFinished(125,17564,Some(AttributeKey[sbt.Configuration]("classpathConfiguration") in Scope(Build: file:/C:/Users/AB/Desktop/Projetos/Scala/activator-dist-1.3.9/bin/chess-template/, , Project: ProjectReference(file:/C:/Users/AB/Desktop/Projetos/Scala/activator-dist-1.3.9/bin/chess-template/,root), Config: runtime)),true,None)
Sending msg to client play-fork-run-1d173e67-f75b-4234-850e-06aebaa3568e: TaskStarted(125,17563,None)
Sending msg to client play-fork-run-1d173e67-f75b-4234-850e-06aebaa3568e: TaskFinished(125,17563,None,true,None)
Sending msg to client play-fork-run-1d173e67-f75b-4234-850e-06aebaa3568e: TaskStarted(125,17561,Some(AttributeKey[scala.collection.Seq[sbt.Attributed[java.io.File]]]("managedClasspath") in Scope(Build: file:/C:/Users/AB/Desktop/Projetos/Scala/activator-dist-1.3.9/bin/chess-template/, , Project: ProjectReference(file:/C:/Users/AB/Desktop/Projetos/Scala/activator-dist-1.3.9/bin/chess-template/,root), Config: runtime)))
Sending msg to client play-fork-run-1d173e67-f75b-4234-850e-06aebaa3568e: TaskFinished(125,17561,Some(AttributeKey[scala.collection.Seq[sbt.Attributed[java.io.File]]]("managedClasspath") in Scope(Build: file:/C:/Users/AB/Desktop/Projetos/Scala/activator-dist-1.3.9/bin/chess-template/, , Project: ProjectReference(file:/C:/Users/AB/Desktop/Projetos/Scala/activator-dist-1.3.9/bin/chess-template/,root), Config: runtime)),true,None)
Sending msg to client play-fork-run-1d173e67-f75b-4234-850e-06aebaa3568e: TaskStarted(125,17560,None)
Sending msg to client play-fork-run-1d173e67-f75b-4234-850e-06aebaa3568e: TaskFinished(125,17560,None,true,None)
Sending msg to client play-fork-run-1d173e67-f75b-4234-850e-06aebaa3568e: TaskStarted(125,17559,Some(AttributeKey[scala.collection.Seq[sbt.Attributed[java.io.File]]]("playDependencyClasspath") in Scope(Build: file:/C:/Users/AB/Desktop/Projetos/Scala/activator-dist-1.3.9/bin/chess-template/, , Project: ProjectReference(file:/C:/Users/AB/Desktop/Projetos/Scala/activator-dist-1.3.9/bin/chess-template/,root))))
Sending msg to client play-fork-run-1d173e67-f75b-4234-850e-06aebaa3568e: TaskFinished(125,17559,Some(AttributeKey[scala.collection.Seq[sbt.Attributed[java.io.File]]]("playDependencyClasspath") in Scope(Build: file:/C:/Users/AB/Desktop/Projetos/Scala/activator-dist-1.3.9/bin/chess-template/, , Project: ProjectReference(file:/C:/Users/AB/Desktop/Projetos/Scala/activator-dist-1.3.9/bin/chess-template/,root))),true,None)
Sending msg to client play-fork-run-1d173e67-f75b-4234-850e-06aebaa3568e: TaskStarted(125,17523,Some(AttributeKey[play.forkrun.protocol.ForkConfig]("playForkConfig") in Scope(Build: file:/C:/Users/AB/Desktop/Projetos/Scala/activator-dist-1.3.9/bin/chess-template/, , Project: ProjectReference(file:/C:/Users/AB/Desktop/Projetos/Scala/activator-dist-1.3.9/bin/chess-template/,root))))
Sending msg to client play-fork-run-1d173e67-f75b-4234-850e-06aebaa3568e: TaskFinished(125,17523,Some(AttributeKey[play.forkrun.protocol.ForkConfig]("playForkConfig") in Scope(Build: file:/C:/Users/AB/Desktop/Projetos/Scala/activator-dist-1.3.9/bin/chess-template/, , Project: ProjectReference(file:/C:/Users/AB/Desktop/Projetos/Scala/activator-dist-1.3.9/bin/chess-template/,root))),true,None)
Sending msg to client play-fork-run-1d173e67-f75b-4234-850e-06aebaa3568e: ValueChanged(AttributeKey[play.forkrun.protocol.ForkConfig]("playForkConfig") in Scope(Build: file:/C:/Users/AB/Desktop/Projetos/Scala/activator-dist-1.3.9/bin/chess-template/, , Project: ProjectReference(file:/C:/Users/AB/Desktop/Projetos/Scala/activator-dist-1.3.9/bin/chess-template/,root)),TaskSuccess(BuildValue(LazyValue(ForkConfig(C:\Users\AB\Desktop\Projetos\Scala\activator-dist-1.3.9\bin\chess-template,List(-Djna.nosys=true),List(C:\Users\AB\.ivy2\cache\org.scala-lang\scala-library\jars\scala-library-2.11.7.jar, C:\Users\AB\.ivy2\cache\com.typesafe.play\twirl-api_2.11\jars\twirl-api_2.11-1.0.2.jar, C:\Users\AB\.ivy2\cache\org.apache.commons\commons-lang3\jars\commons-lang3-3.1.jar, C:\Users\AB\.ivy2\cache\org.scala-lang.modules\scala-xml_2.11\bundles\scala-xml_2.11-1.0.1.jar, C:\Users\AB\.ivy2\cache\com.typesafe.play\play_2.11\jars\play_2.11-2.3.10.jar, C:\Users\AB\.ivy2\cache\com.typesafe.play\build-link\jars\build-link-2.3.10.jar, C:\Users\AB\.ivy2\cache\com.typesafe.play\play-exceptions\jars\play-exceptions-2.3.10.jar, C:\Users\AB\.ivy2\cache\org.javassist\javassist\bundles\javassist-3.18.2-GA.jar, C:\Users\AB\.ivy2\cache\com.typesafe.play\play-iteratees_2.11\jars\play-iteratees_2.11-2.3.10.jar, C:\Users\AB\.ivy2\cache\org.scala-stm\scala-stm_2.11\jars\scala-stm_2.11-0.7.jar, C:\Users\AB\.ivy2\cache\com.typesafe\config\bundles\config-1.2.1.jar, C:\Users\AB\.ivy2\cache\com.typesafe.play\play-json_2.11\jars\play-json_2.11-2.3.10.jar, C:\Users\AB\.ivy2\cache\com.typesafe.play\play-functional_2.11\jars\play-functional_2.11-2.3.10.jar, C:\Users\AB\.ivy2\cache\com.typesafe.play\play-datacommons_2.11\jars\play-datacommons_2.11-2.3.10.jar, C:\Users\AB\.ivy2\cache\joda-time\joda-time\jars\joda-time-2.3.jar, C:\Users\AB\.ivy2\cache\org.joda\joda-convert\jars\joda-convert-1.6.jar, C:\Users\AB\.ivy2\cache\com.fasterxml.jackson.core\jackson-annotations\bundles\jackson-annotations-2.3.2.jar, C:\Users\AB\.ivy2\cache\com.fasterxml.jackson.core\jackson-core\bundles\jackson-core-2.3.2.jar, C:\Users\AB\.ivy2\cache\com.fasterxml.jackson.core\jackson-databind\bundles\jackson-databind-2.3.2.jar, C:\Users\AB\.ivy2\cache\org.scala-lang\scala-reflect\jars\scala-reflect-2.11.1.jar, C:\Users\AB\.ivy2\cache\org.scala-lang.modules\scala-parser-combinators_2.11\bundles\scala-parser-combinators_2.11-1.0.1.jar, C:\Users\AB\.ivy2\cache\io.netty\netty\bundles\netty-3.9.9.Final.jar, C:\Users\AB\.ivy2\cache\com.typesafe.netty\netty-http-pipelining\jars\netty-http-pipelining-1.1.2.jar, C:\Users\AB\.ivy2\cache\org.slf4j\slf4j-api\jars\slf4j-api-1.7.6.jar, C:\Users\AB\.ivy2\cache\org.slf4j\jul-to-slf4j\jars\jul-to-slf4j-1.7.6.jar, C:\Users\AB\.ivy2\cache\org.slf4j\jcl-over-slf4j\jars\jcl-over-slf4j-1.7.6.jar, C:\Users\AB\.ivy2\cache\ch.qos.logback\logback-core\jars\logback-core-1.1.1.jar, C:\Users\AB\.ivy2\cache\ch.qos.logback\logback-classic\jars\logback-classic-1.1.1.jar, C:\Users\AB\.ivy2\cache\com.typesafe.akka\akka-actor_2.11\jars\akka-actor_2.11-2.3.4.jar, C:\Users\AB\.ivy2\cache\com.typesafe.akka\akka-slf4j_2.11\jars\akka-slf4j_2.11-2.3.4.jar, C:\Users\AB\.ivy2\cache\commons-codec\commons-codec\jars\commons-codec-1.9.jar, C:\Users\AB\.ivy2\cache\xerces\xercesImpl\jars\xercesImpl-2.11.0.jar, C:\Users\AB\.ivy2\cache\xml-apis\xml-apis\jars\xml-apis-1.4.01.jar, C:\Users\AB\.ivy2\cache\javax.transaction\jta\jars\jta-1.1.jar, C:\Users\AB\.ivy2\cache\com.typesafe.play\play-jdbc_2.11\jars\play-jdbc_2.11-2.3.10.jar, C:\Users\AB\Desktop\activator-dist-1.3.9\repository\com.jolbox\bonecp\0.8.0.RELEASE\bundles\bonecp.jar, C:\Users\AB\Desktop\Projetos\Scala\activator-dist-1.3.9\repository\com.h2database\h2\1.3.175\jars\h2.jar, C:\Users\AB\Desktop\activator-dist-1.3.9\repository\tyrex\tyrex\1.0.1\jars\tyrex.jar, C:\Users\AB\.ivy2\cache\com.typesafe.play\play-cache_2.11\jars\play-cache_2.11-2.3.10.jar, C:\Users\AB\.ivy2\cache\net.sf.ehcache\ehcache-core\jars\ehcache-core-2.6.8.jar, C:\Users\AB\.ivy2\cache\com.typesafe.play\play-ws_2.11\jars\play-ws_2.11-2.3.10.jar, C:\Users\AB\.ivy2\cache\com.google.guava\guava\bundles\guava-16.0.1.jar, C:\Users\AB\.ivy2\cache\com.ning\async-http-client\jars\async-http-client-1.8.15.jar, C:\Users\AB\.ivy2\cache\oauth.signpost\signpost-core\jars\signpost-core-1.2.1.2.jar, C:\Users\AB\.ivy2\cache\oauth.signpost\signpost-commonshttp4\jars\signpost-commonshttp4-1.2.1.2.jar, C:\Users\AB\Desktop\activator-dist-1.3.9\repository\org.apache.httpcomponents\httpcore\4.0.1\jars\httpcore.jar, C:\Users\AB\Desktop\activator-dist-1.3.9\repository\org.apache.httpcomponents\httpclient\4.0.1\jars\httpclient.jar, C:\Users\AB\.ivy2\cache\commons-logging\commons-logging\jars\commons-logging-1.1.1.jar),List((public/,C:\Users\AB\Desktop\Projetos\Scala\activator-dist-1.3.9\bin\chess-template\target\web\public\main)),List(C:\Users\AB\.ivy2\cache\com.typesafe.play\play-docs_2.11\jars\play-docs_2.11-2.3.10.jar, C:\Users\AB\.ivy2\cache\org.scala-lang\scala-library\jars\scala-library-2.11.1.jar, C:\Users\AB\.ivy2\cache\com.typesafe.play\play_2.11\jars\play_2.11-2.3.10.jar, C:\Users\AB\.ivy2\cache\com.typesafe.play\build-link\jars\build-link-2.3.10.jar, C:\Users\AB\.ivy2\cache\com.typesafe.play\play-exceptions\jars\play-exceptions-2.3.10.jar, C:\Users\AB\.ivy2\cache\org.javassist\javassist\bundles\javassist-3.18.2-GA.jar, C:\Users\AB\.ivy2\cache\com.typesafe.play\play-iteratees_2.11\jars\play-iteratees_2.11-2.3.10.jar, C:\Users\AB\.ivy2\cache\org.scala-stm\scala-stm_2.11\jars\scala-stm_2.11-0.7.jar, C:\Users\AB\.ivy2\cache\com.typesafe\config\bundles\config-1.2.1.jar, C:\Users\AB\.ivy2\cache\com.typesafe.play\play-json_2.11\jars\play-json_2.11-2.3.10.jar, C:\Users\AB\.ivy2\cache\com.typesafe.play\play-functional_2.11\jars\play-functional_2.11-2.3.10.jar, C:\Users\AB\.ivy2\cache\com.typesafe.play\play-datacommons_2.11\jars\play-datacommons_2.11-2.3.10.jar, C:\Users\AB\.ivy2\cache\joda-time\joda-time\jars\joda-time-2.3.jar, C:\Users\AB\.ivy2\cache\org.joda\joda-convert\jars\joda-convert-1.6.jar, C:\Users\AB\.ivy2\cache\com.fasterxml.jackson.core\jackson-annotations\bundles\jackson-annotations-2.3.2.jar, C:\Users\AB\.ivy2\cache\com.fasterxml.jackson.core\jackson-core\bundles\jackson-core-2.3.2.jar, C:\Users\AB\.ivy2\cache\com.fasterxml.jackson.core\jackson-databind\bundles\jackson-databind-2.3.2.jar, C:\Users\AB\.ivy2\cache\org.scala-lang\scala-reflect\jars\scala-reflect-2.11.1.jar, C:\Users\AB\.ivy2\cache\com.typesafe.play\twirl-api_2.11\jars\twirl-api_2.11-1.0.2.jar, C:\Users\AB\.ivy2\cache\org.apache.commons\commons-lang3\jars\commons-lang3-3.1.jar, C:\Users\AB\.ivy2\cache\org.scala-lang.modules\scala-xml_2.11\bundles\scala-xml_2.11-1.0.1.jar, C:\Users\AB\.ivy2\cache\org.scala-lang.modules\scala-parser-combinators_2.11\bundles\scala-parser-combinators_2.11-1.0.1.jar, C:\Users\AB\.ivy2\cache\io.netty\netty\bundles\netty-3.9.9.Final.jar, C:\Users\AB\.ivy2\cache\com.typesafe.netty\netty-http-pipelining\jars\netty-http-pipelining-1.1.2.jar, C:\Users\AB\.ivy2\cache\org.slf4j\slf4j-api\jars\slf4j-api-1.7.6.jar, C:\Users\AB\.ivy2\cache\org.slf4j\jul-to-slf4j\jars\jul-to-slf4j-1.7.6.jar, C:\Users\AB\.ivy2\cache\org.slf4j\jcl-over-slf4j\jars\jcl-over-slf4j-1.7.6.jar, C:\Users\AB\.ivy2\cache\ch.qos.logback\logback-core\jars\logback-core-1.1.1.jar, C:\Users\AB\.ivy2\cache\ch.qos.logback\logback-classic\jars\logback-classic-1.1.1.jar, C:\Users\AB\.ivy2\cache\com.typesafe.akka\akka-actor_2.11\jars\akka-actor_2.11-2.3.4.jar, C:\Users\AB\.ivy2\cache\com.typesafe.akka\akka-slf4j_2.11\jars\akka-slf4j_2.11-2.3.4.jar, C:\Users\AB\.ivy2\cache\commons-codec\commons-codec\jars\commons-codec-1.9.jar, C:\Users\AB\.ivy2\cache\xerces\xercesImpl\jars\xercesImpl-2.11.0.jar, C:\Users\AB\.ivy2\cache\xml-apis\xml-apis\jars\xml-apis-1.4.01.jar, C:\Users\AB\.ivy2\cache\javax.transaction\jta\jars\jta-1.1.jar, C:\Users\AB\.ivy2\cache\com.typesafe.play\play-doc_2.11\jars\play-doc_2.11-1.1.0.jar, C:\Users\AB\Desktop\activator-dist-1.3.9\repository\org.pegdown\pegdown\1.4.0\jars\pegdown.jar, C:\Users\AB\Desktop\activator-dist-1.3.9\repository\org.parboiled\parboiled-java\1.1.5\bundles\parboiled-java.jar, C:\Users\AB\Desktop\activator-dist-1.3.9\repository\org.parboiled\parboiled-core\1.1.5\bundles\parboiled-core.jar, C:\Users\AB\Desktop\activator-dist-1.3.9\repository\org.ow2.asm\asm\4.1\jars\asm.jar, C:\Users\AB\Desktop\activator-dist-1.3.9\repository\org.ow2.asm\asm-tree\4.1\jars\asm-tree.jar, C:\Users\AB\Desktop\activator-dist-1.3.9\repository\org.ow2.asm\asm-analysis\4.1\jars\asm-analysis.jar, C:\Users\AB\Desktop\activator-dist-1.3.9\repository\org.ow2.asm\asm-util\4.1\jars\asm-util.jar, C:\Users\AB\Desktop\activator-dist-1.3.9\repository\commons-io\commons-io\2.4\jars\commons-io.jar),List(),9000,DefaultWatchService,List(C:\Users\AB\Desktop\Projetos\Scala\activator-dist-1.3.9\bin\chess-template\app-2.11, C:\Users\AB\Desktop\Projetos\Scala\activator-dist-1.3.9\bin\chess-template\app, C:\Users\AB\Desktop\Projetos\Scala\activator-dist-1.3.9\bin\chess-template\conf, C:\Users\AB\Desktop\Projetos\Scala\activator-dist-1.3.9\bin\chess-template\app\assets, C:\Users\AB\Desktop\Projetos\Scala\activator-dist-1.3.9\bin\chess-template\public),C:\Users\AB\Desktop\Projetos\Scala\activator-dist-1.3.9\bin\chess-template\target,500,root/playForkNotifyStart,root/playForkReload,300000),scala.pickling.PicklerUnpickler$DelegatingPicklerUnpickler@ed7070a),ForkConfig(C:\Users\AB\Desktop\Projetos\Scala\activator-dist-1.3.9\bin\chess-template,List(-Djna.nosys=true),List(C:\Users\AB\.ivy2\cache\org.scala-lang\scala-library\jars\scala-library-2.11.7.jar, C:\Users\AB\.ivy2\cache\com.typesafe.play\twirl-api_2.11\jars\twirl-api_2.11-1.0.2.jar, C:\Users\AB\.ivy2\cache\org.apache.commons\commons-lang3\jars\commons-lang3-3.1.jar, C:\Users\AB\.ivy2\cache\org.scala-lang.modules\scala-xml_2.11\bundles\scala-xml_2.11-1.0.1.jar, C:\Users\AB\.ivy2\cache\com.typesafe.play\play_2.11\jars\play_2.11-2.3.10.jar, C:\Users\AB\.ivy2\cache\com.typesafe.play\build-link\jars\build-link-2.3.10.jar, C:\Users\AB\.ivy2\cache\com.typesafe.play\play-exceptions\jars\play-exceptions-2.3.10.jar, C:\Users\AB\.ivy2\cache\org.javassist\javassist\bundles\javassist-3.18.2-GA.jar, C:\Users\AB\.ivy2\cache\com.typesafe.play\play-iteratees_2.11\jars\play-iteratees_2.11-2.3.10.jar, C:\Users\AB\.ivy2\cache\org.scala-stm\scala-stm_2.11\jars\scala-stm_2.11-0.7.jar, C:\Users\AB\.ivy2\cache\com.typesafe\config\bundles\config-1.2.1.jar, C:\Users\AB\.ivy2\cache\com.typesafe.play\play-json_2.11\jars\play-json_2.11-2.3.10.jar, C:\Users\AB\.ivy2\cache\com.typesafe.play\play-functional_2.11\jars\play-functional_2.11-2.3.10.jar, C:\Users\AB\.ivy2\cache\com.typesafe.play\play-datacommons_2.11\jars\play-datacommons_2.11-2.3.10.jar, C:\Users\AB\.ivy2\cache\joda-time\joda-time\jars\joda-time-2.3.jar, C:\Users\AB\.ivy2\cache\org.joda\joda-convert\jars\joda-convert-1.6.jar, C:\Users\AB\.ivy2\cache\com.fasterxml.jackson.core\jackson-annotations\bundles\jackson-annotations-2.3.2.jar, C:\Users\AB\.ivy2\cache\com.fasterxml.jackson.core\jackson-core\bundles\jackson-core-2.3.2.jar, C:\Users\AB\.ivy2\cache\com.fasterxml.jackson.core\jackson-databind\bundles\jackson-databind-2.3.2.jar, C:\Users\AB\.ivy2\cache\org.scala-lang\scala-reflect\jars\scala-reflect-2.11.1.jar, C:\Users\AB\.ivy2\cache\org.scala-lang.modules\scala-parser-combinators_2.11\bundles\scala-parser-combinators_2.11-1.0.1.jar, C:\Users\AB\.ivy2\cache\io.netty\netty\bundles\netty-3.9.9.Final.jar, C:\Users\AB\.ivy2\cache\com.typesafe.netty\netty-http-pipelining\jars\netty-http-pipelining-1.1.2.jar, C:\Users\AB\.ivy2\cache\org.slf4j\slf4j-api\jars\slf4j-api-1.7.6.jar, C:\Users\AB\.ivy2\cache\org.slf4j\jul-to-slf4j\jars\jul-to-slf4j-1.7.6.jar, C:\Users\AB\.ivy2\cache\org.slf4j\jcl-over-slf4j\jars\jcl-over-slf4j-1.7.6.jar, C:\Users\AB\.ivy2\cache\ch.qos.logback\logback-core\jars\logback-core-1.1.1.jar, C:\Users\AB\.ivy2\cache\ch.qos.logback\logback-classic\jars\logback-classic-1.1.1.jar, C:\Users\AB\.ivy2\cache\com.typesafe.akka\akka-actor_2.11\jars\akka-actor_2.11-2.3.4.jar, C:\Users\AB\.ivy2\cache\com.typesafe.akka\akka-slf4j_2.11\jars\akka-slf4j_2.11-2.3.4.jar, C:\Users\AB\.ivy2\cache\commons-codec\commons-codec\jars\commons-codec-1.9.jar, C:\Users\AB\.ivy2\cache\xerces\xercesImpl\jars\xercesImpl-2.11.0.jar, C:\Users\AB\.ivy2\cache\xml-apis\xml-apis\jars\xml-apis-1.4.01.jar, C:\Users\AB\.ivy2\cache\javax.transaction\jta\jars\jta-1.1.jar, C:\Users\AB\.ivy2\cache\com.typesafe.play\play-jdbc_2.11\jars\play-jdbc_2.11-2.3.10.jar, C:\Users\AB\Desktop\activator-dist-1.3.9\repository\com.jolbox\bonecp\0.8.0.RELEASE\bundles\bonecp.jar, C:\Users\AB\Desktop\Projetos\Scala\activator-dist-1.3.9\repository\com.h2database\h2\1.3.175\jars\h2.jar, C:\Users\AB\Desktop\activator-dist-1.3.9\repository\tyrex\tyrex\1.0.1\jars\tyrex.jar, C:\Users\AB\.ivy2\cache\com.typesafe.play\play-cache_2.11\jars\play-cache_2.11-2.3.10.jar, C:\Users\AB\.ivy2\cache\net.sf.ehcache\ehcache-core\jars\ehcache-core-2.6.8.jar, C:\Users\AB\.ivy2\cache\com.typesafe.play\play-ws_2.11\jars\play-ws_2.11-2.3.10.jar, C:\Users\AB\.ivy2\cache\com.google.guava\guava\bundles\guava-16.0.1.jar, C:\Users\AB\.ivy2\cache\com.ning\async-http-client\jars\async-http-client-1.8.15.jar, C:\Users\AB\.ivy2\cache\oauth.signpost\signpost-core\jars\signpost-core-1.2.1.2.jar, C:\Users\AB\.ivy2\cache\oauth.signpost\signpost-commonshttp4\jars\signpost-commonshttp4-1.2.1.2.jar, C:\Users\AB\Desktop\activator-dist-1.3.9\repository\org.apache.httpcomponents\httpcore\4.0.1\jars\httpcore.jar, C:\Users\AB\Desktop\activator-dist-1.3.9\repository\org.apache.httpcomponents\httpclient\4.0.1\jars\httpclient.jar, C:\Users\AB\.ivy2\cache\commons-logging\commons-logging\jars\commons-logging-1.1.1.jar),List((public/,C:\Users\AB\Desktop\Projetos\Scala\activator-dist-1.3.9\bin\chess-template\target\web\public\main)),List(C:\Users\AB\.ivy2\cache\com.typesafe.play\play-docs_2.11\jars\play-docs_2.11-2.3.10.jar, C:\Users\AB\.ivy2\cache\org.scala-lang\scala-library\jars\scala-library-2.11.1.jar, C:\Users\AB\.ivy2\cache\com.typesafe.play\play_2.11\jars\play_2.11-2.3.10.jar, C:\Users\AB\.ivy2\cache\com.typesafe.play\build-link\jars\build-link-2.3.10.jar, C:\Users\AB\.ivy2\cache\com.typesafe.play\play-exceptions\jars\play-exceptions-2.3.10.jar, C:\Users\AB\.ivy2\cache\org.javassist\javassist\bundles\javassist-3.18.2-GA.jar, C:\Users\AB\.ivy2\cache\com.typesafe.play\play-iteratees_2.11\jars\play-iteratees_2.11-2.3.10.jar, C:\Users\AB\.ivy2\cache\org.scala-stm\scala-stm_2.11\jars\scala-stm_2.11-0.7.jar, C:\Users\AB\.ivy2\cache\com.typesafe\config\bundles\config-1.2.1.jar, C:\Users\AB\.ivy2\cache\com.typesafe.play\play-json_2.11\jars\play-json_2.11-2.3.10.jar, C:\Users\AB\.ivy2\cache\com.typesafe.play\play-functional_2.11\jars\play-functional_2.11-2.3.10.jar, C:\Users\AB\.ivy2\cache\com.typesafe.play\play-datacommons_2.11\jars\play-datacommons_2.11-2.3.10.jar, C:\Users\AB\.ivy2\cache\joda-time\joda-time\jars\joda-time-2.3.jar, C:\Users\AB\.ivy2\cache\org.joda\joda-convert\jars\joda-convert-1.6.jar, C:\Users\AB\.ivy2\cache\com.fasterxml.jackson.core\jackson-annotations\bundles\jackson-annotations-2.3.2.jar, C:\Users\AB\.ivy2\cache\com.fasterxml.jackson.core\jackson-core\bundles\jackson-core-2.3.2.jar, C:\Users\AB\.ivy2\cache\com.fasterxml.jackson.core\jackson-databind\bundles\jackson-databind-2.3.2.jar, C:\Users\AB\.ivy2\cache\org.scala-lang\scala-reflect\jars\scala-reflect-2.11.1.jar, C:\Users\AB\.ivy2\cache\com.typesafe.play\twirl-api_2.11\jars\twirl-api_2.11-1.0.2.jar, C:\Users\AB\.ivy2\cache\org.apache.commons\commons-lang3\jars\commons-lang3-3.1.jar, C:\Users\AB\.ivy2\cache\org.scala-lang.modules\scala-xml_2.11\bundles\scala-xml_2.11-1.0.1.jar, C:\Users\AB\.ivy2\cache\org.scala-lang.modules\scala-parser-combinators_2.11\bundles\scala-parser-combinators_2.11-1.0.1.jar, C:\Users\AB\.ivy2\cache\io.netty\netty\bundles\netty-3.9.9.Final.jar, C:\Users\AB\.ivy2\cache\com.typesafe.netty\netty-http-pipelining\jars\netty-http-pipelining-1.1.2.jar, C:\Users\AB\.ivy2\cache\org.slf4j\slf4j-api\jars\slf4j-api-1.7.6.jar, C:\Users\AB\.ivy2\cache\org.slf4j\jul-to-slf4j\jars\jul-to-slf4j-1.7.6.jar, C:\Users\AB\.ivy2\cache\org.slf4j\jcl-over-slf4j\jars\jcl-over-slf4j-1.7.6.jar, C:\Users\AB\.ivy2\cache\ch.qos.logback\logback-core\jars\logback-core-1.1.1.jar, C:\Users\AB\.ivy2\cache\ch.qos.logback\logback-classic\jars\logback-classic-1.1.1.jar, C:\Users\AB\.ivy2\cache\com.typesafe.akka\akka-actor_2.11\jars\akka-actor_2.11-2.3.4.jar, C:\Users\AB\.ivy2\cache\com.typesafe.akka\akka-slf4j_2.11\jars\akka-slf4j_2.11-2.3.4.jar, C:\Users\AB\.ivy2\cache\commons-codec\commons-codec\jars\commons-codec-1.9.jar, C:\Users\AB\.ivy2\cache\xerces\xercesImpl\jars\xercesImpl-2.11.0.jar, C:\Users\AB\.ivy2\cache\xml-apis\xml-apis\jars\xml-apis-1.4.01.jar, C:\Users\AB\.ivy2\cache\javax.transaction\jta\jars\jta-1.1.jar, C:\Users\AB\.ivy2\cache\com.typesafe.play\play-doc_2.11\jars\play-doc_2.11-1.1.0.jar, C:\Users\AB\Desktop\activator-dist-1.3.9\repository\org.pegdown\pegdown\1.4.0\jars\pegdown.jar, C:\Users\AB\Desktop\activator-dist-1.3.9\repository\org.parboiled\parboiled-java\1.1.5\bundles\parboiled-java.jar, C:\Users\AB\Desktop\activator-dist-1.3.9\repository\org.parboiled\parboiled-core\1.1.5\bundles\parboiled-core.jar, C:\Users\AB\Desktop\activator-dist-1.3.9\repository\org.ow2.asm\asm\4.1\jars\asm.jar, C:\Users\AB\Desktop\activator-dist-1.3.9\repository\org.ow2.asm\asm-tree\4.1\jars\asm-tree.jar, C:\Users\AB\Desktop\activator-dist-1.3.9\repository\org.ow2.asm\asm-analysis\4.1\jars\asm-analysis.jar, C:\Users\AB\Desktop\activator-dist-1.3.9\repository\org.ow2.asm\asm-util\4.1\jars\asm-util.jar, C:\Users\AB\Desktop\activator-dist-1.3.9\repository\commons-io\commons-io\2.4\jars\commons-io.jar),List(),9000,DefaultWatchService,List(C:\Users\AB\Desktop\Projetos\Scala\activator-dist-1.3.9\bin\chess-template\app-2.11, C:\Users\AB\Desktop\Projetos\Scala\activator-dist-1.3.9\bin\chess-template\app, C:\Users\AB\Desktop\Projetos\Scala\activator-dist-1.3.9\bin\chess-template\conf, C:\Users\AB\Desktop\Projetos\Scala\activator-dist-1.3.9\bin\chess-template\app\assets, C:\Users\AB\Desktop\Projetos\Scala\activator-dist-1.3.9\bin\chess-template\public),C:\Users\AB\Desktop\Projetos\Scala\activator-dist-1.3.9\bin\chess-template\target,500,root/playForkNotifyStart,root/playForkReload,300000))))
Sending msg to client play-fork-run-1d173e67-f75b-4234-850e-06aebaa3568e: TaskStarted(125,17522,None)
Sending msg to client play-fork-run-1d173e67-f75b-4234-850e-06aebaa3568e: TaskFinished(125,17522,None,true,None)
Sending msg to client play-fork-run-1d173e67-f75b-4234-850e-06aebaa3568e: TaskStarted(125,17521,None)
Sending msg to client play-fork-run-1d173e67-f75b-4234-850e-06aebaa3568e: TaskFinished(125,17521,None,true,None)
Sending msg to client play-fork-run-1d173e67-f75b-4234-850e-06aebaa3568e: DetachedLogEvent(LogMessage(debug,cancel strategy finish enabled=false lastCommand=Some(LastCommand(CommandExecutionWork(ExecutionId(125),{file:/C:/Users/AB/Desktop/Projetos/Scala/activator-dist-1.3.9/bin/chess-template/}root/*:playForkConfig,Set(LiveClient(play-fork-run 1d173e67-f75b-4234-850e-06aebaa3568e)),sbt.server.WorkCancellationStatus$$anon$1@50c5e970)))))
Sending msg to client play-fork-run-1d173e67-f75b-4234-850e-06aebaa3568e: DetachedLogEvent(LogSuccess(Total time: 1 s, completed 08/07/2016 01:29:39))
Sending msg to client play-fork-run-1d173e67-f75b-4234-850e-06aebaa3568e: DetachedLogEvent(LogMessage(debug,> server-post-command-cleanup))
Sending msg to client play-fork-run-1d173e67-f75b-4234-850e-06aebaa3568e: ExecutionSuccess(125)
Sending msg to client play-fork-run-1d173e67-f75b-4234-850e-06aebaa3568e: DetachedLogEvent(LogMessage(debug,> server-handle-next-server-request))
Sending msg to client play-fork-run-1d173e67-f75b-4234-850e-06aebaa3568e: BackgroundJobLogEvent(2,LogMessage(info,))
Sending msg to client play-fork-run-1d173e67-f75b-4234-850e-06aebaa3568e: BackgroundJobLogEvent(2,LogMessage(info,--- (Running the application, auto-reloading is enabled) ---))
Sending msg to client play-fork-run-1d173e67-f75b-4234-850e-06aebaa3568e: BackgroundJobLogEvent(2,LogMessage(info,))
Sending msg to client play-fork-run-1d173e67-f75b-4234-850e-06aebaa3568e: BackgroundJobLogEvent(2,LogMessage(error,Play fork run has failed due to:))
Sending msg to client play-fork-run-1d173e67-f75b-4234-850e-06aebaa3568e: BackgroundJobLogEvent(2,LogMessage(error,java.lang.reflect.InvocationTargetException))
Sending msg to client play-fork-run-1d173e67-f75b-4234-850e-06aebaa3568e: BackgroundJobLogEvent(2,LogMessage(error,	at sun.reflect.NativeMethodAccessorImpl.invoke0(Native Method)))
Sending msg to client play-fork-run-1d173e67-f75b-4234-850e-06aebaa3568e: BackgroundJobLogEvent(2,LogMessage(error,	at sun.reflect.NativeMethodAccessorImpl.invoke(NativeMethodAccessorImpl.java:62)))
Sending msg to client play-fork-run-1d173e67-f75b-4234-850e-06aebaa3568e: BackgroundJobLogEvent(2,LogMessage(error,	at sun.reflect.DelegatingMethodAccessorImpl.invoke(DelegatingMethodAccessorImpl.java:43)))
Sending msg to client play-fork-run-1d173e67-f75b-4234-850e-06aebaa3568e: BackgroundJobLogEvent(2,LogMessage(error,	at java.lang.reflect.Method.invoke(Method.java:497)))
Sending msg to client play-fork-run-1d173e67-f75b-4234-850e-06aebaa3568e: BackgroundJobLogEvent(2,LogMessage(error,	at play.runsupport.Reloader$.startDevMode(Reloader.scala:197)))
Sending msg to client play-fork-run-1d173e67-f75b-4234-850e-06aebaa3568e: BackgroundJobLogEvent(2,LogMessage(error,	at play.forkrun.ForkRun$.startServer(ForkRun.scala:82)))
Sending msg to client play-fork-run-1d173e67-f75b-4234-850e-06aebaa3568e: BackgroundJobLogEvent(2,LogMessage(error,	at play.forkrun.ForkRun.run(ForkRun.scala:173)))
Sending msg to client play-fork-run-1d173e67-f75b-4234-850e-06aebaa3568e: BackgroundJobLogEvent(2,LogMessage(error,	at play.forkrun.ForkRun$$anonfun$settingUp$1.applyOrElse(ForkRun.scala:162)))
Sending msg to client play-fork-run-1d173e67-f75b-4234-850e-06aebaa3568e: BackgroundJobLogEvent(2,LogMessage(error,	at akka.actor.Actor$class.aroundReceive(Actor.scala:465)))
Sending msg to client play-fork-run-1d173e67-f75b-4234-850e-06aebaa3568e: BackgroundJobLogEvent(2,LogMessage(error,	at play.forkrun.ForkRun.aroundReceive(ForkRun.scala:148)))
Sending msg to client play-fork-run-1d173e67-f75b-4234-850e-06aebaa3568e: BackgroundJobLogEvent(2,LogMessage(error,	at akka.actor.ActorCell.receiveMessage(ActorCell.scala:516)))
Sending msg to client play-fork-run-1d173e67-f75b-4234-850e-06aebaa3568e: BackgroundJobLogEvent(2,LogMessage(error,	at akka.actor.ActorCell.invoke(ActorCell.scala:487)))
Sending msg to client play-fork-run-1d173e67-f75b-4234-850e-06aebaa3568e: BackgroundJobLogEvent(2,LogMessage(error,	at akka.dispatch.Mailbox.processMailbox(Mailbox.scala:254)))
Sending msg to client play-fork-run-1d173e67-f75b-4234-850e-06aebaa3568e: BackgroundJobLogEvent(2,LogMessage(error,	at akka.dispatch.Mailbox.run(Mailbox.scala:221)))
Sending msg to client play-fork-run-1d173e67-f75b-4234-850e-06aebaa3568e: BackgroundJobLogEvent(2,LogMessage(error,	at akka.dispatch.Mailbox.exec(Mailbox.scala:231)))
Sending msg to client play-fork-run-1d173e67-f75b-4234-850e-06aebaa3568e: BackgroundJobLogEvent(2,LogMessage(error,	at scala.concurrent.forkjoin.ForkJoinTask.doExec(ForkJoinTask.java:260)))
Sending msg to client play-fork-run-1d173e67-f75b-4234-850e-06aebaa3568e: BackgroundJobLogEvent(2,LogMessage(error,	at scala.concurrent.forkjoin.ForkJoinPool$WorkQueue.pollAndExecAll(ForkJoinPool.java:1253)))
Sending msg to client play-fork-run-1d173e67-f75b-4234-850e-06aebaa3568e: BackgroundJobLogEvent(2,LogMessage(error,	at scala.concurrent.forkjoin.ForkJoinPool$WorkQueue.runTask(ForkJoinPool.java:1346)))
Sending msg to client play-fork-run-1d173e67-f75b-4234-850e-06aebaa3568e: BackgroundJobLogEvent(2,LogMessage(error,	at scala.concurrent.forkjoin.ForkJoinPool.runWorker(ForkJoinPool.java:1979)))
Sending msg to client play-fork-run-1d173e67-f75b-4234-850e-06aebaa3568e: BackgroundJobLogEvent(2,LogMessage(error,	at scala.concurrent.forkjoin.ForkJoinWorkerThread.run(ForkJoinWorkerThread.java:107)))
Sending msg to client play-fork-run-1d173e67-f75b-4234-850e-06aebaa3568e: BackgroundJobLogEvent(2,LogMessage(error,Caused by: org.jboss.netty.channel.ChannelException: Failed to bind to: /0.0.0.0:9000))
Sending msg to client play-fork-run-1d173e67-f75b-4234-850e-06aebaa3568e: BackgroundJobLogEvent(2,LogMessage(error,	at org.jboss.netty.bootstrap.ServerBootstrap.bind(ServerBootstrap.java:272)))
Sending msg to client play-fork-run-1d173e67-f75b-4234-850e-06aebaa3568e: BackgroundJobLogEvent(2,LogMessage(error,	at play.core.server.NettyServer$$anonfun$8.apply(NettyServer.scala:138)))
Sending msg to client play-fork-run-1d173e67-f75b-4234-850e-06aebaa3568e: BackgroundJobLogEvent(2,LogMessage(error,	at play.core.server.NettyServer$$anonfun$8.apply(NettyServer.scala:135)))
Sending msg to client play-fork-run-1d173e67-f75b-4234-850e-06aebaa3568e: BackgroundJobLogEvent(2,LogMessage(error,	at scala.Option.map(Option.scala:146)))
Sending msg to client play-fork-run-1d173e67-f75b-4234-850e-06aebaa3568e: BackgroundJobLogEvent(2,LogMessage(error,	at play.core.server.NettyServer.<init>(NettyServer.scala:135)))
Sending msg to client play-fork-run-1d173e67-f75b-4234-850e-06aebaa3568e: BackgroundJobLogEvent(2,LogMessage(error,	at play.core.server.NettyServer$$anonfun$mainDev$1.apply(NettyServer.scala:320)))
Sending msg to client play-fork-run-1d173e67-f75b-4234-850e-06aebaa3568e: BackgroundJobLogEvent(2,LogMessage(error,	at play.core.server.NettyServer$$anonfun$mainDev$1.apply(NettyServer.scala:318)))
Sending msg to client play-fork-run-1d173e67-f75b-4234-850e-06aebaa3568e: BackgroundJobLogEvent(2,LogMessage(error,	at play.utils.Threads$.withContextClassLoader(Threads.scala:21)))
Sending msg to client play-fork-run-1d173e67-f75b-4234-850e-06aebaa3568e: BackgroundJobLogEvent(2,LogMessage(error,	at play.core.server.NettyServer$.mainDev(NettyServer.scala:317)))
Sending msg to client play-fork-run-1d173e67-f75b-4234-850e-06aebaa3568e: BackgroundJobLogEvent(2,LogMessage(error,	at play.core.server.NettyServer$.mainDevHttpMode(NettyServer.scala:313)))
Sending msg to client play-fork-run-1d173e67-f75b-4234-850e-06aebaa3568e: BackgroundJobLogEvent(2,LogMessage(error,	at play.core.server.NettyServer.mainDevHttpMode(NettyServer.scala)))
Sending msg to client play-fork-run-1d173e67-f75b-4234-850e-06aebaa3568e: BackgroundJobLogEvent(2,LogMessage(error,	... 20 more))
Sending msg to client play-fork-run-1d173e67-f75b-4234-850e-06aebaa3568e: BackgroundJobLogEvent(2,LogMessage(error,Caused by: java.net.BindException: Address already in use: bind))
Sending msg to client play-fork-run-1d173e67-f75b-4234-850e-06aebaa3568e: BackgroundJobLogEvent(2,LogMessage(error,	at sun.nio.ch.Net.bind0(Native Method)))
Sending msg to client play-fork-run-1d173e67-f75b-4234-850e-06aebaa3568e: BackgroundJobLogEvent(2,LogMessage(error,	at sun.nio.ch.Net.bind(Net.java:433)))
Sending msg to client play-fork-run-1d173e67-f75b-4234-850e-06aebaa3568e: BackgroundJobLogEvent(2,LogMessage(error,	at sun.nio.ch.Net.bind(Net.java:425)))
Sending msg to client play-fork-run-1d173e67-f75b-4234-850e-06aebaa3568e: BackgroundJobLogEvent(2,LogMessage(error,	at sun.nio.ch.ServerSocketChannelImpl.bind(ServerSocketChannelImpl.java:223)))
Sending msg to client play-fork-run-1d173e67-f75b-4234-850e-06aebaa3568e: BackgroundJobLogEvent(2,LogMessage(error,	at sun.nio.ch.ServerSocketAdaptor.bind(ServerSocketAdaptor.java:74)))
Sending msg to client play-fork-run-1d173e67-f75b-4234-850e-06aebaa3568e: BackgroundJobLogEvent(2,LogMessage(error,	at org.jboss.netty.channel.socket.nio.NioServerBoss$RegisterTask.run(NioServerBoss.java:193)))
Sending msg to client play-fork-run-1d173e67-f75b-4234-850e-06aebaa3568e: BackgroundJobLogEvent(2,LogMessage(error,	at org.jboss.netty.channel.socket.nio.AbstractNioSelector.processTaskQueue(AbstractNioSelector.java:391)))
Sending msg to client play-fork-run-1d173e67-f75b-4234-850e-06aebaa3568e: BackgroundJobLogEvent(2,LogMessage(error,	at org.jboss.netty.channel.socket.nio.AbstractNioSelector.run(AbstractNioSelector.java:315)))
Sending msg to client play-fork-run-1d173e67-f75b-4234-850e-06aebaa3568e: BackgroundJobLogEvent(2,LogMessage(error,	at org.jboss.netty.channel.socket.nio.NioServerBoss.run(NioServerBoss.java:42)))
Sending msg to client play-fork-run-1d173e67-f75b-4234-850e-06aebaa3568e: BackgroundJobLogEvent(2,LogMessage(error,	at org.jboss.netty.util.ThreadRenamingRunnable.run(ThreadRenamingRunnable.java:108)))
Sending msg to client play-fork-run-1d173e67-f75b-4234-850e-06aebaa3568e: BackgroundJobLogEvent(2,LogMessage(error,	at org.jboss.netty.util.internal.DeadLockProofWorker$1.run(DeadLockProofWorker.java:42)))
Sending msg to client play-fork-run-1d173e67-f75b-4234-850e-06aebaa3568e: BackgroundJobLogEvent(2,LogMessage(error,	at java.util.concurrent.ThreadPoolExecutor.runWorker(ThreadPoolExecutor.java:1142)))
Sending msg to client play-fork-run-1d173e67-f75b-4234-850e-06aebaa3568e: BackgroundJobLogEvent(2,LogMessage(error,	at java.util.concurrent.ThreadPoolExecutor$Worker.run(ThreadPoolExecutor.java:617)))
Sending msg to client play-fork-run-1d173e67-f75b-4234-850e-06aebaa3568e: BackgroundJobLogEvent(2,LogMessage(error,	at java.lang.Thread.run(Thread.java:745)))
Got request: UnlistenToEvents()
Reading next message from client.
Got request: UnlistenToValue(AttributeKey[play.forkrun.protocol.ForkConfig]("playForkConfig") in Scope(Build: file:/C:/Users/AB/Desktop/Projetos/Scala/activator-dist-1.3.9/bin/chess-template/, , Project: ProjectReference(file:/C:/Users/AB/Desktop/Projetos/Scala/activator-dist-1.3.9/bin/chess-template/,root)))
Reading next message from client.
Client play-fork-run-1d173e67-f75b-4234-850e-06aebaa3568e EOF, shutting down.
Stopping client.
Client play-fork-run-1d173e67-f75b-4234-850e-06aebaa3568e thread exiting.
Dropping message (8,ReceivedResponse()) to dead client play-fork-run-1d173e67-f75b-4234-850e-06aebaa3568e
Dropping message (9,ReceivedResponse()) to dead client play-fork-run-1d173e67-f75b-4234-850e-06aebaa3568e
Dropping message (0,ReceivedResponse()) to dead client play-fork-run-1d173e67-f75b-4234-850e-06aebaa3568e
