New log file opened at Fri Jul 08 10:54:43 BRT 2016 by 7916@DESKTOP-S6G56J7
jvm 7916@DESKTOP-S6G56J7
jvm vmName=Java HotSpot(TM) 64-Bit Server VM vmVendor=Oracle Corporation vmVersion=25.73-b02
jvm specName=Java Virtual Machine Specification specVendor=Oracle Corporation specVersion=1.8
jvm arguments: [-Xms256m, -Xmx1024m, -XX:MetaspaceSize=64m, -XX:MaxMetaspaceSize=256m]
Starting event engine
Starting sbt command engine
Waiting for sbt command engine
Command engine arguments=List()
Command engine baseDirectory=C:\Users\AB\Desktop\Projetos\Scala\activator-dist-1.3.9\bin\chess-template
Command engine initial remaining commands List(--initialize, onFailure load-failed, boot, server-send-ready-for-request, server-handle-next-server-request)
> --initialize
> initialize
> onFailure load-failed
> boot
> reload
[Loading] Scanning directory C:\Users\AB\Desktop\Projetos\Scala\activator-dist-1.3.9\bin\chess-template\project
[Loading] Found non-root projects 
[Loading] Done in C:\Users\AB\Desktop\Projetos\Scala\activator-dist-1.3.9\bin\chess-template\project, returning: ()
deducing auto plugins based on known facts Set(Atom(sbt.plugins.CorePlugin)) and clauses Clauses(List(Clause(Atom(sbt.plugins.JvmPlugin),Set(Atom(sbt.plugins.IvyPlugin))), Clause(Atom(sbt.plugins.JUnitXmlReportPlugin),Set(Atom(sbt.plugins.JvmPlugin))), Clause(Atom(sbt.plugins.CorePlugin),Set(Atom(sbt.plugins.IvyPlugin))), Clause(Atom(sbt.plugins.IvyPlugin),Set(Atom(sbt.plugins.JvmPlugin))), Clause(Atom(sbt.plugins.JvmPlugin),Set(Atom(sbt.plugins.JUnitXmlReportPlugin)))))
  :: deduced result: Matched(sbt.plugins.CorePlugin,sbt.plugins.IvyPlugin,sbt.plugins.JvmPlugin,sbt.plugins.JUnitXmlReportPlugin)
sorting: ns: List(sbt.plugins.CorePlugin, sbt.plugins.IvyPlugin, sbt.plugins.JvmPlugin, sbt.plugins.JUnitXmlReportPlugin)
  :: sorting:: found: List(sbt.plugins.CorePlugin) not found List(sbt.plugins.IvyPlugin, sbt.plugins.JvmPlugin, sbt.plugins.JUnitXmlReportPlugin)
  :: sorting:: found: List(sbt.plugins.CorePlugin, sbt.plugins.IvyPlugin) not found List(sbt.plugins.JvmPlugin, sbt.plugins.JUnitXmlReportPlugin)
  :: sorting:: found: List(sbt.plugins.CorePlugin, sbt.plugins.IvyPlugin, sbt.plugins.JvmPlugin) not found List(sbt.plugins.JUnitXmlReportPlugin)
  :: sorting:: found: List(sbt.plugins.CorePlugin, sbt.plugins.IvyPlugin, sbt.plugins.JvmPlugin, sbt.plugins.JUnitXmlReportPlugin) not found List()
  :: sorted deduced result: List(sbt.plugins.CorePlugin, sbt.plugins.IvyPlugin, sbt.plugins.JvmPlugin, sbt.plugins.JUnitXmlReportPlugin)
[Loading] Done in C:\Users\AB\Desktop\Projetos\Scala\activator-dist-1.3.9\bin\chess-template\project, returning: (chess-template-build)
Loading project definition from C:\Users\AB\Desktop\Projetos\Scala\activator-dist-1.3.9\bin\chess-template\project
Running task... Cancel: sbt.TaskCancellationStrategy$Null$@9f64537, check cycles: false

Initial source changes: 
	removed:Set()
	added: Set()
	modified: Set()
Removed products: Set()
External API changes: API Changes: Set()
Modified binary dependencies: Set()
Initial directly invalidated sources: Set()

Sources indirectly invalidated by:
	product: Set()
	binary dep: Set()
	external source: Set()
All initially invalidated sources: Set()

Copy resource mappings: 
	
[Loading] Scanning directory C:\Users\AB\Desktop\Projetos\Scala\activator-dist-1.3.9\bin\chess-template
[Loading] Found root project root w/ remaining 
deducing auto plugins based on known facts Set(Atom(play.PlayScala), Atom(sbt.plugins.CorePlugin)) and clauses Clauses(List(Clause(Atom(sbt.plugins.JvmPlugin),Set(Atom(sbt.plugins.IvyPlugin))), Clause(Atom(sbt.plugins.JUnitXmlReportPlugin),Set(Atom(sbt.plugins.JvmPlugin))), Clause(Atom(play.sbt.forkrun.PlayForkRun),Set(Atom(sbt.plugins.BackgroundRunPlugin))), Clause(Atom(play.sbt.forkrun.PlayForkRun),Set(Atom(play.Play))), Clause(Atom(play.sbt.forkrun.PlayForkRun),Set(Atom(sbt.plugins.SerializersPlugin))), Clause(Atom(play.Play),Set(Atom(com.typesafe.sbt.webdriver.SbtWebDriver))), Clause(Atom(play.Play),Set(Atom(play.twirl.sbt.SbtTwirl))), Clause(Atom(play.Play),Set(Atom(com.typesafe.sbt.jse.SbtJsTask))), Clause(Atom(play.PlayJava),Set(Atom(play.Play))), Clause(Atom(play.PlayScala),Set(Atom(play.Play))), Clause(Atom(play.twirl.sbt.SbtTwirl),Set(Atom(sbt.plugins.JvmPlugin))), Clause(Atom(com.typesafe.sbt.webdriver.SbtWebDriver),Set(Atom(com.typesafe.sbt.web.SbtWeb))), Clause(Atom(sbt.plugins.BackgroundRunPlugin),Set(Atom(sbt.plugins.JvmPlugin))), Clause(Atom(com.typesafe.sbt.coffeescript.SbtCoffeeScript),Set(Atom(com.typesafe.sbt.jse.SbtJsTask))), Clause(Atom(com.typesafe.sbt.less.SbtLess),Set(Atom(com.typesafe.sbt.jse.SbtJsTask))), Clause(Atom(com.typesafe.sbt.jse.SbtJsEngine),Set(Atom(com.typesafe.sbt.web.SbtWeb))), Clause(Atom(com.typesafe.sbt.jse.SbtJsTask),Set(Atom(com.typesafe.sbt.jse.SbtJsEngine))), Clause(Atom(com.typesafe.sbt.jshint.SbtJSHint),Set(Atom(com.typesafe.sbt.jse.SbtJsTask))), Clause(Atom(com.typesafe.sbt.rjs.SbtRjs),Set(Atom(com.typesafe.sbt.jse.SbtJsTask))), Clause(Atom(com.typesafe.sbt.digest.SbtDigest),Set(Atom(com.typesafe.sbt.web.SbtWeb))), Clause(Atom(com.typesafe.sbt.mocha.SbtMocha),Set(Atom(com.typesafe.sbt.jse.SbtJsTask))), Clause(Atom(org.irundaia.sbt.sass.SbtSassify),Set(Atom(com.typesafe.sbt.web.SbtWeb))), Clause(Atom(com.typesafe.sbt.web.SbtWeb),Set(Atom(sbt.plugins.JvmPlugin))), Clause(Atom(sbt.plugins.CorePlugin),Set(Atom(sbt.plugins.IvyPlugin))), Clause(Atom(sbt.plugins.IvyPlugin),Set(Atom(sbt.plugins.JvmPlugin))), Clause(Atom(sbt.plugins.JvmPlugin),Set(Atom(sbt.plugins.JUnitXmlReportPlugin))), Clause(And(Set(Atom(sbt.plugins.BackgroundRunPlugin), Atom(play.Play), Atom(sbt.plugins.SerializersPlugin))),Set(Atom(play.sbt.forkrun.PlayForkRun))), Clause(Atom(com.typesafe.sbt.web.SbtWeb),Set(Atom(com.typesafe.sbt.webdriver.SbtWebDriver))), Clause(Atom(sbt.plugins.JvmPlugin),Set(Atom(sbt.plugins.BackgroundRunPlugin))), Clause(Atom(sbt.plugins.CorePlugin),Set(Atom(sbt.plugins.InteractionServicePlugin))), Clause(Atom(sbt.plugins.CorePlugin),Set(Atom(sbt.plugins.SendEventServicePlugin))), Clause(Atom(sbt.plugins.CorePlugin),Set(Atom(sbt.plugins.SerializersPlugin))), Clause(Atom(com.typesafe.sbt.jse.SbtJsTask),Set(Atom(com.typesafe.sbt.coffeescript.SbtCoffeeScript))), Clause(Atom(com.typesafe.sbt.jse.SbtJsTask),Set(Atom(com.typesafe.sbt.less.SbtLess))), Clause(Atom(com.typesafe.sbt.web.SbtWeb),Set(Atom(com.typesafe.sbt.jse.SbtJsEngine))), Clause(Atom(com.typesafe.sbt.jse.SbtJsEngine),Set(Atom(com.typesafe.sbt.jse.SbtJsTask))), Clause(Atom(com.typesafe.sbt.jse.SbtJsTask),Set(Atom(com.typesafe.sbt.jshint.SbtJSHint))), Clause(Atom(com.typesafe.sbt.jse.SbtJsTask),Set(Atom(com.typesafe.sbt.rjs.SbtRjs))), Clause(Atom(com.typesafe.sbt.web.SbtWeb),Set(Atom(com.typesafe.sbt.digest.SbtDigest))), Clause(Atom(com.typesafe.sbt.jse.SbtJsTask),Set(Atom(com.typesafe.sbt.mocha.SbtMocha))), Clause(Atom(com.typesafe.sbt.web.SbtWeb),Set(Atom(org.irundaia.sbt.sass.SbtSassify)))))
  :: deduced result: Matched(sbt.plugins.CorePlugin,play.PlayScala,sbt.plugins.InteractionServicePlugin,sbt.plugins.SendEventServicePlugin,play.Play,sbt.plugins.SerializersPlugin,sbt.plugins.IvyPlugin,sbt.plugins.JvmPlugin,com.typesafe.sbt.jse.SbtJsTask,play.twirl.sbt.SbtTwirl,com.typesafe.sbt.webdriver.SbtWebDriver,com.typesafe.sbt.jshint.SbtJSHint,sbt.plugins.JUnitXmlReportPlugin,com.typesafe.sbt.mocha.SbtMocha,com.typesafe.sbt.less.SbtLess,com.typesafe.sbt.web.SbtWeb,com.typesafe.sbt.rjs.SbtRjs,com.typesafe.sbt.jse.SbtJsEngine,com.typesafe.sbt.coffeescript.SbtCoffeeScript,sbt.plugins.BackgroundRunPlugin,org.irundaia.sbt.sass.SbtSassify,com.typesafe.sbt.digest.SbtDigest,play.sbt.forkrun.PlayForkRun)
sorting: ns: List(sbt.plugins.CorePlugin, play.PlayScala, sbt.plugins.InteractionServicePlugin, sbt.plugins.SendEventServicePlugin, play.Play, sbt.plugins.SerializersPlugin, sbt.plugins.IvyPlugin, sbt.plugins.JvmPlugin, com.typesafe.sbt.jse.SbtJsTask, play.twirl.sbt.SbtTwirl, com.typesafe.sbt.webdriver.SbtWebDriver, com.typesafe.sbt.jshint.SbtJSHint, sbt.plugins.JUnitXmlReportPlugin, com.typesafe.sbt.mocha.SbtMocha, com.typesafe.sbt.less.SbtLess, com.typesafe.sbt.web.SbtWeb, com.typesafe.sbt.rjs.SbtRjs, com.typesafe.sbt.jse.SbtJsEngine, com.typesafe.sbt.coffeescript.SbtCoffeeScript, sbt.plugins.BackgroundRunPlugin, org.irundaia.sbt.sass.SbtSassify, com.typesafe.sbt.digest.SbtDigest, play.sbt.forkrun.PlayForkRun)
  :: sorting:: found: List(sbt.plugins.CorePlugin) not found List(play.PlayScala, sbt.plugins.InteractionServicePlugin, sbt.plugins.SendEventServicePlugin, play.Play, sbt.plugins.SerializersPlugin, sbt.plugins.IvyPlugin, sbt.plugins.JvmPlugin, com.typesafe.sbt.jse.SbtJsTask, play.twirl.sbt.SbtTwirl, com.typesafe.sbt.webdriver.SbtWebDriver, com.typesafe.sbt.jshint.SbtJSHint, sbt.plugins.JUnitXmlReportPlugin, com.typesafe.sbt.mocha.SbtMocha, com.typesafe.sbt.less.SbtLess, com.typesafe.sbt.web.SbtWeb, com.typesafe.sbt.rjs.SbtRjs, com.typesafe.sbt.jse.SbtJsEngine, com.typesafe.sbt.coffeescript.SbtCoffeeScript, sbt.plugins.BackgroundRunPlugin, org.irundaia.sbt.sass.SbtSassify, com.typesafe.sbt.digest.SbtDigest, play.sbt.forkrun.PlayForkRun)
  :: sorting:: found: List(sbt.plugins.CorePlugin, sbt.plugins.InteractionServicePlugin, sbt.plugins.SendEventServicePlugin, sbt.plugins.SerializersPlugin, sbt.plugins.IvyPlugin) not found List(play.PlayScala, play.Play, sbt.plugins.JvmPlugin, com.typesafe.sbt.jse.SbtJsTask, play.twirl.sbt.SbtTwirl, com.typesafe.sbt.webdriver.SbtWebDriver, com.typesafe.sbt.jshint.SbtJSHint, sbt.plugins.JUnitXmlReportPlugin, com.typesafe.sbt.mocha.SbtMocha, com.typesafe.sbt.less.SbtLess, com.typesafe.sbt.web.SbtWeb, com.typesafe.sbt.rjs.SbtRjs, com.typesafe.sbt.jse.SbtJsEngine, com.typesafe.sbt.coffeescript.SbtCoffeeScript, sbt.plugins.BackgroundRunPlugin, org.irundaia.sbt.sass.SbtSassify, com.typesafe.sbt.digest.SbtDigest, play.sbt.forkrun.PlayForkRun)
  :: sorting:: found: List(sbt.plugins.CorePlugin, sbt.plugins.InteractionServicePlugin, sbt.plugins.SendEventServicePlugin, sbt.plugins.SerializersPlugin, sbt.plugins.IvyPlugin, sbt.plugins.JvmPlugin) not found List(play.PlayScala, play.Play, com.typesafe.sbt.jse.SbtJsTask, play.twirl.sbt.SbtTwirl, com.typesafe.sbt.webdriver.SbtWebDriver, com.typesafe.sbt.jshint.SbtJSHint, sbt.plugins.JUnitXmlReportPlugin, com.typesafe.sbt.mocha.SbtMocha, com.typesafe.sbt.less.SbtLess, com.typesafe.sbt.web.SbtWeb, com.typesafe.sbt.rjs.SbtRjs, com.typesafe.sbt.jse.SbtJsEngine, com.typesafe.sbt.coffeescript.SbtCoffeeScript, sbt.plugins.BackgroundRunPlugin, org.irundaia.sbt.sass.SbtSassify, com.typesafe.sbt.digest.SbtDigest, play.sbt.forkrun.PlayForkRun)
  :: sorting:: found: List(sbt.plugins.CorePlugin, sbt.plugins.InteractionServicePlugin, sbt.plugins.SendEventServicePlugin, sbt.plugins.SerializersPlugin, sbt.plugins.IvyPlugin, sbt.plugins.JvmPlugin, play.twirl.sbt.SbtTwirl, sbt.plugins.JUnitXmlReportPlugin, com.typesafe.sbt.web.SbtWeb, sbt.plugins.BackgroundRunPlugin) not found List(play.PlayScala, play.Play, com.typesafe.sbt.jse.SbtJsTask, com.typesafe.sbt.webdriver.SbtWebDriver, com.typesafe.sbt.jshint.SbtJSHint, com.typesafe.sbt.mocha.SbtMocha, com.typesafe.sbt.less.SbtLess, com.typesafe.sbt.rjs.SbtRjs, com.typesafe.sbt.jse.SbtJsEngine, com.typesafe.sbt.coffeescript.SbtCoffeeScript, org.irundaia.sbt.sass.SbtSassify, com.typesafe.sbt.digest.SbtDigest, play.sbt.forkrun.PlayForkRun)
  :: sorting:: found: List(sbt.plugins.CorePlugin, sbt.plugins.InteractionServicePlugin, sbt.plugins.SendEventServicePlugin, sbt.plugins.SerializersPlugin, sbt.plugins.IvyPlugin, sbt.plugins.JvmPlugin, play.twirl.sbt.SbtTwirl, sbt.plugins.JUnitXmlReportPlugin, com.typesafe.sbt.web.SbtWeb, sbt.plugins.BackgroundRunPlugin, com.typesafe.sbt.webdriver.SbtWebDriver, com.typesafe.sbt.jse.SbtJsEngine, org.irundaia.sbt.sass.SbtSassify, com.typesafe.sbt.digest.SbtDigest) not found List(play.PlayScala, play.Play, com.typesafe.sbt.jse.SbtJsTask, com.typesafe.sbt.jshint.SbtJSHint, com.typesafe.sbt.mocha.SbtMocha, com.typesafe.sbt.less.SbtLess, com.typesafe.sbt.rjs.SbtRjs, com.typesafe.sbt.coffeescript.SbtCoffeeScript, play.sbt.forkrun.PlayForkRun)
  :: sorting:: found: List(sbt.plugins.CorePlugin, sbt.plugins.InteractionServicePlugin, sbt.plugins.SendEventServicePlugin, sbt.plugins.SerializersPlugin, sbt.plugins.IvyPlugin, sbt.plugins.JvmPlugin, play.twirl.sbt.SbtTwirl, sbt.plugins.JUnitXmlReportPlugin, com.typesafe.sbt.web.SbtWeb, sbt.plugins.BackgroundRunPlugin, com.typesafe.sbt.webdriver.SbtWebDriver, com.typesafe.sbt.jse.SbtJsEngine, org.irundaia.sbt.sass.SbtSassify, com.typesafe.sbt.digest.SbtDigest, com.typesafe.sbt.jse.SbtJsTask) not found List(play.PlayScala, play.Play, com.typesafe.sbt.jshint.SbtJSHint, com.typesafe.sbt.mocha.SbtMocha, com.typesafe.sbt.less.SbtLess, com.typesafe.sbt.rjs.SbtRjs, com.typesafe.sbt.coffeescript.SbtCoffeeScript, play.sbt.forkrun.PlayForkRun)
  :: sorting:: found: List(sbt.plugins.CorePlugin, sbt.plugins.InteractionServicePlugin, sbt.plugins.SendEventServicePlugin, sbt.plugins.SerializersPlugin, sbt.plugins.IvyPlugin, sbt.plugins.JvmPlugin, play.twirl.sbt.SbtTwirl, sbt.plugins.JUnitXmlReportPlugin, com.typesafe.sbt.web.SbtWeb, sbt.plugins.BackgroundRunPlugin, com.typesafe.sbt.webdriver.SbtWebDriver, com.typesafe.sbt.jse.SbtJsEngine, org.irundaia.sbt.sass.SbtSassify, com.typesafe.sbt.digest.SbtDigest, com.typesafe.sbt.jse.SbtJsTask, play.Play, com.typesafe.sbt.jshint.SbtJSHint, com.typesafe.sbt.mocha.SbtMocha, com.typesafe.sbt.less.SbtLess, com.typesafe.sbt.rjs.SbtRjs, com.typesafe.sbt.coffeescript.SbtCoffeeScript) not found List(play.PlayScala, play.sbt.forkrun.PlayForkRun)
  :: sorting:: found: List(sbt.plugins.CorePlugin, sbt.plugins.InteractionServicePlugin, sbt.plugins.SendEventServicePlugin, sbt.plugins.SerializersPlugin, sbt.plugins.IvyPlugin, sbt.plugins.JvmPlugin, play.twirl.sbt.SbtTwirl, sbt.plugins.JUnitXmlReportPlugin, com.typesafe.sbt.web.SbtWeb, sbt.plugins.BackgroundRunPlugin, com.typesafe.sbt.webdriver.SbtWebDriver, com.typesafe.sbt.jse.SbtJsEngine, org.irundaia.sbt.sass.SbtSassify, com.typesafe.sbt.digest.SbtDigest, com.typesafe.sbt.jse.SbtJsTask, play.Play, com.typesafe.sbt.jshint.SbtJSHint, com.typesafe.sbt.mocha.SbtMocha, com.typesafe.sbt.less.SbtLess, com.typesafe.sbt.rjs.SbtRjs, com.typesafe.sbt.coffeescript.SbtCoffeeScript, play.PlayScala, play.sbt.forkrun.PlayForkRun) not found List()
  :: sorted deduced result: List(sbt.plugins.CorePlugin, sbt.plugins.InteractionServicePlugin, sbt.plugins.SendEventServicePlugin, sbt.plugins.SerializersPlugin, sbt.plugins.IvyPlugin, sbt.plugins.JvmPlugin, play.twirl.sbt.SbtTwirl, sbt.plugins.JUnitXmlReportPlugin, com.typesafe.sbt.web.SbtWeb, sbt.plugins.BackgroundRunPlugin, com.typesafe.sbt.webdriver.SbtWebDriver, com.typesafe.sbt.jse.SbtJsEngine, org.irundaia.sbt.sass.SbtSassify, com.typesafe.sbt.digest.SbtDigest, com.typesafe.sbt.jse.SbtJsTask, play.Play, com.typesafe.sbt.jshint.SbtJSHint, com.typesafe.sbt.mocha.SbtMocha, com.typesafe.sbt.less.SbtLess, com.typesafe.sbt.rjs.SbtRjs, com.typesafe.sbt.coffeescript.SbtCoffeeScript, play.PlayScala, play.sbt.forkrun.PlayForkRun)
[Loading] Done in C:\Users\AB\Desktop\Projetos\Scala\activator-dist-1.3.9\bin\chess-template, returning: (root)
Set current project to chess-template (in build file:/C:/Users/AB/Desktop/Projetos/Scala/activator-dist-1.3.9/bin/chess-template/)
Reapplying settings...
Set current project to chess-template (in build file:/C:/Users/AB/Desktop/Projetos/Scala/activator-dist-1.3.9/bin/chess-template/)
> iflast shell
> server-send-ready-for-request
> server-handle-next-server-request
> compile
Evaluating tasks: compile:compile
Running task... Cancel: sbt.server.ServerTaskCancellation@3c83342b, check cycles: false

Initial source changes: 
	removed:Set()
	added: Set()
	modified: Set(C:\Users\AB\Desktop\Projetos\Scala\activator-dist-1.3.9\bin\chess-template\app\controllers\Application.scala, C:\Users\AB\Desktop\Projetos\Scala\activator-dist-1.3.9\bin\chess-template\target\scala-2.11\twirl\main\views\html\game.template.scala, C:\Users\AB\Desktop\Projetos\Scala\activator-dist-1.3.9\bin\chess-template\app\actors\UserActor.scala, C:\Users\AB\Desktop\Projetos\Scala\activator-dist-1.3.9\bin\chess-template\app\actors\GameActor.scala)
Removed products: Set()
External API changes: API Changes: Set()
Modified binary dependencies: Set()
Initial directly invalidated sources: Set(C:\Users\AB\Desktop\Projetos\Scala\activator-dist-1.3.9\bin\chess-template\app\controllers\Application.scala, C:\Users\AB\Desktop\Projetos\Scala\activator-dist-1.3.9\bin\chess-template\target\scala-2.11\twirl\main\views\html\game.template.scala, C:\Users\AB\Desktop\Projetos\Scala\activator-dist-1.3.9\bin\chess-template\app\actors\UserActor.scala, C:\Users\AB\Desktop\Projetos\Scala\activator-dist-1.3.9\bin\chess-template\app\actors\GameActor.scala)

Sources indirectly invalidated by:
	product: Set()
	binary dep: Set()
	external source: Set()
All initially invalidated sources: Set(C:\Users\AB\Desktop\Projetos\Scala\activator-dist-1.3.9\bin\chess-template\app\controllers\Application.scala, C:\Users\AB\Desktop\Projetos\Scala\activator-dist-1.3.9\bin\chess-template\target\scala-2.11\twirl\main\views\html\game.template.scala, C:\Users\AB\Desktop\Projetos\Scala\activator-dist-1.3.9\bin\chess-template\app\actors\UserActor.scala, C:\Users\AB\Desktop\Projetos\Scala\activator-dist-1.3.9\bin\chess-template\app\actors\GameActor.scala)

Read from stdout: Compiling 4 Scala sources to C:\Users\AB\Desktop\Projetos\Scala\activator-dist-1.3.9\bin\chess-template\target\scala-2.11\classes...
Compiling 4 Scala sources to C:\Users\AB\Desktop\Projetos\Scala\activator-dist-1.3.9\bin\chess-template\target\scala-2.11\classes...
Getting compiler-interface from component compiler for Scala 2.11.7
Other repositories:
Default repositories:
Getting compiler-interface from component compiler for Scala 2.11.7
Other repositories:
Default repositories:
Running cached compiler 72d9e708, interfacing (CompilerInterface) with Scala compiler version 2.11.7
Calling Scala compiler with arguments  (CompilerInterface):
	-deprecation
	-unchecked
	-encoding
	utf8
	-bootclasspath
	C:\Program Files\Java\jdk1.8.0_73\jre\lib\resources.jar;C:\Program Files\Java\jdk1.8.0_73\jre\lib\rt.jar;C:\Program Files\Java\jdk1.8.0_73\jre\lib\sunrsasign.jar;C:\Program Files\Java\jdk1.8.0_73\jre\lib\jsse.jar;C:\Program Files\Java\jdk1.8.0_73\jre\lib\jce.jar;C:\Program Files\Java\jdk1.8.0_73\jre\lib\charsets.jar;C:\Program Files\Java\jdk1.8.0_73\jre\lib\jfr.jar;C:\Program Files\Java\jdk1.8.0_73\jre\classes;C:\Users\AB\.ivy2\cache\org.scala-lang\scala-library\jars\scala-library-2.11.7.jar
	-classpath
	C:\Users\AB\Desktop\Projetos\Scala\activator-dist-1.3.9\bin\chess-template\target\scala-2.11\classes;C:\Users\AB\.ivy2\cache\com.typesafe.play\twirl-api_2.11\jars\twirl-api_2.11-1.0.2.jar;C:\Users\AB\.ivy2\cache\org.apache.commons\commons-lang3\jars\commons-lang3-3.1.jar;C:\Users\AB\.ivy2\cache\org.scala-lang.modules\scala-xml_2.11\bundles\scala-xml_2.11-1.0.1.jar;C:\Users\AB\.ivy2\cache\com.typesafe.play\play_2.11\jars\play_2.11-2.3.10.jar;C:\Users\AB\.ivy2\cache\com.typesafe.play\build-link\jars\build-link-2.3.10.jar;C:\Users\AB\.ivy2\cache\com.typesafe.play\play-exceptions\jars\play-exceptions-2.3.10.jar;C:\Users\AB\.ivy2\cache\org.javassist\javassist\bundles\javassist-3.18.2-GA.jar;C:\Users\AB\.ivy2\cache\com.typesafe.play\play-iteratees_2.11\jars\play-iteratees_2.11-2.3.10.jar;C:\Users\AB\.ivy2\cache\org.scala-stm\scala-stm_2.11\jars\scala-stm_2.11-0.7.jar;C:\Users\AB\.ivy2\cache\com.typesafe\config\bundles\config-1.2.1.jar;C:\Users\AB\.ivy2\cache\com.typesafe.play\play-json_2.11\jars\play-json_2.11-2.3.10.jar;C:\Users\AB\.ivy2\cache\com.typesafe.play\play-functional_2.11\jars\play-functional_2.11-2.3.10.jar;C:\Users\AB\.ivy2\cache\com.typesafe.play\play-datacommons_2.11\jars\play-datacommons_2.11-2.3.10.jar;C:\Users\AB\.ivy2\cache\joda-time\joda-time\jars\joda-time-2.3.jar;C:\Users\AB\.ivy2\cache\org.joda\joda-convert\jars\joda-convert-1.6.jar;C:\Users\AB\.ivy2\cache\com.fasterxml.jackson.core\jackson-annotations\bundles\jackson-annotations-2.3.2.jar;C:\Users\AB\.ivy2\cache\com.fasterxml.jackson.core\jackson-core\bundles\jackson-core-2.3.2.jar;C:\Users\AB\.ivy2\cache\com.fasterxml.jackson.core\jackson-databind\bundles\jackson-databind-2.3.2.jar;C:\Users\AB\.ivy2\cache\org.scala-lang\scala-reflect\jars\scala-reflect-2.11.1.jar;C:\Users\AB\.ivy2\cache\org.scala-lang.modules\scala-parser-combinators_2.11\bundles\scala-parser-combinators_2.11-1.0.1.jar;C:\Users\AB\.ivy2\cache\io.netty\netty\bundles\netty-3.9.9.Final.jar;C:\Users\AB\.ivy2\cache\com.typesafe.netty\netty-http-pipelining\jars\netty-http-pipelining-1.1.2.jar;C:\Users\AB\.ivy2\cache\org.slf4j\slf4j-api\jars\slf4j-api-1.7.6.jar;C:\Users\AB\.ivy2\cache\org.slf4j\jul-to-slf4j\jars\jul-to-slf4j-1.7.6.jar;C:\Users\AB\.ivy2\cache\org.slf4j\jcl-over-slf4j\jars\jcl-over-slf4j-1.7.6.jar;C:\Users\AB\.ivy2\cache\ch.qos.logback\logback-core\jars\logback-core-1.1.1.jar;C:\Users\AB\.ivy2\cache\ch.qos.logback\logback-classic\jars\logback-classic-1.1.1.jar;C:\Users\AB\.ivy2\cache\com.typesafe.akka\akka-actor_2.11\jars\akka-actor_2.11-2.3.4.jar;C:\Users\AB\.ivy2\cache\com.typesafe.akka\akka-slf4j_2.11\jars\akka-slf4j_2.11-2.3.4.jar;C:\Users\AB\.ivy2\cache\commons-codec\commons-codec\jars\commons-codec-1.9.jar;C:\Users\AB\.ivy2\cache\xerces\xercesImpl\jars\xercesImpl-2.11.0.jar;C:\Users\AB\.ivy2\cache\xml-apis\xml-apis\jars\xml-apis-1.4.01.jar;C:\Users\AB\.ivy2\cache\javax.transaction\jta\jars\jta-1.1.jar;C:\Users\AB\.ivy2\cache\com.typesafe.play\play-jdbc_2.11\jars\play-jdbc_2.11-2.3.10.jar;C:\Users\AB\Desktop\activator-dist-1.3.9\repository\com.jolbox\bonecp\0.8.0.RELEASE\bundles\bonecp.jar;C:\Users\AB\Desktop\Projetos\Scala\activator-dist-1.3.9\repository\com.h2database\h2\1.3.175\jars\h2.jar;C:\Users\AB\Desktop\activator-dist-1.3.9\repository\tyrex\tyrex\1.0.1\jars\tyrex.jar;C:\Users\AB\.ivy2\cache\com.typesafe.play\play-cache_2.11\jars\play-cache_2.11-2.3.10.jar;C:\Users\AB\.ivy2\cache\net.sf.ehcache\ehcache-core\jars\ehcache-core-2.6.8.jar;C:\Users\AB\.ivy2\cache\com.typesafe.play\play-ws_2.11\jars\play-ws_2.11-2.3.10.jar;C:\Users\AB\.ivy2\cache\com.google.guava\guava\bundles\guava-16.0.1.jar;C:\Users\AB\.ivy2\cache\com.ning\async-http-client\jars\async-http-client-1.8.15.jar;C:\Users\AB\.ivy2\cache\oauth.signpost\signpost-core\jars\signpost-core-1.2.1.2.jar;C:\Users\AB\.ivy2\cache\oauth.signpost\signpost-commonshttp4\jars\signpost-commonshttp4-1.2.1.2.jar;C:\Users\AB\Desktop\activator-dist-1.3.9\repository\org.apache.httpcomponents\httpcore\4.0.1\jars\httpcore.jar;C:\Users\AB\Desktop\activator-dist-1.3.9\repository\org.apache.httpcomponents\httpclient\4.0.1\jars\httpclient.jar;C:\Users\AB\.ivy2\cache\commons-logging\commons-logging\jars\commons-logging-1.1.1.jar
Scala compilation took 18.512324833 s
New invalidations:
	Set()
Initial set of included nodes: Set()
Previously invalidated, but (transitively) depend on new invalidations:
	Set()
All newly invalidated sources after taking into account (previously) recompiled sources:Set()
Total time: 25 s, completed 08/07/2016 10:55:41
> server-post-command-cleanup
> server-handle-next-server-request
> {file:/C:/Users/AB/Desktop/Projetos/Scala/activator-dist-1.3.9/bin/chess-template/}root/compile:discoveredMainClasses
Evaluating tasks: compile:discoveredMainClasses
Running task... Cancel: sbt.server.ServerTaskCancellation@1adde22c, check cycles: false

Initial source changes: 
	removed:Set()
	added: Set()
	modified: Set()
Removed products: Set()
External API changes: API Changes: Set()
Modified binary dependencies: Set()
Initial directly invalidated sources: Set()

Sources indirectly invalidated by:
	product: Set()
	binary dep: Set()
	external source: Set()
All initially invalidated sources: Set()

Total time: 2 s, completed 08/07/2016 10:55:43
> server-post-command-cleanup
> server-handle-next-server-request
> {file:/C:/Users/AB/Desktop/Projetos/Scala/activator-dist-1.3.9/bin/chess-template/}root/compile:mainClass
Evaluating tasks: compile:mainClass
Running task... Cancel: sbt.server.ServerTaskCancellation@35cd8134, check cycles: false
Total time: 0 s, completed 08/07/2016 10:55:44
> server-post-command-cleanup
> server-handle-next-server-request
> {file:/C:/Users/AB/Desktop/Projetos/Scala/activator-dist-1.3.9/bin/chess-template/}root/compile:discoveredMainClasses
Evaluating tasks: compile:discoveredMainClasses
Running task... Cancel: sbt.server.ServerTaskCancellation@84475e5, check cycles: false

Initial source changes: 
	removed:Set()
	added: Set()
	modified: Set()
Removed products: Set()
External API changes: API Changes: Set()
Modified binary dependencies: Set()
Initial directly invalidated sources: Set()

Sources indirectly invalidated by:
	product: Set()
	binary dep: Set()
	external source: Set()
All initially invalidated sources: Set()

Total time: 0 s, completed 08/07/2016 10:55:44
> server-post-command-cleanup
> server-handle-next-server-request
> backgroundRun
Evaluating tasks: compile:backgroundRun
Running task... Cancel: sbt.server.ServerTaskCancellation@73a6e7c6, check cycles: false
Total time: 0 s, completed 08/07/2016 10:58:03
> server-post-command-cleanup
> server-handle-next-server-request
> {file:/C:/Users/AB/Desktop/Projetos/Scala/activator-dist-1.3.9/bin/chess-template/}root/*:playForkConfig
Evaluating tasks: *:playForkConfig
Running task... Cancel: sbt.server.ServerTaskCancellation@7feb531e, check cycles: false
Total time: 1 s, completed 08/07/2016 10:58:09
> server-post-command-cleanup
> server-handle-next-server-request
> root/playForkNotifyStart http://localhost:9000
Evaluating tasks: *:playForkNotifyStart
Running task... Cancel: sbt.server.ServerTaskCancellation@421df252, check cycles: false
Total time: 0 s, completed 08/07/2016 10:58:11
> server-post-command-cleanup
> server-handle-next-server-request
> {file:/C:/Users/AB/Desktop/Projetos/Scala/activator-dist-1.3.9/bin/chess-template/}root/*:playForkReload
Evaluating tasks: *:playForkReload
Running task... Cancel: sbt.server.ServerTaskCancellation@12d6c6f7, check cycles: false

Initial source changes: 
	removed:Set()
	added: Set()
	modified: Set()
Removed products: Set()
External API changes: API Changes: Set()
Modified binary dependencies: Set()
Initial directly invalidated sources: Set()

Sources indirectly invalidated by:
	product: Set()
	binary dep: Set()
	external source: Set()
All initially invalidated sources: Set()

Copy resource mappings: 
	(C:\Users\AB\Desktop\Projetos\Scala\activator-dist-1.3.9\bin\chess-template\conf\application.conf,C:\Users\AB\Desktop\Projetos\Scala\activator-dist-1.3.9\bin\chess-template\target\scala-2.11\classes\application.conf)
	(C:\Users\AB\Desktop\Projetos\Scala\activator-dist-1.3.9\bin\chess-template\conf\logback.xml,C:\Users\AB\Desktop\Projetos\Scala\activator-dist-1.3.9\bin\chess-template\target\scala-2.11\classes\logback.xml)
	(C:\Users\AB\Desktop\Projetos\Scala\activator-dist-1.3.9\bin\chess-template\conf\routes,C:\Users\AB\Desktop\Projetos\Scala\activator-dist-1.3.9\bin\chess-template\target\scala-2.11\classes\routes)
Warning: node.js detection failed, sbt will use the Rhino based Trireme JavaScript engine instead to run JavaScript assets compilation, which in some cases may be orders of magnitude slower than using node.js.
Total time: 4 s, completed 08/07/2016 10:58:21
> server-post-command-cleanup
> server-handle-next-server-request
> {file:/C:/Users/AB/Desktop/Projetos/Scala/activator-dist-1.3.9/bin/chess-template/}root/*:playForkReload
Evaluating tasks: *:playForkReload
Running task... Cancel: sbt.server.ServerTaskCancellation@39e46a5f, check cycles: false

Initial source changes: 
	removed:Set()
	added: Set()
	modified: Set()
Removed products: Set()
External API changes: API Changes: Set()
Modified binary dependencies: Set()
Initial directly invalidated sources: Set()

Sources indirectly invalidated by:
	product: Set()
	binary dep: Set()
	external source: Set()
All initially invalidated sources: Set()

Copy resource mappings: 
	(C:\Users\AB\Desktop\Projetos\Scala\activator-dist-1.3.9\bin\chess-template\conf\application.conf,C:\Users\AB\Desktop\Projetos\Scala\activator-dist-1.3.9\bin\chess-template\target\scala-2.11\classes\application.conf)
	(C:\Users\AB\Desktop\Projetos\Scala\activator-dist-1.3.9\bin\chess-template\conf\logback.xml,C:\Users\AB\Desktop\Projetos\Scala\activator-dist-1.3.9\bin\chess-template\target\scala-2.11\classes\logback.xml)
	(C:\Users\AB\Desktop\Projetos\Scala\activator-dist-1.3.9\bin\chess-template\conf\routes,C:\Users\AB\Desktop\Projetos\Scala\activator-dist-1.3.9\bin\chess-template\target\scala-2.11\classes\routes)
Total time: 2 s, completed 08/07/2016 10:59:24
> server-post-command-cleanup
> server-handle-next-server-request
> compile
Evaluating tasks: compile:compile
Running task... Cancel: sbt.server.ServerTaskCancellation@4cc5089e, check cycles: false

Initial source changes: 
	removed:Set()
	added: Set()
	modified: Set(C:\Users\AB\Desktop\Projetos\Scala\activator-dist-1.3.9\bin\chess-template\app\actors\UserActor.scala)
Removed products: Set()
External API changes: API Changes: Set()
Modified binary dependencies: Set()
Initial directly invalidated sources: Set(C:\Users\AB\Desktop\Projetos\Scala\activator-dist-1.3.9\bin\chess-template\app\actors\UserActor.scala)

Sources indirectly invalidated by:
	product: Set()
	binary dep: Set()
	external source: Set()
All initially invalidated sources: Set(C:\Users\AB\Desktop\Projetos\Scala\activator-dist-1.3.9\bin\chess-template\app\actors\UserActor.scala)

Read from stdout: Compiling 1 Scala source to C:\Users\AB\Desktop\Projetos\Scala\activator-dist-1.3.9\bin\chess-template\target\scala-2.11\classes...
Compiling 1 Scala source to C:\Users\AB\Desktop\Projetos\Scala\activator-dist-1.3.9\bin\chess-template\target\scala-2.11\classes...
Getting compiler-interface from component compiler for Scala 2.11.7
Other repositories:
Default repositories:
Getting compiler-interface from component compiler for Scala 2.11.7
Other repositories:
Default repositories:
Running cached compiler 6a099db5, interfacing (CompilerInterface) with Scala compiler version 2.11.7
Calling Scala compiler with arguments  (CompilerInterface):
	-deprecation
	-unchecked
	-encoding
	utf8
	-bootclasspath
	C:\Program Files\Java\jdk1.8.0_73\jre\lib\resources.jar;C:\Program Files\Java\jdk1.8.0_73\jre\lib\rt.jar;C:\Program Files\Java\jdk1.8.0_73\jre\lib\sunrsasign.jar;C:\Program Files\Java\jdk1.8.0_73\jre\lib\jsse.jar;C:\Program Files\Java\jdk1.8.0_73\jre\lib\jce.jar;C:\Program Files\Java\jdk1.8.0_73\jre\lib\charsets.jar;C:\Program Files\Java\jdk1.8.0_73\jre\lib\jfr.jar;C:\Program Files\Java\jdk1.8.0_73\jre\classes;C:\Users\AB\.ivy2\cache\org.scala-lang\scala-library\jars\scala-library-2.11.7.jar
	-classpath
	C:\Users\AB\Desktop\Projetos\Scala\activator-dist-1.3.9\bin\chess-template\target\scala-2.11\classes;C:\Users\AB\.ivy2\cache\com.typesafe.play\twirl-api_2.11\jars\twirl-api_2.11-1.0.2.jar;C:\Users\AB\.ivy2\cache\org.apache.commons\commons-lang3\jars\commons-lang3-3.1.jar;C:\Users\AB\.ivy2\cache\org.scala-lang.modules\scala-xml_2.11\bundles\scala-xml_2.11-1.0.1.jar;C:\Users\AB\.ivy2\cache\com.typesafe.play\play_2.11\jars\play_2.11-2.3.10.jar;C:\Users\AB\.ivy2\cache\com.typesafe.play\build-link\jars\build-link-2.3.10.jar;C:\Users\AB\.ivy2\cache\com.typesafe.play\play-exceptions\jars\play-exceptions-2.3.10.jar;C:\Users\AB\.ivy2\cache\org.javassist\javassist\bundles\javassist-3.18.2-GA.jar;C:\Users\AB\.ivy2\cache\com.typesafe.play\play-iteratees_2.11\jars\play-iteratees_2.11-2.3.10.jar;C:\Users\AB\.ivy2\cache\org.scala-stm\scala-stm_2.11\jars\scala-stm_2.11-0.7.jar;C:\Users\AB\.ivy2\cache\com.typesafe\config\bundles\config-1.2.1.jar;C:\Users\AB\.ivy2\cache\com.typesafe.play\play-json_2.11\jars\play-json_2.11-2.3.10.jar;C:\Users\AB\.ivy2\cache\com.typesafe.play\play-functional_2.11\jars\play-functional_2.11-2.3.10.jar;C:\Users\AB\.ivy2\cache\com.typesafe.play\play-datacommons_2.11\jars\play-datacommons_2.11-2.3.10.jar;C:\Users\AB\.ivy2\cache\joda-time\joda-time\jars\joda-time-2.3.jar;C:\Users\AB\.ivy2\cache\org.joda\joda-convert\jars\joda-convert-1.6.jar;C:\Users\AB\.ivy2\cache\com.fasterxml.jackson.core\jackson-annotations\bundles\jackson-annotations-2.3.2.jar;C:\Users\AB\.ivy2\cache\com.fasterxml.jackson.core\jackson-core\bundles\jackson-core-2.3.2.jar;C:\Users\AB\.ivy2\cache\com.fasterxml.jackson.core\jackson-databind\bundles\jackson-databind-2.3.2.jar;C:\Users\AB\.ivy2\cache\org.scala-lang\scala-reflect\jars\scala-reflect-2.11.1.jar;C:\Users\AB\.ivy2\cache\org.scala-lang.modules\scala-parser-combinators_2.11\bundles\scala-parser-combinators_2.11-1.0.1.jar;C:\Users\AB\.ivy2\cache\io.netty\netty\bundles\netty-3.9.9.Final.jar;C:\Users\AB\.ivy2\cache\com.typesafe.netty\netty-http-pipelining\jars\netty-http-pipelining-1.1.2.jar;C:\Users\AB\.ivy2\cache\org.slf4j\slf4j-api\jars\slf4j-api-1.7.6.jar;C:\Users\AB\.ivy2\cache\org.slf4j\jul-to-slf4j\jars\jul-to-slf4j-1.7.6.jar;C:\Users\AB\.ivy2\cache\org.slf4j\jcl-over-slf4j\jars\jcl-over-slf4j-1.7.6.jar;C:\Users\AB\.ivy2\cache\ch.qos.logback\logback-core\jars\logback-core-1.1.1.jar;C:\Users\AB\.ivy2\cache\ch.qos.logback\logback-classic\jars\logback-classic-1.1.1.jar;C:\Users\AB\.ivy2\cache\com.typesafe.akka\akka-actor_2.11\jars\akka-actor_2.11-2.3.4.jar;C:\Users\AB\.ivy2\cache\com.typesafe.akka\akka-slf4j_2.11\jars\akka-slf4j_2.11-2.3.4.jar;C:\Users\AB\.ivy2\cache\commons-codec\commons-codec\jars\commons-codec-1.9.jar;C:\Users\AB\.ivy2\cache\xerces\xercesImpl\jars\xercesImpl-2.11.0.jar;C:\Users\AB\.ivy2\cache\xml-apis\xml-apis\jars\xml-apis-1.4.01.jar;C:\Users\AB\.ivy2\cache\javax.transaction\jta\jars\jta-1.1.jar;C:\Users\AB\.ivy2\cache\com.typesafe.play\play-jdbc_2.11\jars\play-jdbc_2.11-2.3.10.jar;C:\Users\AB\Desktop\activator-dist-1.3.9\repository\com.jolbox\bonecp\0.8.0.RELEASE\bundles\bonecp.jar;C:\Users\AB\Desktop\Projetos\Scala\activator-dist-1.3.9\repository\com.h2database\h2\1.3.175\jars\h2.jar;C:\Users\AB\Desktop\activator-dist-1.3.9\repository\tyrex\tyrex\1.0.1\jars\tyrex.jar;C:\Users\AB\.ivy2\cache\com.typesafe.play\play-cache_2.11\jars\play-cache_2.11-2.3.10.jar;C:\Users\AB\.ivy2\cache\net.sf.ehcache\ehcache-core\jars\ehcache-core-2.6.8.jar;C:\Users\AB\.ivy2\cache\com.typesafe.play\play-ws_2.11\jars\play-ws_2.11-2.3.10.jar;C:\Users\AB\.ivy2\cache\com.google.guava\guava\bundles\guava-16.0.1.jar;C:\Users\AB\.ivy2\cache\com.ning\async-http-client\jars\async-http-client-1.8.15.jar;C:\Users\AB\.ivy2\cache\oauth.signpost\signpost-core\jars\signpost-core-1.2.1.2.jar;C:\Users\AB\.ivy2\cache\oauth.signpost\signpost-commonshttp4\jars\signpost-commonshttp4-1.2.1.2.jar;C:\Users\AB\Desktop\activator-dist-1.3.9\repository\org.apache.httpcomponents\httpcore\4.0.1\jars\httpcore.jar;C:\Users\AB\Desktop\activator-dist-1.3.9\repository\org.apache.httpcomponents\httpclient\4.0.1\jars\httpclient.jar;C:\Users\AB\.ivy2\cache\commons-logging\commons-logging\jars\commons-logging-1.1.1.jar
Scala compilation took 3.24634628 s
New invalidations:
	Set()
Initial set of included nodes: Set()
Previously invalidated, but (transitively) depend on new invalidations:
	Set()
All newly invalidated sources after taking into account (previously) recompiled sources:Set()
Total time: 4 s, completed 08/07/2016 11:02:36
> server-post-command-cleanup
> server-handle-next-server-request
> {file:/C:/Users/AB/Desktop/Projetos/Scala/activator-dist-1.3.9/bin/chess-template/}root/*:playForkReload
Evaluating tasks: *:playForkReload
Running task... Cancel: sbt.server.ServerTaskCancellation@632045a4, check cycles: false

Initial source changes: 
	removed:Set()
	added: Set()
	modified: Set()
Removed products: Set()
External API changes: API Changes: Set()
Modified binary dependencies: Set()
Initial directly invalidated sources: Set()

Sources indirectly invalidated by:
	product: Set()
	binary dep: Set()
	external source: Set()
All initially invalidated sources: Set()

Copy resource mappings: 
	(C:\Users\AB\Desktop\Projetos\Scala\activator-dist-1.3.9\bin\chess-template\conf\application.conf,C:\Users\AB\Desktop\Projetos\Scala\activator-dist-1.3.9\bin\chess-template\target\scala-2.11\classes\application.conf)
	(C:\Users\AB\Desktop\Projetos\Scala\activator-dist-1.3.9\bin\chess-template\conf\logback.xml,C:\Users\AB\Desktop\Projetos\Scala\activator-dist-1.3.9\bin\chess-template\target\scala-2.11\classes\logback.xml)
	(C:\Users\AB\Desktop\Projetos\Scala\activator-dist-1.3.9\bin\chess-template\conf\routes,C:\Users\AB\Desktop\Projetos\Scala\activator-dist-1.3.9\bin\chess-template\target\scala-2.11\classes\routes)
Total time: 1 s, completed 08/07/2016 11:02:55
> server-post-command-cleanup
> server-handle-next-server-request
> {file:/C:/Users/AB/Desktop/Projetos/Scala/activator-dist-1.3.9/bin/chess-template/}root/*:playForkReload
Evaluating tasks: *:playForkReload
Running task... Cancel: sbt.server.ServerTaskCancellation@3083efc8, check cycles: false

Initial source changes: 
	removed:Set()
	added: Set()
	modified: Set()
Removed products: Set()
External API changes: API Changes: Set()
Modified binary dependencies: Set()
Initial directly invalidated sources: Set()

Sources indirectly invalidated by:
	product: Set()
	binary dep: Set()
	external source: Set()
All initially invalidated sources: Set()

Copy resource mappings: 
	(C:\Users\AB\Desktop\Projetos\Scala\activator-dist-1.3.9\bin\chess-template\conf\application.conf,C:\Users\AB\Desktop\Projetos\Scala\activator-dist-1.3.9\bin\chess-template\target\scala-2.11\classes\application.conf)
	(C:\Users\AB\Desktop\Projetos\Scala\activator-dist-1.3.9\bin\chess-template\conf\logback.xml,C:\Users\AB\Desktop\Projetos\Scala\activator-dist-1.3.9\bin\chess-template\target\scala-2.11\classes\logback.xml)
	(C:\Users\AB\Desktop\Projetos\Scala\activator-dist-1.3.9\bin\chess-template\conf\routes,C:\Users\AB\Desktop\Projetos\Scala\activator-dist-1.3.9\bin\chess-template\target\scala-2.11\classes\routes)
Total time: 1 s, completed 08/07/2016 11:03:54
> server-post-command-cleanup
> server-handle-next-server-request
> {file:/C:/Users/AB/Desktop/Projetos/Scala/activator-dist-1.3.9/bin/chess-template/}root/*:playForkReload
Evaluating tasks: *:playForkReload
Running task... Cancel: sbt.server.ServerTaskCancellation@314bda8a, check cycles: false

Initial source changes: 
	removed:Set()
	added: Set()
	modified: Set()
Removed products: Set()
External API changes: API Changes: Set()
Modified binary dependencies: Set()
Initial directly invalidated sources: Set()

Sources indirectly invalidated by:
	product: Set()
	binary dep: Set()
	external source: Set()
All initially invalidated sources: Set()

Copy resource mappings: 
	(C:\Users\AB\Desktop\Projetos\Scala\activator-dist-1.3.9\bin\chess-template\conf\application.conf,C:\Users\AB\Desktop\Projetos\Scala\activator-dist-1.3.9\bin\chess-template\target\scala-2.11\classes\application.conf)
	(C:\Users\AB\Desktop\Projetos\Scala\activator-dist-1.3.9\bin\chess-template\conf\logback.xml,C:\Users\AB\Desktop\Projetos\Scala\activator-dist-1.3.9\bin\chess-template\target\scala-2.11\classes\logback.xml)
	(C:\Users\AB\Desktop\Projetos\Scala\activator-dist-1.3.9\bin\chess-template\conf\routes,C:\Users\AB\Desktop\Projetos\Scala\activator-dist-1.3.9\bin\chess-template\target\scala-2.11\classes\routes)
Total time: 1 s, completed 08/07/2016 11:04:28
> server-post-command-cleanup
> server-handle-next-server-request
> {file:/C:/Users/AB/Desktop/Projetos/Scala/activator-dist-1.3.9/bin/chess-template/}root/*:playForkReload
Evaluating tasks: *:playForkReload
Running task... Cancel: sbt.server.ServerTaskCancellation@76061495, check cycles: false

Initial source changes: 
	removed:Set()
	added: Set()
	modified: Set(C:\Users\AB\Desktop\Projetos\Scala\activator-dist-1.3.9\bin\chess-template\target\scala-2.11\twirl\main\views\html\game.template.scala)
Removed products: Set()
External API changes: API Changes: Set()
Modified binary dependencies: Set()
Initial directly invalidated sources: Set(C:\Users\AB\Desktop\Projetos\Scala\activator-dist-1.3.9\bin\chess-template\target\scala-2.11\twirl\main\views\html\game.template.scala)

Sources indirectly invalidated by:
	product: Set()
	binary dep: Set()
	external source: Set()
All initially invalidated sources: Set(C:\Users\AB\Desktop\Projetos\Scala\activator-dist-1.3.9\bin\chess-template\target\scala-2.11\twirl\main\views\html\game.template.scala)

Read from stdout: Compiling 1 Scala source to C:\Users\AB\Desktop\Projetos\Scala\activator-dist-1.3.9\bin\chess-template\target\scala-2.11\classes...
Compiling 1 Scala source to C:\Users\AB\Desktop\Projetos\Scala\activator-dist-1.3.9\bin\chess-template\target\scala-2.11\classes...
Getting compiler-interface from component compiler for Scala 2.11.7
Other repositories:
Default repositories:
Getting compiler-interface from component compiler for Scala 2.11.7
Other repositories:
Default repositories:
Running cached compiler 6f1776c3, interfacing (CompilerInterface) with Scala compiler version 2.11.7
Calling Scala compiler with arguments  (CompilerInterface):
	-deprecation
	-unchecked
	-encoding
	utf8
	-bootclasspath
	C:\Program Files\Java\jdk1.8.0_73\jre\lib\resources.jar;C:\Program Files\Java\jdk1.8.0_73\jre\lib\rt.jar;C:\Program Files\Java\jdk1.8.0_73\jre\lib\sunrsasign.jar;C:\Program Files\Java\jdk1.8.0_73\jre\lib\jsse.jar;C:\Program Files\Java\jdk1.8.0_73\jre\lib\jce.jar;C:\Program Files\Java\jdk1.8.0_73\jre\lib\charsets.jar;C:\Program Files\Java\jdk1.8.0_73\jre\lib\jfr.jar;C:\Program Files\Java\jdk1.8.0_73\jre\classes;C:\Users\AB\.ivy2\cache\org.scala-lang\scala-library\jars\scala-library-2.11.7.jar
	-classpath
	C:\Users\AB\Desktop\Projetos\Scala\activator-dist-1.3.9\bin\chess-template\target\scala-2.11\classes;C:\Users\AB\.ivy2\cache\com.typesafe.play\twirl-api_2.11\jars\twirl-api_2.11-1.0.2.jar;C:\Users\AB\.ivy2\cache\org.apache.commons\commons-lang3\jars\commons-lang3-3.1.jar;C:\Users\AB\.ivy2\cache\org.scala-lang.modules\scala-xml_2.11\bundles\scala-xml_2.11-1.0.1.jar;C:\Users\AB\.ivy2\cache\com.typesafe.play\play_2.11\jars\play_2.11-2.3.10.jar;C:\Users\AB\.ivy2\cache\com.typesafe.play\build-link\jars\build-link-2.3.10.jar;C:\Users\AB\.ivy2\cache\com.typesafe.play\play-exceptions\jars\play-exceptions-2.3.10.jar;C:\Users\AB\.ivy2\cache\org.javassist\javassist\bundles\javassist-3.18.2-GA.jar;C:\Users\AB\.ivy2\cache\com.typesafe.play\play-iteratees_2.11\jars\play-iteratees_2.11-2.3.10.jar;C:\Users\AB\.ivy2\cache\org.scala-stm\scala-stm_2.11\jars\scala-stm_2.11-0.7.jar;C:\Users\AB\.ivy2\cache\com.typesafe\config\bundles\config-1.2.1.jar;C:\Users\AB\.ivy2\cache\com.typesafe.play\play-json_2.11\jars\play-json_2.11-2.3.10.jar;C:\Users\AB\.ivy2\cache\com.typesafe.play\play-functional_2.11\jars\play-functional_2.11-2.3.10.jar;C:\Users\AB\.ivy2\cache\com.typesafe.play\play-datacommons_2.11\jars\play-datacommons_2.11-2.3.10.jar;C:\Users\AB\.ivy2\cache\joda-time\joda-time\jars\joda-time-2.3.jar;C:\Users\AB\.ivy2\cache\org.joda\joda-convert\jars\joda-convert-1.6.jar;C:\Users\AB\.ivy2\cache\com.fasterxml.jackson.core\jackson-annotations\bundles\jackson-annotations-2.3.2.jar;C:\Users\AB\.ivy2\cache\com.fasterxml.jackson.core\jackson-core\bundles\jackson-core-2.3.2.jar;C:\Users\AB\.ivy2\cache\com.fasterxml.jackson.core\jackson-databind\bundles\jackson-databind-2.3.2.jar;C:\Users\AB\.ivy2\cache\org.scala-lang\scala-reflect\jars\scala-reflect-2.11.1.jar;C:\Users\AB\.ivy2\cache\org.scala-lang.modules\scala-parser-combinators_2.11\bundles\scala-parser-combinators_2.11-1.0.1.jar;C:\Users\AB\.ivy2\cache\io.netty\netty\bundles\netty-3.9.9.Final.jar;C:\Users\AB\.ivy2\cache\com.typesafe.netty\netty-http-pipelining\jars\netty-http-pipelining-1.1.2.jar;C:\Users\AB\.ivy2\cache\org.slf4j\slf4j-api\jars\slf4j-api-1.7.6.jar;C:\Users\AB\.ivy2\cache\org.slf4j\jul-to-slf4j\jars\jul-to-slf4j-1.7.6.jar;C:\Users\AB\.ivy2\cache\org.slf4j\jcl-over-slf4j\jars\jcl-over-slf4j-1.7.6.jar;C:\Users\AB\.ivy2\cache\ch.qos.logback\logback-core\jars\logback-core-1.1.1.jar;C:\Users\AB\.ivy2\cache\ch.qos.logback\logback-classic\jars\logback-classic-1.1.1.jar;C:\Users\AB\.ivy2\cache\com.typesafe.akka\akka-actor_2.11\jars\akka-actor_2.11-2.3.4.jar;C:\Users\AB\.ivy2\cache\com.typesafe.akka\akka-slf4j_2.11\jars\akka-slf4j_2.11-2.3.4.jar;C:\Users\AB\.ivy2\cache\commons-codec\commons-codec\jars\commons-codec-1.9.jar;C:\Users\AB\.ivy2\cache\xerces\xercesImpl\jars\xercesImpl-2.11.0.jar;C:\Users\AB\.ivy2\cache\xml-apis\xml-apis\jars\xml-apis-1.4.01.jar;C:\Users\AB\.ivy2\cache\javax.transaction\jta\jars\jta-1.1.jar;C:\Users\AB\.ivy2\cache\com.typesafe.play\play-jdbc_2.11\jars\play-jdbc_2.11-2.3.10.jar;C:\Users\AB\Desktop\activator-dist-1.3.9\repository\com.jolbox\bonecp\0.8.0.RELEASE\bundles\bonecp.jar;C:\Users\AB\Desktop\Projetos\Scala\activator-dist-1.3.9\repository\com.h2database\h2\1.3.175\jars\h2.jar;C:\Users\AB\Desktop\activator-dist-1.3.9\repository\tyrex\tyrex\1.0.1\jars\tyrex.jar;C:\Users\AB\.ivy2\cache\com.typesafe.play\play-cache_2.11\jars\play-cache_2.11-2.3.10.jar;C:\Users\AB\.ivy2\cache\net.sf.ehcache\ehcache-core\jars\ehcache-core-2.6.8.jar;C:\Users\AB\.ivy2\cache\com.typesafe.play\play-ws_2.11\jars\play-ws_2.11-2.3.10.jar;C:\Users\AB\.ivy2\cache\com.google.guava\guava\bundles\guava-16.0.1.jar;C:\Users\AB\.ivy2\cache\com.ning\async-http-client\jars\async-http-client-1.8.15.jar;C:\Users\AB\.ivy2\cache\oauth.signpost\signpost-core\jars\signpost-core-1.2.1.2.jar;C:\Users\AB\.ivy2\cache\oauth.signpost\signpost-commonshttp4\jars\signpost-commonshttp4-1.2.1.2.jar;C:\Users\AB\Desktop\activator-dist-1.3.9\repository\org.apache.httpcomponents\httpcore\4.0.1\jars\httpcore.jar;C:\Users\AB\Desktop\activator-dist-1.3.9\repository\org.apache.httpcomponents\httpclient\4.0.1\jars\httpclient.jar;C:\Users\AB\.ivy2\cache\commons-logging\commons-logging\jars\commons-logging-1.1.1.jar
Scala compilation took 2.020467612 s
New invalidations:
	Set()
Initial set of included nodes: Set()
Previously invalidated, but (transitively) depend on new invalidations:
	Set()
All newly invalidated sources after taking into account (previously) recompiled sources:Set()
Copy resource mappings: 
	(C:\Users\AB\Desktop\Projetos\Scala\activator-dist-1.3.9\bin\chess-template\conf\application.conf,C:\Users\AB\Desktop\Projetos\Scala\activator-dist-1.3.9\bin\chess-template\target\scala-2.11\classes\application.conf)
	(C:\Users\AB\Desktop\Projetos\Scala\activator-dist-1.3.9\bin\chess-template\conf\logback.xml,C:\Users\AB\Desktop\Projetos\Scala\activator-dist-1.3.9\bin\chess-template\target\scala-2.11\classes\logback.xml)
	(C:\Users\AB\Desktop\Projetos\Scala\activator-dist-1.3.9\bin\chess-template\conf\routes,C:\Users\AB\Desktop\Projetos\Scala\activator-dist-1.3.9\bin\chess-template\target\scala-2.11\classes\routes)
Total time: 3 s, completed 08/07/2016 11:05:52
> server-post-command-cleanup
> server-handle-next-server-request
> {file:/C:/Users/AB/Desktop/Projetos/Scala/activator-dist-1.3.9/bin/chess-template/}root/*:playForkReload
Evaluating tasks: *:playForkReload
Running task... Cancel: sbt.server.ServerTaskCancellation@78c1dbb4, check cycles: false

Initial source changes: 
	removed:Set()
	added: Set()
	modified: Set()
Removed products: Set()
External API changes: API Changes: Set()
Modified binary dependencies: Set()
Initial directly invalidated sources: Set()

Sources indirectly invalidated by:
	product: Set()
	binary dep: Set()
	external source: Set()
All initially invalidated sources: Set()

Copy resource mappings: 
	(C:\Users\AB\Desktop\Projetos\Scala\activator-dist-1.3.9\bin\chess-template\conf\application.conf,C:\Users\AB\Desktop\Projetos\Scala\activator-dist-1.3.9\bin\chess-template\target\scala-2.11\classes\application.conf)
	(C:\Users\AB\Desktop\Projetos\Scala\activator-dist-1.3.9\bin\chess-template\conf\logback.xml,C:\Users\AB\Desktop\Projetos\Scala\activator-dist-1.3.9\bin\chess-template\target\scala-2.11\classes\logback.xml)
	(C:\Users\AB\Desktop\Projetos\Scala\activator-dist-1.3.9\bin\chess-template\conf\routes,C:\Users\AB\Desktop\Projetos\Scala\activator-dist-1.3.9\bin\chess-template\target\scala-2.11\classes\routes)
Total time: 1 s, completed 08/07/2016 11:06:18
> server-post-command-cleanup
> server-handle-next-server-request
> compile
Evaluating tasks: compile:compile
Running task... Cancel: sbt.server.ServerTaskCancellation@2bd36864, check cycles: false

Initial source changes: 
	removed:Set()
	added: Set()
	modified: Set(C:\Users\AB\Desktop\Projetos\Scala\activator-dist-1.3.9\bin\chess-template\app\actors\UserActor.scala)
Removed products: Set()
External API changes: API Changes: Set()
Modified binary dependencies: Set()
Initial directly invalidated sources: Set(C:\Users\AB\Desktop\Projetos\Scala\activator-dist-1.3.9\bin\chess-template\app\actors\UserActor.scala)

Sources indirectly invalidated by:
	product: Set()
	binary dep: Set()
	external source: Set()
All initially invalidated sources: Set(C:\Users\AB\Desktop\Projetos\Scala\activator-dist-1.3.9\bin\chess-template\app\actors\UserActor.scala)

Read from stdout: Compiling 1 Scala source to C:\Users\AB\Desktop\Projetos\Scala\activator-dist-1.3.9\bin\chess-template\target\scala-2.11\classes...
Compiling 1 Scala source to C:\Users\AB\Desktop\Projetos\Scala\activator-dist-1.3.9\bin\chess-template\target\scala-2.11\classes...
Getting compiler-interface from component compiler for Scala 2.11.7
Other repositories:
Default repositories:
Getting compiler-interface from component compiler for Scala 2.11.7
Other repositories:
Default repositories:
Running cached compiler 2b268ec5, interfacing (CompilerInterface) with Scala compiler version 2.11.7
Calling Scala compiler with arguments  (CompilerInterface):
	-deprecation
	-unchecked
	-encoding
	utf8
	-bootclasspath
	C:\Program Files\Java\jdk1.8.0_73\jre\lib\resources.jar;C:\Program Files\Java\jdk1.8.0_73\jre\lib\rt.jar;C:\Program Files\Java\jdk1.8.0_73\jre\lib\sunrsasign.jar;C:\Program Files\Java\jdk1.8.0_73\jre\lib\jsse.jar;C:\Program Files\Java\jdk1.8.0_73\jre\lib\jce.jar;C:\Program Files\Java\jdk1.8.0_73\jre\lib\charsets.jar;C:\Program Files\Java\jdk1.8.0_73\jre\lib\jfr.jar;C:\Program Files\Java\jdk1.8.0_73\jre\classes;C:\Users\AB\.ivy2\cache\org.scala-lang\scala-library\jars\scala-library-2.11.7.jar
	-classpath
	C:\Users\AB\Desktop\Projetos\Scala\activator-dist-1.3.9\bin\chess-template\target\scala-2.11\classes;C:\Users\AB\.ivy2\cache\com.typesafe.play\twirl-api_2.11\jars\twirl-api_2.11-1.0.2.jar;C:\Users\AB\.ivy2\cache\org.apache.commons\commons-lang3\jars\commons-lang3-3.1.jar;C:\Users\AB\.ivy2\cache\org.scala-lang.modules\scala-xml_2.11\bundles\scala-xml_2.11-1.0.1.jar;C:\Users\AB\.ivy2\cache\com.typesafe.play\play_2.11\jars\play_2.11-2.3.10.jar;C:\Users\AB\.ivy2\cache\com.typesafe.play\build-link\jars\build-link-2.3.10.jar;C:\Users\AB\.ivy2\cache\com.typesafe.play\play-exceptions\jars\play-exceptions-2.3.10.jar;C:\Users\AB\.ivy2\cache\org.javassist\javassist\bundles\javassist-3.18.2-GA.jar;C:\Users\AB\.ivy2\cache\com.typesafe.play\play-iteratees_2.11\jars\play-iteratees_2.11-2.3.10.jar;C:\Users\AB\.ivy2\cache\org.scala-stm\scala-stm_2.11\jars\scala-stm_2.11-0.7.jar;C:\Users\AB\.ivy2\cache\com.typesafe\config\bundles\config-1.2.1.jar;C:\Users\AB\.ivy2\cache\com.typesafe.play\play-json_2.11\jars\play-json_2.11-2.3.10.jar;C:\Users\AB\.ivy2\cache\com.typesafe.play\play-functional_2.11\jars\play-functional_2.11-2.3.10.jar;C:\Users\AB\.ivy2\cache\com.typesafe.play\play-datacommons_2.11\jars\play-datacommons_2.11-2.3.10.jar;C:\Users\AB\.ivy2\cache\joda-time\joda-time\jars\joda-time-2.3.jar;C:\Users\AB\.ivy2\cache\org.joda\joda-convert\jars\joda-convert-1.6.jar;C:\Users\AB\.ivy2\cache\com.fasterxml.jackson.core\jackson-annotations\bundles\jackson-annotations-2.3.2.jar;C:\Users\AB\.ivy2\cache\com.fasterxml.jackson.core\jackson-core\bundles\jackson-core-2.3.2.jar;C:\Users\AB\.ivy2\cache\com.fasterxml.jackson.core\jackson-databind\bundles\jackson-databind-2.3.2.jar;C:\Users\AB\.ivy2\cache\org.scala-lang\scala-reflect\jars\scala-reflect-2.11.1.jar;C:\Users\AB\.ivy2\cache\org.scala-lang.modules\scala-parser-combinators_2.11\bundles\scala-parser-combinators_2.11-1.0.1.jar;C:\Users\AB\.ivy2\cache\io.netty\netty\bundles\netty-3.9.9.Final.jar;C:\Users\AB\.ivy2\cache\com.typesafe.netty\netty-http-pipelining\jars\netty-http-pipelining-1.1.2.jar;C:\Users\AB\.ivy2\cache\org.slf4j\slf4j-api\jars\slf4j-api-1.7.6.jar;C:\Users\AB\.ivy2\cache\org.slf4j\jul-to-slf4j\jars\jul-to-slf4j-1.7.6.jar;C:\Users\AB\.ivy2\cache\org.slf4j\jcl-over-slf4j\jars\jcl-over-slf4j-1.7.6.jar;C:\Users\AB\.ivy2\cache\ch.qos.logback\logback-core\jars\logback-core-1.1.1.jar;C:\Users\AB\.ivy2\cache\ch.qos.logback\logback-classic\jars\logback-classic-1.1.1.jar;C:\Users\AB\.ivy2\cache\com.typesafe.akka\akka-actor_2.11\jars\akka-actor_2.11-2.3.4.jar;C:\Users\AB\.ivy2\cache\com.typesafe.akka\akka-slf4j_2.11\jars\akka-slf4j_2.11-2.3.4.jar;C:\Users\AB\.ivy2\cache\commons-codec\commons-codec\jars\commons-codec-1.9.jar;C:\Users\AB\.ivy2\cache\xerces\xercesImpl\jars\xercesImpl-2.11.0.jar;C:\Users\AB\.ivy2\cache\xml-apis\xml-apis\jars\xml-apis-1.4.01.jar;C:\Users\AB\.ivy2\cache\javax.transaction\jta\jars\jta-1.1.jar;C:\Users\AB\.ivy2\cache\com.typesafe.play\play-jdbc_2.11\jars\play-jdbc_2.11-2.3.10.jar;C:\Users\AB\Desktop\activator-dist-1.3.9\repository\com.jolbox\bonecp\0.8.0.RELEASE\bundles\bonecp.jar;C:\Users\AB\Desktop\Projetos\Scala\activator-dist-1.3.9\repository\com.h2database\h2\1.3.175\jars\h2.jar;C:\Users\AB\Desktop\activator-dist-1.3.9\repository\tyrex\tyrex\1.0.1\jars\tyrex.jar;C:\Users\AB\.ivy2\cache\com.typesafe.play\play-cache_2.11\jars\play-cache_2.11-2.3.10.jar;C:\Users\AB\.ivy2\cache\net.sf.ehcache\ehcache-core\jars\ehcache-core-2.6.8.jar;C:\Users\AB\.ivy2\cache\com.typesafe.play\play-ws_2.11\jars\play-ws_2.11-2.3.10.jar;C:\Users\AB\.ivy2\cache\com.google.guava\guava\bundles\guava-16.0.1.jar;C:\Users\AB\.ivy2\cache\com.ning\async-http-client\jars\async-http-client-1.8.15.jar;C:\Users\AB\.ivy2\cache\oauth.signpost\signpost-core\jars\signpost-core-1.2.1.2.jar;C:\Users\AB\.ivy2\cache\oauth.signpost\signpost-commonshttp4\jars\signpost-commonshttp4-1.2.1.2.jar;C:\Users\AB\Desktop\activator-dist-1.3.9\repository\org.apache.httpcomponents\httpcore\4.0.1\jars\httpcore.jar;C:\Users\AB\Desktop\activator-dist-1.3.9\repository\org.apache.httpcomponents\httpclient\4.0.1\jars\httpclient.jar;C:\Users\AB\.ivy2\cache\commons-logging\commons-logging\jars\commons-logging-1.1.1.jar
Scala compilation took 2.619834235 s
New invalidations:
	Set()
Initial set of included nodes: Set()
Previously invalidated, but (transitively) depend on new invalidations:
	Set()
All newly invalidated sources after taking into account (previously) recompiled sources:Set()
Total time: 4 s, completed 08/07/2016 11:20:47
> server-post-command-cleanup
> server-handle-next-server-request
> compile
Evaluating tasks: compile:compile
Running task... Cancel: sbt.server.ServerTaskCancellation@6014bcf1, check cycles: false

Initial source changes: 
	removed:Set()
	added: Set()
	modified: Set(C:\Users\AB\Desktop\Projetos\Scala\activator-dist-1.3.9\bin\chess-template\app\actors\UserActor.scala)
Removed products: Set()
External API changes: API Changes: Set()
Modified binary dependencies: Set()
Initial directly invalidated sources: Set(C:\Users\AB\Desktop\Projetos\Scala\activator-dist-1.3.9\bin\chess-template\app\actors\UserActor.scala)

Sources indirectly invalidated by:
	product: Set()
	binary dep: Set()
	external source: Set()
All initially invalidated sources: Set(C:\Users\AB\Desktop\Projetos\Scala\activator-dist-1.3.9\bin\chess-template\app\actors\UserActor.scala)

Read from stdout: Compiling 1 Scala source to C:\Users\AB\Desktop\Projetos\Scala\activator-dist-1.3.9\bin\chess-template\target\scala-2.11\classes...
Compiling 1 Scala source to C:\Users\AB\Desktop\Projetos\Scala\activator-dist-1.3.9\bin\chess-template\target\scala-2.11\classes...
Getting compiler-interface from component compiler for Scala 2.11.7
Other repositories:
Default repositories:
Getting compiler-interface from component compiler for Scala 2.11.7
Other repositories:
Default repositories:
Running cached compiler 32a5a571, interfacing (CompilerInterface) with Scala compiler version 2.11.7
Calling Scala compiler with arguments  (CompilerInterface):
	-deprecation
	-unchecked
	-encoding
	utf8
	-bootclasspath
	C:\Program Files\Java\jdk1.8.0_73\jre\lib\resources.jar;C:\Program Files\Java\jdk1.8.0_73\jre\lib\rt.jar;C:\Program Files\Java\jdk1.8.0_73\jre\lib\sunrsasign.jar;C:\Program Files\Java\jdk1.8.0_73\jre\lib\jsse.jar;C:\Program Files\Java\jdk1.8.0_73\jre\lib\jce.jar;C:\Program Files\Java\jdk1.8.0_73\jre\lib\charsets.jar;C:\Program Files\Java\jdk1.8.0_73\jre\lib\jfr.jar;C:\Program Files\Java\jdk1.8.0_73\jre\classes;C:\Users\AB\.ivy2\cache\org.scala-lang\scala-library\jars\scala-library-2.11.7.jar
	-classpath
	C:\Users\AB\Desktop\Projetos\Scala\activator-dist-1.3.9\bin\chess-template\target\scala-2.11\classes;C:\Users\AB\.ivy2\cache\com.typesafe.play\twirl-api_2.11\jars\twirl-api_2.11-1.0.2.jar;C:\Users\AB\.ivy2\cache\org.apache.commons\commons-lang3\jars\commons-lang3-3.1.jar;C:\Users\AB\.ivy2\cache\org.scala-lang.modules\scala-xml_2.11\bundles\scala-xml_2.11-1.0.1.jar;C:\Users\AB\.ivy2\cache\com.typesafe.play\play_2.11\jars\play_2.11-2.3.10.jar;C:\Users\AB\.ivy2\cache\com.typesafe.play\build-link\jars\build-link-2.3.10.jar;C:\Users\AB\.ivy2\cache\com.typesafe.play\play-exceptions\jars\play-exceptions-2.3.10.jar;C:\Users\AB\.ivy2\cache\org.javassist\javassist\bundles\javassist-3.18.2-GA.jar;C:\Users\AB\.ivy2\cache\com.typesafe.play\play-iteratees_2.11\jars\play-iteratees_2.11-2.3.10.jar;C:\Users\AB\.ivy2\cache\org.scala-stm\scala-stm_2.11\jars\scala-stm_2.11-0.7.jar;C:\Users\AB\.ivy2\cache\com.typesafe\config\bundles\config-1.2.1.jar;C:\Users\AB\.ivy2\cache\com.typesafe.play\play-json_2.11\jars\play-json_2.11-2.3.10.jar;C:\Users\AB\.ivy2\cache\com.typesafe.play\play-functional_2.11\jars\play-functional_2.11-2.3.10.jar;C:\Users\AB\.ivy2\cache\com.typesafe.play\play-datacommons_2.11\jars\play-datacommons_2.11-2.3.10.jar;C:\Users\AB\.ivy2\cache\joda-time\joda-time\jars\joda-time-2.3.jar;C:\Users\AB\.ivy2\cache\org.joda\joda-convert\jars\joda-convert-1.6.jar;C:\Users\AB\.ivy2\cache\com.fasterxml.jackson.core\jackson-annotations\bundles\jackson-annotations-2.3.2.jar;C:\Users\AB\.ivy2\cache\com.fasterxml.jackson.core\jackson-core\bundles\jackson-core-2.3.2.jar;C:\Users\AB\.ivy2\cache\com.fasterxml.jackson.core\jackson-databind\bundles\jackson-databind-2.3.2.jar;C:\Users\AB\.ivy2\cache\org.scala-lang\scala-reflect\jars\scala-reflect-2.11.1.jar;C:\Users\AB\.ivy2\cache\org.scala-lang.modules\scala-parser-combinators_2.11\bundles\scala-parser-combinators_2.11-1.0.1.jar;C:\Users\AB\.ivy2\cache\io.netty\netty\bundles\netty-3.9.9.Final.jar;C:\Users\AB\.ivy2\cache\com.typesafe.netty\netty-http-pipelining\jars\netty-http-pipelining-1.1.2.jar;C:\Users\AB\.ivy2\cache\org.slf4j\slf4j-api\jars\slf4j-api-1.7.6.jar;C:\Users\AB\.ivy2\cache\org.slf4j\jul-to-slf4j\jars\jul-to-slf4j-1.7.6.jar;C:\Users\AB\.ivy2\cache\org.slf4j\jcl-over-slf4j\jars\jcl-over-slf4j-1.7.6.jar;C:\Users\AB\.ivy2\cache\ch.qos.logback\logback-core\jars\logback-core-1.1.1.jar;C:\Users\AB\.ivy2\cache\ch.qos.logback\logback-classic\jars\logback-classic-1.1.1.jar;C:\Users\AB\.ivy2\cache\com.typesafe.akka\akka-actor_2.11\jars\akka-actor_2.11-2.3.4.jar;C:\Users\AB\.ivy2\cache\com.typesafe.akka\akka-slf4j_2.11\jars\akka-slf4j_2.11-2.3.4.jar;C:\Users\AB\.ivy2\cache\commons-codec\commons-codec\jars\commons-codec-1.9.jar;C:\Users\AB\.ivy2\cache\xerces\xercesImpl\jars\xercesImpl-2.11.0.jar;C:\Users\AB\.ivy2\cache\xml-apis\xml-apis\jars\xml-apis-1.4.01.jar;C:\Users\AB\.ivy2\cache\javax.transaction\jta\jars\jta-1.1.jar;C:\Users\AB\.ivy2\cache\com.typesafe.play\play-jdbc_2.11\jars\play-jdbc_2.11-2.3.10.jar;C:\Users\AB\Desktop\activator-dist-1.3.9\repository\com.jolbox\bonecp\0.8.0.RELEASE\bundles\bonecp.jar;C:\Users\AB\Desktop\Projetos\Scala\activator-dist-1.3.9\repository\com.h2database\h2\1.3.175\jars\h2.jar;C:\Users\AB\Desktop\activator-dist-1.3.9\repository\tyrex\tyrex\1.0.1\jars\tyrex.jar;C:\Users\AB\.ivy2\cache\com.typesafe.play\play-cache_2.11\jars\play-cache_2.11-2.3.10.jar;C:\Users\AB\.ivy2\cache\net.sf.ehcache\ehcache-core\jars\ehcache-core-2.6.8.jar;C:\Users\AB\.ivy2\cache\com.typesafe.play\play-ws_2.11\jars\play-ws_2.11-2.3.10.jar;C:\Users\AB\.ivy2\cache\com.google.guava\guava\bundles\guava-16.0.1.jar;C:\Users\AB\.ivy2\cache\com.ning\async-http-client\jars\async-http-client-1.8.15.jar;C:\Users\AB\.ivy2\cache\oauth.signpost\signpost-core\jars\signpost-core-1.2.1.2.jar;C:\Users\AB\.ivy2\cache\oauth.signpost\signpost-commonshttp4\jars\signpost-commonshttp4-1.2.1.2.jar;C:\Users\AB\Desktop\activator-dist-1.3.9\repository\org.apache.httpcomponents\httpcore\4.0.1\jars\httpcore.jar;C:\Users\AB\Desktop\activator-dist-1.3.9\repository\org.apache.httpcomponents\httpclient\4.0.1\jars\httpclient.jar;C:\Users\AB\.ivy2\cache\commons-logging\commons-logging\jars\commons-logging-1.1.1.jar
Scala compilation took 2.021241372 s
New invalidations:
	Set()
Initial set of included nodes: Set()
Previously invalidated, but (transitively) depend on new invalidations:
	Set()
All newly invalidated sources after taking into account (previously) recompiled sources:Set()
Total time: 3 s, completed 08/07/2016 11:20:58
> server-post-command-cleanup
> server-handle-next-server-request
> compile
Evaluating tasks: compile:compile
Running task... Cancel: sbt.server.ServerTaskCancellation@5ff48be4, check cycles: false

Initial source changes: 
	removed:Set()
	added: Set()
	modified: Set(C:\Users\AB\Desktop\Projetos\Scala\activator-dist-1.3.9\bin\chess-template\app\actors\UserActor.scala)
Removed products: Set()
External API changes: API Changes: Set()
Modified binary dependencies: Set()
Initial directly invalidated sources: Set(C:\Users\AB\Desktop\Projetos\Scala\activator-dist-1.3.9\bin\chess-template\app\actors\UserActor.scala)

Sources indirectly invalidated by:
	product: Set()
	binary dep: Set()
	external source: Set()
All initially invalidated sources: Set(C:\Users\AB\Desktop\Projetos\Scala\activator-dist-1.3.9\bin\chess-template\app\actors\UserActor.scala)

Read from stdout: Compiling 1 Scala source to C:\Users\AB\Desktop\Projetos\Scala\activator-dist-1.3.9\bin\chess-template\target\scala-2.11\classes...
Compiling 1 Scala source to C:\Users\AB\Desktop\Projetos\Scala\activator-dist-1.3.9\bin\chess-template\target\scala-2.11\classes...
Getting compiler-interface from component compiler for Scala 2.11.7
Other repositories:
Default repositories:
Getting compiler-interface from component compiler for Scala 2.11.7
Other repositories:
Default repositories:
Running cached compiler 518cbe4, interfacing (CompilerInterface) with Scala compiler version 2.11.7
Calling Scala compiler with arguments  (CompilerInterface):
	-deprecation
	-unchecked
	-encoding
	utf8
	-bootclasspath
	C:\Program Files\Java\jdk1.8.0_73\jre\lib\resources.jar;C:\Program Files\Java\jdk1.8.0_73\jre\lib\rt.jar;C:\Program Files\Java\jdk1.8.0_73\jre\lib\sunrsasign.jar;C:\Program Files\Java\jdk1.8.0_73\jre\lib\jsse.jar;C:\Program Files\Java\jdk1.8.0_73\jre\lib\jce.jar;C:\Program Files\Java\jdk1.8.0_73\jre\lib\charsets.jar;C:\Program Files\Java\jdk1.8.0_73\jre\lib\jfr.jar;C:\Program Files\Java\jdk1.8.0_73\jre\classes;C:\Users\AB\.ivy2\cache\org.scala-lang\scala-library\jars\scala-library-2.11.7.jar
	-classpath
	C:\Users\AB\Desktop\Projetos\Scala\activator-dist-1.3.9\bin\chess-template\target\scala-2.11\classes;C:\Users\AB\.ivy2\cache\com.typesafe.play\twirl-api_2.11\jars\twirl-api_2.11-1.0.2.jar;C:\Users\AB\.ivy2\cache\org.apache.commons\commons-lang3\jars\commons-lang3-3.1.jar;C:\Users\AB\.ivy2\cache\org.scala-lang.modules\scala-xml_2.11\bundles\scala-xml_2.11-1.0.1.jar;C:\Users\AB\.ivy2\cache\com.typesafe.play\play_2.11\jars\play_2.11-2.3.10.jar;C:\Users\AB\.ivy2\cache\com.typesafe.play\build-link\jars\build-link-2.3.10.jar;C:\Users\AB\.ivy2\cache\com.typesafe.play\play-exceptions\jars\play-exceptions-2.3.10.jar;C:\Users\AB\.ivy2\cache\org.javassist\javassist\bundles\javassist-3.18.2-GA.jar;C:\Users\AB\.ivy2\cache\com.typesafe.play\play-iteratees_2.11\jars\play-iteratees_2.11-2.3.10.jar;C:\Users\AB\.ivy2\cache\org.scala-stm\scala-stm_2.11\jars\scala-stm_2.11-0.7.jar;C:\Users\AB\.ivy2\cache\com.typesafe\config\bundles\config-1.2.1.jar;C:\Users\AB\.ivy2\cache\com.typesafe.play\play-json_2.11\jars\play-json_2.11-2.3.10.jar;C:\Users\AB\.ivy2\cache\com.typesafe.play\play-functional_2.11\jars\play-functional_2.11-2.3.10.jar;C:\Users\AB\.ivy2\cache\com.typesafe.play\play-datacommons_2.11\jars\play-datacommons_2.11-2.3.10.jar;C:\Users\AB\.ivy2\cache\joda-time\joda-time\jars\joda-time-2.3.jar;C:\Users\AB\.ivy2\cache\org.joda\joda-convert\jars\joda-convert-1.6.jar;C:\Users\AB\.ivy2\cache\com.fasterxml.jackson.core\jackson-annotations\bundles\jackson-annotations-2.3.2.jar;C:\Users\AB\.ivy2\cache\com.fasterxml.jackson.core\jackson-core\bundles\jackson-core-2.3.2.jar;C:\Users\AB\.ivy2\cache\com.fasterxml.jackson.core\jackson-databind\bundles\jackson-databind-2.3.2.jar;C:\Users\AB\.ivy2\cache\org.scala-lang\scala-reflect\jars\scala-reflect-2.11.1.jar;C:\Users\AB\.ivy2\cache\org.scala-lang.modules\scala-parser-combinators_2.11\bundles\scala-parser-combinators_2.11-1.0.1.jar;C:\Users\AB\.ivy2\cache\io.netty\netty\bundles\netty-3.9.9.Final.jar;C:\Users\AB\.ivy2\cache\com.typesafe.netty\netty-http-pipelining\jars\netty-http-pipelining-1.1.2.jar;C:\Users\AB\.ivy2\cache\org.slf4j\slf4j-api\jars\slf4j-api-1.7.6.jar;C:\Users\AB\.ivy2\cache\org.slf4j\jul-to-slf4j\jars\jul-to-slf4j-1.7.6.jar;C:\Users\AB\.ivy2\cache\org.slf4j\jcl-over-slf4j\jars\jcl-over-slf4j-1.7.6.jar;C:\Users\AB\.ivy2\cache\ch.qos.logback\logback-core\jars\logback-core-1.1.1.jar;C:\Users\AB\.ivy2\cache\ch.qos.logback\logback-classic\jars\logback-classic-1.1.1.jar;C:\Users\AB\.ivy2\cache\com.typesafe.akka\akka-actor_2.11\jars\akka-actor_2.11-2.3.4.jar;C:\Users\AB\.ivy2\cache\com.typesafe.akka\akka-slf4j_2.11\jars\akka-slf4j_2.11-2.3.4.jar;C:\Users\AB\.ivy2\cache\commons-codec\commons-codec\jars\commons-codec-1.9.jar;C:\Users\AB\.ivy2\cache\xerces\xercesImpl\jars\xercesImpl-2.11.0.jar;C:\Users\AB\.ivy2\cache\xml-apis\xml-apis\jars\xml-apis-1.4.01.jar;C:\Users\AB\.ivy2\cache\javax.transaction\jta\jars\jta-1.1.jar;C:\Users\AB\.ivy2\cache\com.typesafe.play\play-jdbc_2.11\jars\play-jdbc_2.11-2.3.10.jar;C:\Users\AB\Desktop\activator-dist-1.3.9\repository\com.jolbox\bonecp\0.8.0.RELEASE\bundles\bonecp.jar;C:\Users\AB\Desktop\Projetos\Scala\activator-dist-1.3.9\repository\com.h2database\h2\1.3.175\jars\h2.jar;C:\Users\AB\Desktop\activator-dist-1.3.9\repository\tyrex\tyrex\1.0.1\jars\tyrex.jar;C:\Users\AB\.ivy2\cache\com.typesafe.play\play-cache_2.11\jars\play-cache_2.11-2.3.10.jar;C:\Users\AB\.ivy2\cache\net.sf.ehcache\ehcache-core\jars\ehcache-core-2.6.8.jar;C:\Users\AB\.ivy2\cache\com.typesafe.play\play-ws_2.11\jars\play-ws_2.11-2.3.10.jar;C:\Users\AB\.ivy2\cache\com.google.guava\guava\bundles\guava-16.0.1.jar;C:\Users\AB\.ivy2\cache\com.ning\async-http-client\jars\async-http-client-1.8.15.jar;C:\Users\AB\.ivy2\cache\oauth.signpost\signpost-core\jars\signpost-core-1.2.1.2.jar;C:\Users\AB\.ivy2\cache\oauth.signpost\signpost-commonshttp4\jars\signpost-commonshttp4-1.2.1.2.jar;C:\Users\AB\Desktop\activator-dist-1.3.9\repository\org.apache.httpcomponents\httpcore\4.0.1\jars\httpcore.jar;C:\Users\AB\Desktop\activator-dist-1.3.9\repository\org.apache.httpcomponents\httpclient\4.0.1\jars\httpclient.jar;C:\Users\AB\.ivy2\cache\commons-logging\commons-logging\jars\commons-logging-1.1.1.jar
Scala compilation took 1.98540788 s
New invalidations:
	Set()
Initial set of included nodes: Set()
Previously invalidated, but (transitively) depend on new invalidations:
	Set()
All newly invalidated sources after taking into account (previously) recompiled sources:Set()
Total time: 3 s, completed 08/07/2016 11:21:10
> server-post-command-cleanup
> server-handle-next-server-request
> {file:/C:/Users/AB/Desktop/Projetos/Scala/activator-dist-1.3.9/bin/chess-template/}root/*:playForkReload
Evaluating tasks: *:playForkReload
Running task... Cancel: sbt.server.ServerTaskCancellation@56a2560a, check cycles: false

Initial source changes: 
	removed:Set()
	added: Set()
	modified: Set()
Removed products: Set()
External API changes: API Changes: Set()
Modified binary dependencies: Set()
Initial directly invalidated sources: Set()

Sources indirectly invalidated by:
	product: Set()
	binary dep: Set()
	external source: Set()
All initially invalidated sources: Set()

Copy resource mappings: 
	(C:\Users\AB\Desktop\Projetos\Scala\activator-dist-1.3.9\bin\chess-template\conf\application.conf,C:\Users\AB\Desktop\Projetos\Scala\activator-dist-1.3.9\bin\chess-template\target\scala-2.11\classes\application.conf)
	(C:\Users\AB\Desktop\Projetos\Scala\activator-dist-1.3.9\bin\chess-template\conf\logback.xml,C:\Users\AB\Desktop\Projetos\Scala\activator-dist-1.3.9\bin\chess-template\target\scala-2.11\classes\logback.xml)
	(C:\Users\AB\Desktop\Projetos\Scala\activator-dist-1.3.9\bin\chess-template\conf\routes,C:\Users\AB\Desktop\Projetos\Scala\activator-dist-1.3.9\bin\chess-template\target\scala-2.11\classes\routes)
Total time: 1 s, completed 08/07/2016 11:23:33
> server-post-command-cleanup
> server-handle-next-server-request
